2025-08-20 07:57:39,598 [INFO] Activator:176 - 


2025-08-20 07:57:39,608 [INFO] Activator:177 - !SESSION log4j initialized
2025-08-20 07:57:58,144 [INFO] LogOutputStream:77 - [STDOUT_REDIRECT] 
2025-08-20 07:58:01,494 [ERROR] ConfigurationRetriever:142 - IOException on connection: Read timed out
2025-08-20 07:58:03,546 [INFO] ApplicationProperties:184 - Using Application install path: C:\ST\STM32CubeIDE_1.18.0\STM32CubeIDE\plugins\com.st.stm32cube.common.mx_6.14.0.202502271554
2025-08-20 07:58:03,580 [INFO] DbMcusXml:78 - Set database path to: C:\ST\STM32CubeIDE_1.18.0\STM32CubeIDE\plugins\com.st.stm32cube.common.mx_6.14.0.202502271554\\db\/mcu/
2025-08-20 07:58:03,580 [INFO] ApiDb:274 - Set plugin database path to: C:\ST\STM32CubeIDE_1.18.0\STM32CubeIDE\plugins\com.st.stm32cube.common.mx_6.14.0.202502271554\\db\/plugins/boardmanager/
2025-08-20 07:58:03,580 [WARN] ApiDb:259 - Overriding images path with different value:  => C:\ST\STM32CubeIDE_1.18.0\STM32CubeIDE\plugins\com.st.stm32cube.common.mx_6.14.0.202502271554\\db\/plugins/mcufinder/images/
2025-08-20 07:58:03,598 [INFO] ApiDb:250 - Set database path to: C:\Users\user\.stmcufinder\plugins\mcufinder//mcu/
2025-08-20 07:58:03,600 [INFO] DbMcusAds:125 - Set database path to: C:\Users\user\.stmcufinder\plugins\mcufinder//mcu/
2025-08-20 07:58:03,604 [INFO] CrossReferenceDbSqlite:203 - Set database path to: C:\Users\user\.stmcufinder\plugins\mcufinder//mcu/cs/
2025-08-20 07:58:03,853 [INFO] RulesReader:64 - Compatibility file has been processed (301 Rules)
2025-08-20 07:58:04,050 [INFO] DbMcusXml:78 - Set database path to: C:\ST\STM32CubeIDE_1.18.0\STM32CubeIDE\plugins\com.st.stm32cube.common.mx_6.14.0.202502271554\\db\/mcu/
2025-08-20 07:58:04,050 [INFO] ApiDb:274 - Set plugin database path to: C:\ST\STM32CubeIDE_1.18.0\STM32CubeIDE\plugins\com.st.stm32cube.common.mx_6.14.0.202502271554\\db\/plugins/boardmanager/
2025-08-20 07:58:04,050 [INFO] ApiDb:261 - Set plugin images path to: C:\ST\STM32CubeIDE_1.18.0\STM32CubeIDE\plugins\com.st.stm32cube.common.mx_6.14.0.202502271554\\db\/plugins/mcufinder/images/
2025-08-20 07:58:04,051 [WARN] DbFile:41 - Overriding database path with different value: C:\Users\user\.stmcufinder\plugins\mcufinder/ => C:\Users\user\.stmcufinder\plugins\mcufinder
2025-08-20 07:58:04,051 [INFO] ApiDb:250 - Set database path to: C:\Users\user\.stmcufinder\plugins\mcufinder//mcu/
2025-08-20 07:58:04,051 [WARN] DbFile:41 - Overriding database path with different value: C:\Users\user\.stmcufinder\plugins\mcufinder/ => C:\Users\user\.stmcufinder\plugins\mcufinder
2025-08-20 07:58:04,051 [INFO] DbMcusAds:125 - Set database path to: C:\Users\user\.stmcufinder\plugins\mcufinder//mcu/
2025-08-20 07:58:04,051 [WARN] DbFile:41 - Overriding database path with different value: C:\Users\user\.stmcufinder\plugins\mcufinder/ => C:\Users\user\.stmcufinder\plugins\mcufinder
2025-08-20 07:58:04,051 [WARN] DbFile:41 - Overriding database path with different value: C:\Users\user\.stmcufinder\plugins\mcufinder/ => C:\Users\user\.stmcufinder\plugins\mcufinder
2025-08-20 07:58:04,052 [INFO] CrossReferenceDbSqlite:203 - Set database path to: C:\Users\user\.stmcufinder\plugins\mcufinder//mcu/cs/
2025-08-20 07:58:04,229 [INFO] MainPanel:272 - HeapMemory: 268435456
2025-08-20 07:58:04,501 [INFO] DbMcusXml:78 - Set database path to: C:\ST\STM32CubeIDE_1.18.0\STM32CubeIDE\plugins\com.st.stm32cube.common.mx_6.14.0.202502271554\\db\/mcu/
2025-08-20 07:58:04,501 [INFO] ApiDb:274 - Set plugin database path to: C:\ST\STM32CubeIDE_1.18.0\STM32CubeIDE\plugins\com.st.stm32cube.common.mx_6.14.0.202502271554\\db\/plugins/boardmanager/
2025-08-20 07:58:04,501 [INFO] ApiDb:261 - Set plugin images path to: C:\ST\STM32CubeIDE_1.18.0\STM32CubeIDE\plugins\com.st.stm32cube.common.mx_6.14.0.202502271554\\db\/plugins/mcufinder/images/
2025-08-20 07:58:04,502 [WARN] DbFile:41 - Overriding database path with different value: C:\Users\user\.stmcufinder\plugins\mcufinder/ => C:\Users\user\.stmcufinder\plugins\mcufinder
2025-08-20 07:58:04,502 [INFO] ApiDb:250 - Set database path to: C:\Users\user\.stmcufinder\plugins\mcufinder//mcu/
2025-08-20 07:58:04,502 [WARN] DbFile:41 - Overriding database path with different value: C:\Users\user\.stmcufinder\plugins\mcufinder/ => C:\Users\user\.stmcufinder\plugins\mcufinder
2025-08-20 07:58:04,502 [INFO] DbMcusAds:125 - Set database path to: C:\Users\user\.stmcufinder\plugins\mcufinder//mcu/
2025-08-20 07:58:04,502 [WARN] DbFile:41 - Overriding database path with different value: C:\Users\user\.stmcufinder\plugins\mcufinder/ => C:\Users\user\.stmcufinder\plugins\mcufinder
2025-08-20 07:58:04,502 [WARN] DbFile:41 - Overriding database path with different value: C:\Users\user\.stmcufinder\plugins\mcufinder/ => C:\Users\user\.stmcufinder\plugins\mcufinder
2025-08-20 07:58:04,502 [INFO] CrossReferenceDbSqlite:203 - Set database path to: C:\Users\user\.stmcufinder\plugins\mcufinder//mcu/cs/
2025-08-20 07:58:04,545 [INFO] ApplicationProperties:184 - Using Application install path: C:\ST\STM32CubeIDE_1.18.0\STM32CubeIDE\plugins\com.st.stm32cube.common.mx_6.14.0.202502271554
2025-08-20 07:58:04,548 [INFO] PluginManage:196 - Search for loadable plugins [exclusion list=, ]
2025-08-20 07:58:04,550 [INFO] PluginManage:310 - Check plugin analytics
2025-08-20 07:58:05,046 [INFO] AnalyticsPlugin:253 - Accepted Software Licenses: 
2025-08-20 07:58:05,046 [INFO] AnalyticsPlugin:255 - Accepted CMSIS Pack Licenses: 
2025-08-20 07:58:05,047 [INFO] AnalyticsPlugin:257 - Accepted Firmware Licenses: FW.F4.1.28.0
2025-08-20 07:58:05,052 [INFO] PluginManage:359 - Loaded plugin analytics (category:tool,tabindex:-1)
2025-08-20 07:58:05,052 [INFO] PluginManage:310 - Check plugin cadmodel
2025-08-20 07:58:05,092 [INFO] CADModel:105 - Init CAD model plugin
2025-08-20 07:58:05,093 [INFO] PluginManage:359 - Loaded plugin cadmodel (category:power,tabindex:5)
2025-08-20 07:58:05,095 [INFO] PluginManage:310 - Check plugin clock
2025-08-20 07:58:05,135 [INFO] PluginManage:359 - Loaded plugin clock (category:base,tabindex:2)
2025-08-20 07:58:05,136 [INFO] PluginManage:310 - Check plugin ddr
2025-08-20 07:58:05,144 [INFO] PluginManage:359 - Loaded plugin ddr (category:tool,tabindex:6)
2025-08-20 07:58:05,144 [INFO] PluginManage:310 - Check plugin filemanager
2025-08-20 07:58:05,451 [INFO] PluginManage:359 - Loaded plugin filemanager (category:base,tabindex:10)
2025-08-20 07:58:05,451 [INFO] PluginManage:310 - Check plugin ipmanager
2025-08-20 07:58:05,470 [INFO] PluginManage:359 - Loaded plugin ipmanager (category:base,tabindex:5)
2025-08-20 07:58:05,470 [INFO] PluginManage:310 - Check plugin lpbam
2025-08-20 07:58:05,492 [INFO] PluginManage:359 - Loaded plugin lpbam (category:base,tabindex:0)
2025-08-20 07:58:05,492 [INFO] PluginManage:310 - Check plugin memorymap
2025-08-20 07:58:05,525 [INFO] PluginManage:359 - Loaded plugin memorymap (category:base,tabindex:4)
2025-08-20 07:58:05,525 [INFO] PluginManage:310 - Check plugin pinoutandconfiguration
2025-08-20 07:58:05,545 [INFO] PluginManage:359 - Loaded plugin pinoutandconfiguration (category:base,tabindex:1)
2025-08-20 07:58:05,546 [INFO] PluginManage:310 - Check plugin pinoutconfig
2025-08-20 07:58:05,792 [WARN] SupportedApi:132 - Cannot load RTOS API schema: s4s-elt-must-match.1: The content of 'definitions' must match (annotation?, (simpleType | complexType)?, (unique | key | keyref)*)). A problem was found starting at: attribute.
2025-08-20 07:58:06,113 [INFO] PluginManage:359 - Loaded plugin pinoutconfig (category:base,tabindex:0)
2025-08-20 07:58:06,114 [INFO] PluginManage:310 - Check plugin power
2025-08-20 07:58:06,149 [INFO] PluginManage:359 - Loaded plugin power (category:power,tabindex:4)
2025-08-20 07:58:06,149 [INFO] PluginManage:310 - Check plugin projectmanager
2025-08-20 07:58:06,209 [INFO] PluginManage:359 - Loaded plugin projectmanager (category:projectmanager,tabindex:4)
2025-08-20 07:58:06,210 [INFO] PluginManage:310 - Check plugin rif
2025-08-20 07:58:06,227 [INFO] PluginManage:359 - Loaded plugin rif (category:base,tabindex:3)
2025-08-20 07:58:06,228 [INFO] PluginManage:310 - Check plugin thirdparty
2025-08-20 07:58:06,657 [INFO] PluginManage:359 - Loaded plugin thirdparty (category:base,tabindex:-1)
2025-08-20 07:58:06,658 [INFO] PluginManage:310 - Check plugin tools
2025-08-20 07:58:06,667 [INFO] PluginManage:359 - Loaded plugin tools (category:base,tabindex:7)
2025-08-20 07:58:06,669 [INFO] PluginManage:310 - Check plugin tutovideos
2025-08-20 07:58:06,675 [WARN] IntegrityCheckThread:84 - waiting for thirdparty lock release [integrity check]
2025-08-20 07:58:06,676 [INFO] IntegrityCheckThread:86 - entering critical section [integrity check]
2025-08-20 07:58:06,677 [INFO] ThirdPartyUpdaterWithRetryManager:70 - Updater plugin not ready yet. [1/15]
2025-08-20 07:58:07,171 [INFO] PluginManage:359 - Loaded plugin tutovideos (category:base,tabindex:-1)
2025-08-20 07:58:07,171 [INFO] PluginManage:310 - Check plugin updater
2025-08-20 07:58:07,273 [INFO] PluginManage:359 - Loaded plugin updater (category:base,tabindex:12)
2025-08-20 07:58:07,274 [INFO] PluginManage:310 - Check plugin userauth
2025-08-20 07:58:07,284 [INFO] UserAuth:118 - Init User Auth plugin
2025-08-20 07:58:07,286 [INFO] PluginManage:359 - Loaded plugin userauth (category:base,tabindex:14)
2025-08-20 07:58:07,291 [INFO] PluginManage:283 - PluginManage : Loaded plugins [18]
2025-08-20 07:58:07,866 [INFO] PinOutPanel:1589 - setPackage(No Configuration,No Configuration)
2025-08-20 07:58:08,096 [INFO] CADModel:165 - CPN selected for project level
2025-08-20 07:58:08,096 [INFO] CADModel:114 - Register for checkConnection events
2025-08-20 07:58:08,151 [INFO] IPUIPlugin:80 - create IPUIPlugin
2025-08-20 07:58:08,151 [INFO] PluginManager:220 - loadIPPluginJar : add adc
2025-08-20 07:58:08,167 [INFO] IPUIPlugin:80 - create IPUIPlugin
2025-08-20 07:58:08,167 [INFO] PluginManager:220 - loadIPPluginJar : add aes
2025-08-20 07:58:08,185 [INFO] IPUIPlugin:80 - create IPUIPlugin
2025-08-20 07:58:08,186 [INFO] PluginManager:220 - loadIPPluginJar : add can
2025-08-20 07:58:08,199 [INFO] IPUIPlugin:80 - create IPUIPlugin
2025-08-20 07:58:08,199 [INFO] PluginManager:220 - loadIPPluginJar : add comp
2025-08-20 07:58:08,208 [INFO] IPUIPlugin:80 - create IPUIPlugin
2025-08-20 07:58:08,208 [INFO] PluginManager:220 - loadIPPluginJar : add cryp
2025-08-20 07:58:08,217 [INFO] IPUIPlugin:80 - create IPUIPlugin
2025-08-20 07:58:08,217 [INFO] PluginManager:220 - loadIPPluginJar : add ddr_ctrl_phy
2025-08-20 07:58:08,225 [INFO] IPUIPlugin:80 - create IPUIPlugin
2025-08-20 07:58:08,225 [INFO] PluginManager:220 - loadIPPluginJar : add dfsdm
2025-08-20 07:58:08,238 [INFO] IPUIPlugin:80 - create IPUIPlugin
2025-08-20 07:58:08,240 [INFO] PluginManager:220 - loadIPPluginJar : add dma
2025-08-20 07:58:08,245 [INFO] IPUIPlugin:80 - create IPUIPlugin
2025-08-20 07:58:08,245 [INFO] PluginManager:220 - loadIPPluginJar : add dma3
2025-08-20 07:58:08,250 [INFO] IPUIPlugin:80 - create IPUIPlugin
2025-08-20 07:58:08,250 [INFO] PluginManager:220 - loadIPPluginJar : add extmemmanager
2025-08-20 07:58:08,253 [INFO] IPUIPlugin:80 - create IPUIPlugin
2025-08-20 07:58:08,259 [INFO] PluginManager:220 - loadIPPluginJar : add fatfs
2025-08-20 07:58:08,272 [INFO] IPUIPlugin:80 - create IPUIPlugin
2025-08-20 07:58:08,272 [INFO] PluginManager:220 - loadIPPluginJar : add fmc
2025-08-20 07:58:08,285 [INFO] IPUIPlugin:80 - create IPUIPlugin
2025-08-20 07:58:08,285 [INFO] PluginManager:220 - loadIPPluginJar : add freertos
2025-08-20 07:58:08,292 [INFO] IPUIPlugin:80 - create IPUIPlugin
2025-08-20 07:58:08,292 [INFO] PluginManager:220 - loadIPPluginJar : add genericplugin
2025-08-20 07:58:08,297 [INFO] IPUIPlugin:80 - create IPUIPlugin
2025-08-20 07:58:08,297 [INFO] PluginManager:220 - loadIPPluginJar : add gfxmmu
2025-08-20 07:58:08,325 [INFO] IPUIPlugin:80 - create IPUIPlugin
2025-08-20 07:58:08,328 [INFO] PluginManager:220 - loadIPPluginJar : add gic
2025-08-20 07:58:08,340 [INFO] IPUIPlugin:80 - create IPUIPlugin
2025-08-20 07:58:08,341 [INFO] PluginManager:220 - loadIPPluginJar : add gpio
2025-08-20 07:58:08,348 [INFO] IPUIPlugin:80 - create IPUIPlugin
2025-08-20 07:58:08,348 [INFO] PluginManager:220 - loadIPPluginJar : add gtzc
2025-08-20 07:58:08,355 [INFO] IPUIPlugin:80 - create IPUIPlugin
2025-08-20 07:58:08,357 [INFO] PluginManager:220 - loadIPPluginJar : add hash
2025-08-20 07:58:08,366 [INFO] IPUIPlugin:80 - create IPUIPlugin
2025-08-20 07:58:08,367 [INFO] PluginManager:220 - loadIPPluginJar : add i2c
2025-08-20 07:58:08,375 [INFO] IPUIPlugin:80 - create IPUIPlugin
2025-08-20 07:58:08,375 [INFO] PluginManager:220 - loadIPPluginJar : add i2s
2025-08-20 07:58:08,381 [INFO] IPUIPlugin:80 - create IPUIPlugin
2025-08-20 07:58:08,381 [INFO] PluginManager:220 - loadIPPluginJar : add i3c
2025-08-20 07:58:08,391 [INFO] IPUIPlugin:80 - create IPUIPlugin
2025-08-20 07:58:08,391 [INFO] PluginManager:220 - loadIPPluginJar : add ipddr
2025-08-20 07:58:08,414 [INFO] IPUIPlugin:80 - create IPUIPlugin
2025-08-20 07:58:08,414 [INFO] PluginManager:220 - loadIPPluginJar : add linkedlist
2025-08-20 07:58:08,418 [INFO] IPUIPlugin:80 - create IPUIPlugin
2025-08-20 07:58:08,419 [INFO] PluginManager:220 - loadIPPluginJar : add lorawan
2025-08-20 07:58:08,426 [INFO] IPUIPlugin:80 - create IPUIPlugin
2025-08-20 07:58:08,426 [INFO] PluginManager:220 - loadIPPluginJar : add ltdc
2025-08-20 07:58:08,435 [INFO] IPUIPlugin:80 - create IPUIPlugin
2025-08-20 07:58:08,436 [INFO] PluginManager:220 - loadIPPluginJar : add mdma
2025-08-20 07:58:08,459 [INFO] IPUIPlugin:80 - create IPUIPlugin
2025-08-20 07:58:08,460 [INFO] PluginManager:220 - loadIPPluginJar : add nvic
2025-08-20 07:58:08,467 [INFO] IPUIPlugin:80 - create IPUIPlugin
2025-08-20 07:58:08,468 [INFO] PluginManager:220 - loadIPPluginJar : add opamp
2025-08-20 07:58:08,478 [INFO] IPUIPlugin:80 - create IPUIPlugin
2025-08-20 07:58:08,479 [INFO] PluginManager:220 - loadIPPluginJar : add openamp
2025-08-20 07:58:08,484 [INFO] IPUIPlugin:80 - create IPUIPlugin
2025-08-20 07:58:08,484 [INFO] PluginManager:220 - loadIPPluginJar : add pdm2pcm
2025-08-20 07:58:08,498 [INFO] IPUIPlugin:80 - create IPUIPlugin
2025-08-20 07:58:08,508 [INFO] PluginManager:220 - loadIPPluginJar : add plateformsettings
2025-08-20 07:58:08,511 [INFO] IPUIPlugin:80 - create IPUIPlugin
2025-08-20 07:58:08,512 [INFO] PluginManager:220 - loadIPPluginJar : add quadspi
2025-08-20 07:58:08,515 [INFO] IPUIPlugin:80 - create IPUIPlugin
2025-08-20 07:58:08,516 [INFO] PluginManager:220 - loadIPPluginJar : add radio
2025-08-20 07:58:08,534 [INFO] IPUIPlugin:80 - create IPUIPlugin
2025-08-20 07:58:08,534 [INFO] PluginManager:220 - loadIPPluginJar : add resmgrutility
2025-08-20 07:58:08,548 [INFO] IPUIPlugin:80 - create IPUIPlugin
2025-08-20 07:58:08,549 [INFO] PluginManager:220 - loadIPPluginJar : add sai
2025-08-20 07:58:08,561 [INFO] IPUIPlugin:80 - create IPUIPlugin
2025-08-20 07:58:08,561 [INFO] PluginManager:220 - loadIPPluginJar : add spi
2025-08-20 07:58:08,574 [INFO] IPUIPlugin:80 - create IPUIPlugin
2025-08-20 07:58:08,576 [INFO] PluginManager:220 - loadIPPluginJar : add stm32_wpan
2025-08-20 07:58:08,580 [INFO] IPUIPlugin:80 - create IPUIPlugin
2025-08-20 07:58:08,580 [INFO] PluginManager:220 - loadIPPluginJar : add tim
2025-08-20 07:58:08,593 [INFO] IPUIPlugin:80 - create IPUIPlugin
2025-08-20 07:58:08,594 [INFO] PluginManager:220 - loadIPPluginJar : add touchsensing
2025-08-20 07:58:08,602 [INFO] IPUIPlugin:80 - create IPUIPlugin
2025-08-20 07:58:08,602 [INFO] PluginManager:220 - loadIPPluginJar : add tracer_emb
2025-08-20 07:58:08,611 [INFO] IPUIPlugin:80 - create IPUIPlugin
2025-08-20 07:58:08,611 [INFO] PluginManager:220 - loadIPPluginJar : add ts
2025-08-20 07:58:08,613 [INFO] IPUIPlugin:80 - create IPUIPlugin
2025-08-20 07:58:08,613 [INFO] PluginManager:220 - loadIPPluginJar : add tsc
2025-08-20 07:58:08,616 [INFO] IPUIPlugin:80 - create IPUIPlugin
2025-08-20 07:58:08,617 [INFO] PluginManager:220 - loadIPPluginJar : add ucpd
2025-08-20 07:58:08,623 [INFO] IPUIPlugin:80 - create IPUIPlugin
2025-08-20 07:58:08,623 [INFO] PluginManager:220 - loadIPPluginJar : add usart
2025-08-20 07:58:08,630 [INFO] IPUIPlugin:80 - create IPUIPlugin
2025-08-20 07:58:08,630 [INFO] PluginManager:220 - loadIPPluginJar : add usbx
2025-08-20 07:58:08,825 [FATAL] Updater:351 - Updater called before beeing initialized
2025-08-20 07:58:08,968 [INFO] RulesReader:64 - Compatibility file has been processed (301 Rules)
2025-08-20 07:58:09,017 [INFO] RulesReader:64 - Compatibility file has been processed (301 Rules)
2025-08-20 07:58:09,041 [INFO] CADModel:165 - CPN selected for project level
2025-08-20 07:58:09,042 [INFO] CADModel:114 - Register for checkConnection events
2025-08-20 07:58:09,042 [FATAL] Updater:351 - Updater called before beeing initialized
2025-08-20 07:58:09,042 [ERROR] CADModel:125 - Updater not yet initialized, retry later 
2025-08-20 07:58:09,435 [FATAL] Updater:351 - Updater called before beeing initialized
2025-08-20 07:58:09,443 [INFO] CADModel:165 - CPN selected for project level
2025-08-20 07:58:09,443 [INFO] CADModel:114 - Register for checkConnection events
2025-08-20 07:58:09,443 [FATAL] Updater:351 - Updater called before beeing initialized
2025-08-20 07:58:09,443 [ERROR] CADModel:125 - Updater not yet initialized, retry later 
2025-08-20 07:58:09,448 [FATAL] Updater:351 - Updater called before beeing initialized
2025-08-20 07:58:09,705 [INFO] ThirdPartyUpdaterWithRetryManager:70 - Updater plugin not ready yet. [2/15]
2025-08-20 07:58:09,971 [FATAL] Updater:351 - Updater called before beeing initialized
2025-08-20 07:58:09,979 [INFO] DbMcusAds:53 - JSON generation date=Tue Jul 08 13:44:23 IST 2025 (1751962463582)
2025-08-20 07:58:09,979 [FATAL] Updater:351 - Updater called before beeing initialized
2025-08-20 07:58:10,061 [WARN] DetailPanel:346 - Failed to get advertising image, set to default
2025-08-20 07:58:10,506 [FATAL] Updater:351 - Updater called before beeing initialized
2025-08-20 07:58:10,510 [FATAL] Updater:351 - Updater called before beeing initialized
2025-08-20 07:58:10,510 [FATAL] Updater:351 - Updater called before beeing initialized
2025-08-20 07:58:10,511 [WARN] DetailPanel:346 - Failed to get advertising image, set to default
2025-08-20 07:58:10,512 [FATAL] Updater:351 - Updater called before beeing initialized
2025-08-20 07:58:10,631 [ERROR] Updater:1198 - MainUpdater not yet initialized. External WinMGr cannot be set.
2025-08-20 07:58:10,633 [INFO] Updater:1134 - Updater Version found : 6.14.0
2025-08-20 07:58:10,678 [INFO] ApplicationProperties:184 - Using Application install path: C:\ST\STM32CubeIDE_1.18.0\STM32CubeIDE\plugins\com.st.stm32cube.common.mx_6.14.0.202502271554
2025-08-20 07:58:12,290 [ERROR] LogOutputStream:75 - [STDERR_REDIRECT] Aug 20, 2025 7:58:12 AM java.util.prefs.WindowsPreferences <init>
2025-08-20 07:58:12,292 [ERROR] LogOutputStream:75 - [STDERR_REDIRECT] WARNING: Could not open/create prefs root node Software\JavaSoft\Prefs at root 0xffffffff80000002. Windows RegCreateKeyEx(...) returned error code 5.
2025-08-20 07:58:12,292 [ERROR] LogOutputStream:75 - [STDERR_REDIRECT] 
2025-08-20 07:58:12,724 [FATAL] Updater:351 - Updater called before beeing initialized
2025-08-20 07:58:12,728 [ERROR] IntegrityCheckThread:130 - Cannot retrieve database content from updater: error 21
2025-08-20 07:58:12,729 [INFO] ThirdParty:978 - Integrity check success = false
2025-08-20 07:58:12,729 [INFO] IntegrityCheckThread:100 - exiting critical section [integrity check]
2025-08-20 07:58:12,729 [INFO] IntegrityCheckThread:103 - End integrity checks thread
2025-08-20 07:58:13,232 [INFO] MainUpdater:2872 - connection check result : 10
2025-08-20 07:58:13,233 [INFO] MainUpdater:289 - Updater Check For Update Now.
2025-08-20 07:58:13,234 [INFO] MicroXplorer:498 - Change Database Version : DB.6.0.140
2025-08-20 07:58:13,248 [INFO] McuFinderGlobals:63 - Set McuFinder mode to 2 (CubeIDE integrated)
2025-08-20 07:58:13,249 [INFO] UserAuth:486 - Internet connection configuration mode: 1
2025-08-20 07:58:13,330 [INFO] JxBrowserEngine:152 - Initiate JxBrowser Engine with user profile folder
2025-08-20 07:58:13,877 [INFO] CheckServerUpdateThread:120 - End of CheckServer Thread
2025-08-20 07:58:16,180 [INFO] WebApp:169 - Instantiating new browser for Auth
2025-08-20 07:58:18,114 [INFO] WebApp:463 - Apply proxy settings
2025-08-20 07:58:18,115 [INFO] WebApp:548 - Chromium requires no authentication
2025-08-20 07:58:18,146 [INFO] WebApp:491 - Direct internet connection detected
2025-08-20 07:58:18,248 [INFO] WebApp:894 - Register for checkConnection events
2025-08-20 07:58:18,248 [INFO] WebApp:463 - Apply proxy settings
2025-08-20 07:58:18,313 [INFO] WebApp:548 - Chromium requires no authentication
2025-08-20 07:58:18,314 [INFO] WebApp:491 - Direct internet connection detected
2025-08-20 07:58:18,862 [INFO] WebApp:225 - Starting web application
2025-08-20 07:58:18,863 [INFO] WebApp:593 - Web application path used C:\ST\STM32CubeIDE_1.18.0\STM32CubeIDE\plugins\com.st.stm32cube.common.mx_6.14.0.202502271554\db\plugins\mcufinder\reactClient1\index.html
2025-08-20 07:58:19,078 [INFO] UserAuth:486 - Internet connection configuration mode: 1
2025-08-20 07:58:20,185 [INFO] WebApp:191 - Connection restablished
2025-08-20 08:56:06,157 [ERROR] LogOutputStream:75 - [STDERR_REDIRECT] 
2025-08-20 08:56:06,166 [ERROR] LogOutputStream:75 - [STDERR_REDIRECT] 
2025-08-20 10:05:25,713 [INFO] Activator:176 - 


2025-08-20 10:05:25,718 [INFO] Activator:177 - !SESSION log4j initialized
2025-08-20 10:05:47,054 [INFO] LogOutputStream:77 - [STDOUT_REDIRECT] 
2025-08-20 10:05:54,479 [INFO] ApplicationProperties:184 - Using Application install path: C:\ST\STM32CubeIDE_1.18.0\STM32CubeIDE\plugins\com.st.stm32cube.common.mx_6.14.0.202502271554
2025-08-20 10:05:54,517 [INFO] DbMcusXml:78 - Set database path to: C:\ST\STM32CubeIDE_1.18.0\STM32CubeIDE\plugins\com.st.stm32cube.common.mx_6.14.0.202502271554\\db\/mcu/
2025-08-20 10:05:54,518 [INFO] ApiDb:274 - Set plugin database path to: C:\ST\STM32CubeIDE_1.18.0\STM32CubeIDE\plugins\com.st.stm32cube.common.mx_6.14.0.202502271554\\db\/plugins/boardmanager/
2025-08-20 10:05:54,518 [WARN] ApiDb:259 - Overriding images path with different value:  => C:\ST\STM32CubeIDE_1.18.0\STM32CubeIDE\plugins\com.st.stm32cube.common.mx_6.14.0.202502271554\\db\/plugins/mcufinder/images/
2025-08-20 10:05:54,537 [INFO] ApiDb:250 - Set database path to: C:\Users\user\.stmcufinder\plugins\mcufinder//mcu/
2025-08-20 10:05:54,539 [INFO] DbMcusAds:125 - Set database path to: C:\Users\user\.stmcufinder\plugins\mcufinder//mcu/
2025-08-20 10:05:54,546 [INFO] CrossReferenceDbSqlite:203 - Set database path to: C:\Users\user\.stmcufinder\plugins\mcufinder//mcu/cs/
2025-08-20 10:05:54,868 [INFO] RulesReader:64 - Compatibility file has been processed (301 Rules)
2025-08-20 10:05:55,187 [INFO] DbMcusXml:78 - Set database path to: C:\ST\STM32CubeIDE_1.18.0\STM32CubeIDE\plugins\com.st.stm32cube.common.mx_6.14.0.202502271554\\db\/mcu/
2025-08-20 10:05:55,188 [INFO] ApiDb:274 - Set plugin database path to: C:\ST\STM32CubeIDE_1.18.0\STM32CubeIDE\plugins\com.st.stm32cube.common.mx_6.14.0.202502271554\\db\/plugins/boardmanager/
2025-08-20 10:05:55,189 [INFO] ApiDb:261 - Set plugin images path to: C:\ST\STM32CubeIDE_1.18.0\STM32CubeIDE\plugins\com.st.stm32cube.common.mx_6.14.0.202502271554\\db\/plugins/mcufinder/images/
2025-08-20 10:05:55,190 [WARN] DbFile:41 - Overriding database path with different value: C:\Users\user\.stmcufinder\plugins\mcufinder/ => C:\Users\user\.stmcufinder\plugins\mcufinder
2025-08-20 10:05:55,191 [INFO] ApiDb:250 - Set database path to: C:\Users\user\.stmcufinder\plugins\mcufinder//mcu/
2025-08-20 10:05:55,191 [WARN] DbFile:41 - Overriding database path with different value: C:\Users\user\.stmcufinder\plugins\mcufinder/ => C:\Users\user\.stmcufinder\plugins\mcufinder
2025-08-20 10:05:55,191 [INFO] DbMcusAds:125 - Set database path to: C:\Users\user\.stmcufinder\plugins\mcufinder//mcu/
2025-08-20 10:05:55,192 [WARN] DbFile:41 - Overriding database path with different value: C:\Users\user\.stmcufinder\plugins\mcufinder/ => C:\Users\user\.stmcufinder\plugins\mcufinder
2025-08-20 10:05:55,193 [WARN] DbFile:41 - Overriding database path with different value: C:\Users\user\.stmcufinder\plugins\mcufinder/ => C:\Users\user\.stmcufinder\plugins\mcufinder
2025-08-20 10:05:55,193 [INFO] CrossReferenceDbSqlite:203 - Set database path to: C:\Users\user\.stmcufinder\plugins\mcufinder//mcu/cs/
2025-08-20 10:05:55,470 [INFO] MainPanel:272 - HeapMemory: 268435456
2025-08-20 10:05:55,811 [INFO] DbMcusXml:78 - Set database path to: C:\ST\STM32CubeIDE_1.18.0\STM32CubeIDE\plugins\com.st.stm32cube.common.mx_6.14.0.202502271554\\db\/mcu/
2025-08-20 10:05:55,811 [INFO] ApiDb:274 - Set plugin database path to: C:\ST\STM32CubeIDE_1.18.0\STM32CubeIDE\plugins\com.st.stm32cube.common.mx_6.14.0.202502271554\\db\/plugins/boardmanager/
2025-08-20 10:05:55,812 [INFO] ApiDb:261 - Set plugin images path to: C:\ST\STM32CubeIDE_1.18.0\STM32CubeIDE\plugins\com.st.stm32cube.common.mx_6.14.0.202502271554\\db\/plugins/mcufinder/images/
2025-08-20 10:05:55,813 [WARN] DbFile:41 - Overriding database path with different value: C:\Users\user\.stmcufinder\plugins\mcufinder/ => C:\Users\user\.stmcufinder\plugins\mcufinder
2025-08-20 10:05:55,813 [INFO] ApiDb:250 - Set database path to: C:\Users\user\.stmcufinder\plugins\mcufinder//mcu/
2025-08-20 10:05:55,813 [WARN] DbFile:41 - Overriding database path with different value: C:\Users\user\.stmcufinder\plugins\mcufinder/ => C:\Users\user\.stmcufinder\plugins\mcufinder
2025-08-20 10:05:55,813 [INFO] DbMcusAds:125 - Set database path to: C:\Users\user\.stmcufinder\plugins\mcufinder//mcu/
2025-08-20 10:05:55,814 [WARN] DbFile:41 - Overriding database path with different value: C:\Users\user\.stmcufinder\plugins\mcufinder/ => C:\Users\user\.stmcufinder\plugins\mcufinder
2025-08-20 10:05:55,814 [WARN] DbFile:41 - Overriding database path with different value: C:\Users\user\.stmcufinder\plugins\mcufinder/ => C:\Users\user\.stmcufinder\plugins\mcufinder
2025-08-20 10:05:55,814 [INFO] CrossReferenceDbSqlite:203 - Set database path to: C:\Users\user\.stmcufinder\plugins\mcufinder//mcu/cs/
2025-08-20 10:05:55,875 [INFO] ApplicationProperties:184 - Using Application install path: C:\ST\STM32CubeIDE_1.18.0\STM32CubeIDE\plugins\com.st.stm32cube.common.mx_6.14.0.202502271554
2025-08-20 10:05:55,880 [INFO] PluginManage:196 - Search for loadable plugins [exclusion list=, ]
2025-08-20 10:05:55,884 [INFO] PluginManage:310 - Check plugin analytics
2025-08-20 10:05:56,287 [INFO] AnalyticsPlugin:253 - Accepted Software Licenses: 
2025-08-20 10:05:56,288 [INFO] AnalyticsPlugin:255 - Accepted CMSIS Pack Licenses: 
2025-08-20 10:05:56,289 [INFO] AnalyticsPlugin:257 - Accepted Firmware Licenses: FW.F4.1.28.0
2025-08-20 10:05:56,296 [INFO] PluginManage:359 - Loaded plugin analytics (category:tool,tabindex:-1)
2025-08-20 10:05:56,297 [INFO] PluginManage:310 - Check plugin cadmodel
2025-08-20 10:05:56,311 [INFO] CADModel:105 - Init CAD model plugin
2025-08-20 10:05:56,311 [INFO] PluginManage:359 - Loaded plugin cadmodel (category:power,tabindex:5)
2025-08-20 10:05:56,311 [INFO] PluginManage:310 - Check plugin clock
2025-08-20 10:05:56,337 [INFO] PluginManage:359 - Loaded plugin clock (category:base,tabindex:2)
2025-08-20 10:05:56,337 [INFO] PluginManage:310 - Check plugin ddr
2025-08-20 10:05:56,344 [INFO] PluginManage:359 - Loaded plugin ddr (category:tool,tabindex:6)
2025-08-20 10:05:56,344 [INFO] PluginManage:310 - Check plugin filemanager
2025-08-20 10:05:56,721 [INFO] PluginManage:359 - Loaded plugin filemanager (category:base,tabindex:10)
2025-08-20 10:05:56,722 [INFO] PluginManage:310 - Check plugin ipmanager
2025-08-20 10:05:56,736 [INFO] PluginManage:359 - Loaded plugin ipmanager (category:base,tabindex:5)
2025-08-20 10:05:56,736 [INFO] PluginManage:310 - Check plugin lpbam
2025-08-20 10:05:56,757 [INFO] PluginManage:359 - Loaded plugin lpbam (category:base,tabindex:0)
2025-08-20 10:05:56,758 [INFO] PluginManage:310 - Check plugin memorymap
2025-08-20 10:05:56,793 [INFO] PluginManage:359 - Loaded plugin memorymap (category:base,tabindex:4)
2025-08-20 10:05:56,793 [INFO] PluginManage:310 - Check plugin pinoutandconfiguration
2025-08-20 10:05:56,811 [INFO] PluginManage:359 - Loaded plugin pinoutandconfiguration (category:base,tabindex:1)
2025-08-20 10:05:56,811 [INFO] PluginManage:310 - Check plugin pinoutconfig
2025-08-20 10:05:57,048 [WARN] SupportedApi:132 - Cannot load RTOS API schema: s4s-elt-must-match.1: The content of 'definitions' must match (annotation?, (simpleType | complexType)?, (unique | key | keyref)*)). A problem was found starting at: attribute.
2025-08-20 10:05:57,348 [INFO] PluginManage:359 - Loaded plugin pinoutconfig (category:base,tabindex:0)
2025-08-20 10:05:57,349 [INFO] PluginManage:310 - Check plugin power
2025-08-20 10:05:57,372 [INFO] PluginManage:359 - Loaded plugin power (category:power,tabindex:4)
2025-08-20 10:05:57,374 [INFO] PluginManage:310 - Check plugin projectmanager
2025-08-20 10:05:57,433 [INFO] PluginManage:359 - Loaded plugin projectmanager (category:projectmanager,tabindex:4)
2025-08-20 10:05:57,434 [INFO] PluginManage:310 - Check plugin rif
2025-08-20 10:05:57,449 [INFO] PluginManage:359 - Loaded plugin rif (category:base,tabindex:3)
2025-08-20 10:05:57,450 [INFO] PluginManage:310 - Check plugin thirdparty
2025-08-20 10:05:57,830 [INFO] PluginManage:359 - Loaded plugin thirdparty (category:base,tabindex:-1)
2025-08-20 10:05:57,830 [INFO] PluginManage:310 - Check plugin tools
2025-08-20 10:05:57,836 [INFO] PluginManage:359 - Loaded plugin tools (category:base,tabindex:7)
2025-08-20 10:05:57,836 [INFO] PluginManage:310 - Check plugin tutovideos
2025-08-20 10:05:57,837 [WARN] IntegrityCheckThread:84 - waiting for thirdparty lock release [integrity check]
2025-08-20 10:05:57,843 [INFO] IntegrityCheckThread:86 - entering critical section [integrity check]
2025-08-20 10:05:57,844 [INFO] ThirdPartyUpdaterWithRetryManager:70 - Updater plugin not ready yet. [1/15]
2025-08-20 10:05:58,187 [INFO] PluginManage:359 - Loaded plugin tutovideos (category:base,tabindex:-1)
2025-08-20 10:05:58,187 [INFO] PluginManage:310 - Check plugin updater
2025-08-20 10:05:58,239 [INFO] PluginManage:359 - Loaded plugin updater (category:base,tabindex:12)
2025-08-20 10:05:58,239 [INFO] PluginManage:310 - Check plugin userauth
2025-08-20 10:05:58,249 [INFO] UserAuth:118 - Init User Auth plugin
2025-08-20 10:05:58,250 [INFO] PluginManage:359 - Loaded plugin userauth (category:base,tabindex:14)
2025-08-20 10:05:58,251 [INFO] PluginManage:283 - PluginManage : Loaded plugins [18]
2025-08-20 10:05:58,675 [INFO] PinOutPanel:1589 - setPackage(No Configuration,No Configuration)
2025-08-20 10:05:58,918 [INFO] CADModel:165 - CPN selected for project level
2025-08-20 10:05:58,919 [INFO] CADModel:114 - Register for checkConnection events
2025-08-20 10:05:59,099 [INFO] IPUIPlugin:80 - create IPUIPlugin
2025-08-20 10:05:59,100 [INFO] PluginManager:220 - loadIPPluginJar : add adc
2025-08-20 10:05:59,113 [INFO] IPUIPlugin:80 - create IPUIPlugin
2025-08-20 10:05:59,113 [INFO] PluginManager:220 - loadIPPluginJar : add aes
2025-08-20 10:05:59,118 [INFO] IPUIPlugin:80 - create IPUIPlugin
2025-08-20 10:05:59,119 [INFO] PluginManager:220 - loadIPPluginJar : add can
2025-08-20 10:05:59,127 [INFO] IPUIPlugin:80 - create IPUIPlugin
2025-08-20 10:05:59,127 [INFO] PluginManager:220 - loadIPPluginJar : add comp
2025-08-20 10:05:59,218 [INFO] IPUIPlugin:80 - create IPUIPlugin
2025-08-20 10:05:59,218 [INFO] PluginManager:220 - loadIPPluginJar : add cryp
2025-08-20 10:05:59,232 [INFO] IPUIPlugin:80 - create IPUIPlugin
2025-08-20 10:05:59,232 [INFO] PluginManager:220 - loadIPPluginJar : add ddr_ctrl_phy
2025-08-20 10:05:59,238 [INFO] IPUIPlugin:80 - create IPUIPlugin
2025-08-20 10:05:59,238 [INFO] PluginManager:220 - loadIPPluginJar : add dfsdm
2025-08-20 10:05:59,250 [INFO] IPUIPlugin:80 - create IPUIPlugin
2025-08-20 10:05:59,251 [INFO] PluginManager:220 - loadIPPluginJar : add dma
2025-08-20 10:05:59,271 [INFO] IPUIPlugin:80 - create IPUIPlugin
2025-08-20 10:05:59,275 [INFO] PluginManager:220 - loadIPPluginJar : add dma3
2025-08-20 10:05:59,282 [INFO] IPUIPlugin:80 - create IPUIPlugin
2025-08-20 10:05:59,282 [INFO] PluginManager:220 - loadIPPluginJar : add extmemmanager
2025-08-20 10:05:59,286 [INFO] IPUIPlugin:80 - create IPUIPlugin
2025-08-20 10:05:59,287 [INFO] PluginManager:220 - loadIPPluginJar : add fatfs
2025-08-20 10:05:59,298 [INFO] IPUIPlugin:80 - create IPUIPlugin
2025-08-20 10:05:59,298 [INFO] PluginManager:220 - loadIPPluginJar : add fmc
2025-08-20 10:05:59,415 [INFO] IPUIPlugin:80 - create IPUIPlugin
2025-08-20 10:05:59,416 [INFO] PluginManager:220 - loadIPPluginJar : add freertos
2025-08-20 10:05:59,419 [INFO] IPUIPlugin:80 - create IPUIPlugin
2025-08-20 10:05:59,420 [INFO] PluginManager:220 - loadIPPluginJar : add genericplugin
2025-08-20 10:05:59,427 [INFO] IPUIPlugin:80 - create IPUIPlugin
2025-08-20 10:05:59,428 [INFO] PluginManager:220 - loadIPPluginJar : add gfxmmu
2025-08-20 10:05:59,440 [INFO] IPUIPlugin:80 - create IPUIPlugin
2025-08-20 10:05:59,440 [INFO] PluginManager:220 - loadIPPluginJar : add gic
2025-08-20 10:05:59,452 [INFO] IPUIPlugin:80 - create IPUIPlugin
2025-08-20 10:05:59,454 [INFO] PluginManager:220 - loadIPPluginJar : add gpio
2025-08-20 10:05:59,466 [INFO] IPUIPlugin:80 - create IPUIPlugin
2025-08-20 10:05:59,466 [INFO] PluginManager:220 - loadIPPluginJar : add gtzc
2025-08-20 10:05:59,474 [INFO] IPUIPlugin:80 - create IPUIPlugin
2025-08-20 10:05:59,475 [INFO] PluginManager:220 - loadIPPluginJar : add hash
2025-08-20 10:05:59,481 [INFO] IPUIPlugin:80 - create IPUIPlugin
2025-08-20 10:05:59,481 [INFO] PluginManager:220 - loadIPPluginJar : add i2c
2025-08-20 10:05:59,487 [INFO] IPUIPlugin:80 - create IPUIPlugin
2025-08-20 10:05:59,489 [INFO] PluginManager:220 - loadIPPluginJar : add i2s
2025-08-20 10:05:59,498 [INFO] IPUIPlugin:80 - create IPUIPlugin
2025-08-20 10:05:59,499 [INFO] PluginManager:220 - loadIPPluginJar : add i3c
2025-08-20 10:05:59,514 [INFO] IPUIPlugin:80 - create IPUIPlugin
2025-08-20 10:05:59,515 [INFO] PluginManager:220 - loadIPPluginJar : add ipddr
2025-08-20 10:05:59,533 [INFO] IPUIPlugin:80 - create IPUIPlugin
2025-08-20 10:05:59,534 [INFO] PluginManager:220 - loadIPPluginJar : add linkedlist
2025-08-20 10:05:59,543 [INFO] IPUIPlugin:80 - create IPUIPlugin
2025-08-20 10:05:59,544 [INFO] PluginManager:220 - loadIPPluginJar : add lorawan
2025-08-20 10:05:59,547 [INFO] IPUIPlugin:80 - create IPUIPlugin
2025-08-20 10:05:59,547 [INFO] PluginManager:220 - loadIPPluginJar : add ltdc
2025-08-20 10:05:59,561 [INFO] IPUIPlugin:80 - create IPUIPlugin
2025-08-20 10:05:59,562 [INFO] PluginManager:220 - loadIPPluginJar : add mdma
2025-08-20 10:05:59,569 [INFO] IPUIPlugin:80 - create IPUIPlugin
2025-08-20 10:05:59,569 [INFO] PluginManager:220 - loadIPPluginJar : add nvic
2025-08-20 10:05:59,580 [INFO] IPUIPlugin:80 - create IPUIPlugin
2025-08-20 10:05:59,580 [INFO] PluginManager:220 - loadIPPluginJar : add opamp
2025-08-20 10:05:59,587 [INFO] IPUIPlugin:80 - create IPUIPlugin
2025-08-20 10:05:59,587 [INFO] PluginManager:220 - loadIPPluginJar : add openamp
2025-08-20 10:05:59,597 [INFO] IPUIPlugin:80 - create IPUIPlugin
2025-08-20 10:05:59,597 [INFO] PluginManager:220 - loadIPPluginJar : add pdm2pcm
2025-08-20 10:05:59,610 [INFO] IPUIPlugin:80 - create IPUIPlugin
2025-08-20 10:05:59,616 [INFO] PluginManager:220 - loadIPPluginJar : add plateformsettings
2025-08-20 10:05:59,620 [INFO] IPUIPlugin:80 - create IPUIPlugin
2025-08-20 10:05:59,621 [INFO] PluginManager:220 - loadIPPluginJar : add quadspi
2025-08-20 10:05:59,628 [INFO] IPUIPlugin:80 - create IPUIPlugin
2025-08-20 10:05:59,630 [INFO] PluginManager:220 - loadIPPluginJar : add radio
2025-08-20 10:05:59,641 [INFO] IPUIPlugin:80 - create IPUIPlugin
2025-08-20 10:05:59,641 [INFO] PluginManager:220 - loadIPPluginJar : add resmgrutility
2025-08-20 10:05:59,648 [INFO] IPUIPlugin:80 - create IPUIPlugin
2025-08-20 10:05:59,648 [INFO] PluginManager:220 - loadIPPluginJar : add sai
2025-08-20 10:05:59,654 [INFO] IPUIPlugin:80 - create IPUIPlugin
2025-08-20 10:05:59,654 [INFO] PluginManager:220 - loadIPPluginJar : add spi
2025-08-20 10:05:59,668 [INFO] IPUIPlugin:80 - create IPUIPlugin
2025-08-20 10:05:59,669 [INFO] PluginManager:220 - loadIPPluginJar : add stm32_wpan
2025-08-20 10:05:59,682 [INFO] IPUIPlugin:80 - create IPUIPlugin
2025-08-20 10:05:59,683 [INFO] PluginManager:220 - loadIPPluginJar : add tim
2025-08-20 10:05:59,695 [INFO] IPUIPlugin:80 - create IPUIPlugin
2025-08-20 10:05:59,695 [INFO] PluginManager:220 - loadIPPluginJar : add touchsensing
2025-08-20 10:05:59,699 [INFO] IPUIPlugin:80 - create IPUIPlugin
2025-08-20 10:05:59,699 [INFO] PluginManager:220 - loadIPPluginJar : add tracer_emb
2025-08-20 10:05:59,702 [INFO] IPUIPlugin:80 - create IPUIPlugin
2025-08-20 10:05:59,702 [INFO] PluginManager:220 - loadIPPluginJar : add ts
2025-08-20 10:05:59,706 [INFO] IPUIPlugin:80 - create IPUIPlugin
2025-08-20 10:05:59,707 [INFO] PluginManager:220 - loadIPPluginJar : add tsc
2025-08-20 10:05:59,712 [INFO] IPUIPlugin:80 - create IPUIPlugin
2025-08-20 10:05:59,713 [INFO] PluginManager:220 - loadIPPluginJar : add ucpd
2025-08-20 10:05:59,719 [INFO] IPUIPlugin:80 - create IPUIPlugin
2025-08-20 10:05:59,719 [INFO] PluginManager:220 - loadIPPluginJar : add usart
2025-08-20 10:05:59,733 [INFO] IPUIPlugin:80 - create IPUIPlugin
2025-08-20 10:05:59,733 [INFO] PluginManager:220 - loadIPPluginJar : add usbx
2025-08-20 10:05:59,997 [FATAL] Updater:351 - Updater called before beeing initialized
2025-08-20 10:06:00,147 [INFO] RulesReader:64 - Compatibility file has been processed (301 Rules)
2025-08-20 10:06:00,202 [INFO] RulesReader:64 - Compatibility file has been processed (301 Rules)
2025-08-20 10:06:00,234 [INFO] CADModel:165 - CPN selected for project level
2025-08-20 10:06:00,234 [INFO] CADModel:114 - Register for checkConnection events
2025-08-20 10:06:00,235 [FATAL] Updater:351 - Updater called before beeing initialized
2025-08-20 10:06:00,235 [ERROR] CADModel:125 - Updater not yet initialized, retry later 
2025-08-20 10:06:00,672 [FATAL] Updater:351 - Updater called before beeing initialized
2025-08-20 10:06:00,679 [INFO] CADModel:165 - CPN selected for project level
2025-08-20 10:06:00,679 [INFO] CADModel:114 - Register for checkConnection events
2025-08-20 10:06:00,680 [FATAL] Updater:351 - Updater called before beeing initialized
2025-08-20 10:06:00,680 [ERROR] CADModel:125 - Updater not yet initialized, retry later 
2025-08-20 10:06:00,686 [FATAL] Updater:351 - Updater called before beeing initialized
2025-08-20 10:06:00,868 [INFO] ThirdPartyUpdaterWithRetryManager:70 - Updater plugin not ready yet. [2/15]
2025-08-20 10:06:01,280 [FATAL] Updater:351 - Updater called before beeing initialized
2025-08-20 10:06:01,289 [INFO] DbMcusAds:53 - JSON generation date=Tue Jul 08 13:44:23 IST 2025 (1751962463582)
2025-08-20 10:06:01,289 [FATAL] Updater:351 - Updater called before beeing initialized
2025-08-20 10:06:01,373 [WARN] DetailPanel:346 - Failed to get advertising image, set to default
2025-08-20 10:06:01,792 [FATAL] Updater:351 - Updater called before beeing initialized
2025-08-20 10:06:01,795 [FATAL] Updater:351 - Updater called before beeing initialized
2025-08-20 10:06:01,795 [FATAL] Updater:351 - Updater called before beeing initialized
2025-08-20 10:06:01,795 [WARN] DetailPanel:346 - Failed to get advertising image, set to default
2025-08-20 10:06:01,796 [FATAL] Updater:351 - Updater called before beeing initialized
2025-08-20 10:06:02,131 [ERROR] Updater:1198 - MainUpdater not yet initialized. External WinMGr cannot be set.
2025-08-20 10:06:02,134 [INFO] Updater:1134 - Updater Version found : 6.14.0
2025-08-20 10:06:02,169 [INFO] ApplicationProperties:184 - Using Application install path: C:\ST\STM32CubeIDE_1.18.0\STM32CubeIDE\plugins\com.st.stm32cube.common.mx_6.14.0.202502271554
2025-08-20 10:06:03,794 [ERROR] LogOutputStream:75 - [STDERR_REDIRECT] Aug 20, 2025 10:06:03 AM java.util.prefs.WindowsPreferences <init>
2025-08-20 10:06:03,796 [ERROR] LogOutputStream:75 - [STDERR_REDIRECT] WARNING: Could not open/create prefs root node Software\JavaSoft\Prefs at root 0xffffffff80000002. Windows RegCreateKeyEx(...) returned error code 5.
2025-08-20 10:06:03,796 [ERROR] LogOutputStream:75 - [STDERR_REDIRECT] 
2025-08-20 10:06:03,940 [FATAL] Updater:351 - Updater called before beeing initialized
2025-08-20 10:06:03,941 [ERROR] IntegrityCheckThread:130 - Cannot retrieve database content from updater: error 21
2025-08-20 10:06:03,941 [INFO] ThirdParty:978 - Integrity check success = false
2025-08-20 10:06:03,941 [INFO] IntegrityCheckThread:100 - exiting critical section [integrity check]
2025-08-20 10:06:03,941 [INFO] IntegrityCheckThread:103 - End integrity checks thread
2025-08-20 10:06:04,971 [INFO] MainUpdater:2872 - connection check result : 10
2025-08-20 10:06:04,973 [INFO] MainUpdater:289 - Updater Check For Update Now.
2025-08-20 10:06:04,973 [INFO] MicroXplorer:498 - Change Database Version : DB.6.0.140
2025-08-20 10:06:04,986 [INFO] McuFinderGlobals:63 - Set McuFinder mode to 2 (CubeIDE integrated)
2025-08-20 10:06:04,987 [INFO] UserAuth:486 - Internet connection configuration mode: 1
2025-08-20 10:06:05,070 [INFO] JxBrowserEngine:152 - Initiate JxBrowser Engine with user profile folder
2025-08-20 10:06:05,247 [INFO] CheckServerUpdateThread:120 - End of CheckServer Thread
2025-08-20 10:06:07,266 [INFO] WebApp:169 - Instantiating new browser for Auth
2025-08-20 10:06:08,689 [INFO] WebApp:463 - Apply proxy settings
2025-08-20 10:06:08,689 [INFO] WebApp:548 - Chromium requires no authentication
2025-08-20 10:06:08,726 [INFO] WebApp:491 - Direct internet connection detected
2025-08-20 10:06:08,810 [INFO] WebApp:894 - Register for checkConnection events
2025-08-20 10:06:08,810 [INFO] WebApp:463 - Apply proxy settings
2025-08-20 10:06:08,811 [INFO] WebApp:548 - Chromium requires no authentication
2025-08-20 10:06:08,811 [INFO] WebApp:491 - Direct internet connection detected
2025-08-20 10:06:09,130 [INFO] WebApp:191 - Connection restablished
2025-08-20 10:06:09,213 [INFO] WebApp:225 - Starting web application
2025-08-20 10:06:09,213 [INFO] WebApp:593 - Web application path used C:\ST\STM32CubeIDE_1.18.0\STM32CubeIDE\plugins\com.st.stm32cube.common.mx_6.14.0.202502271554\db\plugins\mcufinder\reactClient1\index.html
2025-08-20 10:06:09,426 [INFO] UserAuth:486 - Internet connection configuration mode: 1
2025-08-20 10:19:26,510 [ERROR] ConfigurationRetriever:142 - IOException on connection: Connect timed out
2025-08-20 10:19:42,246 [INFO] LogOutputStream:77 - [STDOUT_REDIRECT] StartTraceHandler.execute(), success : Collect=true
2025-08-20 10:21:08,045 [INFO] LogOutputStream:77 - [STDOUT_REDIRECT] StartTraceHandler.execute(), success : Collect=false
2025-08-20 10:21:12,898 [INFO] LogOutputStream:77 - [STDOUT_REDIRECT] StartTraceHandler.execute(), success : Collect=true
2025-08-20 12:26:18,876 [INFO] WebApp:403 - JxBrowser engine has been closed 
2025-08-20 12:45:44,660 [ERROR] LogOutputStream:75 - [STDERR_REDIRECT] 
2025-08-20 12:45:44,661 [ERROR] LogOutputStream:75 - [STDERR_REDIRECT] 
