2025-08-19 08:00:50,464 [INFO] Activator:176 - 


2025-08-19 08:00:50,471 [INFO] Activator:177 - !SESSION log4j initialized
2025-08-19 08:01:02,862 [INFO] LogOutputStream:77 - [STDOUT_REDIRECT] 
2025-08-19 08:01:08,259 [INFO] ApplicationProperties:184 - Using Application install path: C:\ST\STM32CubeIDE_1.18.0\STM32CubeIDE\plugins\com.st.stm32cube.common.mx_6.14.0.202502271554
2025-08-19 08:01:08,297 [INFO] DbMcusXml:78 - Set database path to: C:\ST\STM32CubeIDE_1.18.0\STM32CubeIDE\plugins\com.st.stm32cube.common.mx_6.14.0.202502271554\\db\/mcu/
2025-08-19 08:01:08,298 [INFO] ApiDb:274 - Set plugin database path to: C:\ST\STM32CubeIDE_1.18.0\STM32CubeIDE\plugins\com.st.stm32cube.common.mx_6.14.0.202502271554\\db\/plugins/boardmanager/
2025-08-19 08:01:08,299 [WARN] ApiDb:259 - Overriding images path with different value:  => C:\ST\STM32CubeIDE_1.18.0\STM32CubeIDE\plugins\com.st.stm32cube.common.mx_6.14.0.202502271554\\db\/plugins/mcufinder/images/
2025-08-19 08:01:08,316 [INFO] ApiDb:250 - Set database path to: C:\Users\user\.stmcufinder\plugins\mcufinder//mcu/
2025-08-19 08:01:08,318 [INFO] DbMcusAds:125 - Set database path to: C:\Users\user\.stmcufinder\plugins\mcufinder//mcu/
2025-08-19 08:01:08,325 [INFO] CrossReferenceDbSqlite:203 - Set database path to: C:\Users\user\.stmcufinder\plugins\mcufinder//mcu/cs/
2025-08-19 08:01:08,583 [INFO] RulesReader:64 - Compatibility file has been processed (301 Rules)
2025-08-19 08:01:08,779 [INFO] DbMcusXml:78 - Set database path to: C:\ST\STM32CubeIDE_1.18.0\STM32CubeIDE\plugins\com.st.stm32cube.common.mx_6.14.0.202502271554\\db\/mcu/
2025-08-19 08:01:08,779 [INFO] ApiDb:274 - Set plugin database path to: C:\ST\STM32CubeIDE_1.18.0\STM32CubeIDE\plugins\com.st.stm32cube.common.mx_6.14.0.202502271554\\db\/plugins/boardmanager/
2025-08-19 08:01:08,780 [INFO] ApiDb:261 - Set plugin images path to: C:\ST\STM32CubeIDE_1.18.0\STM32CubeIDE\plugins\com.st.stm32cube.common.mx_6.14.0.202502271554\\db\/plugins/mcufinder/images/
2025-08-19 08:01:08,780 [WARN] DbFile:41 - Overriding database path with different value: C:\Users\user\.stmcufinder\plugins\mcufinder/ => C:\Users\user\.stmcufinder\plugins\mcufinder
2025-08-19 08:01:08,780 [INFO] ApiDb:250 - Set database path to: C:\Users\user\.stmcufinder\plugins\mcufinder//mcu/
2025-08-19 08:01:08,781 [WARN] DbFile:41 - Overriding database path with different value: C:\Users\user\.stmcufinder\plugins\mcufinder/ => C:\Users\user\.stmcufinder\plugins\mcufinder
2025-08-19 08:01:08,781 [INFO] DbMcusAds:125 - Set database path to: C:\Users\user\.stmcufinder\plugins\mcufinder//mcu/
2025-08-19 08:01:08,781 [WARN] DbFile:41 - Overriding database path with different value: C:\Users\user\.stmcufinder\plugins\mcufinder/ => C:\Users\user\.stmcufinder\plugins\mcufinder
2025-08-19 08:01:08,781 [WARN] DbFile:41 - Overriding database path with different value: C:\Users\user\.stmcufinder\plugins\mcufinder/ => C:\Users\user\.stmcufinder\plugins\mcufinder
2025-08-19 08:01:08,781 [INFO] CrossReferenceDbSqlite:203 - Set database path to: C:\Users\user\.stmcufinder\plugins\mcufinder//mcu/cs/
2025-08-19 08:01:08,932 [INFO] MainPanel:272 - HeapMemory: 268435456
2025-08-19 08:01:09,222 [INFO] DbMcusXml:78 - Set database path to: C:\ST\STM32CubeIDE_1.18.0\STM32CubeIDE\plugins\com.st.stm32cube.common.mx_6.14.0.202502271554\\db\/mcu/
2025-08-19 08:01:09,222 [INFO] ApiDb:274 - Set plugin database path to: C:\ST\STM32CubeIDE_1.18.0\STM32CubeIDE\plugins\com.st.stm32cube.common.mx_6.14.0.202502271554\\db\/plugins/boardmanager/
2025-08-19 08:01:09,222 [INFO] ApiDb:261 - Set plugin images path to: C:\ST\STM32CubeIDE_1.18.0\STM32CubeIDE\plugins\com.st.stm32cube.common.mx_6.14.0.202502271554\\db\/plugins/mcufinder/images/
2025-08-19 08:01:09,223 [WARN] DbFile:41 - Overriding database path with different value: C:\Users\user\.stmcufinder\plugins\mcufinder/ => C:\Users\user\.stmcufinder\plugins\mcufinder
2025-08-19 08:01:09,223 [INFO] ApiDb:250 - Set database path to: C:\Users\user\.stmcufinder\plugins\mcufinder//mcu/
2025-08-19 08:01:09,223 [WARN] DbFile:41 - Overriding database path with different value: C:\Users\user\.stmcufinder\plugins\mcufinder/ => C:\Users\user\.stmcufinder\plugins\mcufinder
2025-08-19 08:01:09,223 [INFO] DbMcusAds:125 - Set database path to: C:\Users\user\.stmcufinder\plugins\mcufinder//mcu/
2025-08-19 08:01:09,223 [WARN] DbFile:41 - Overriding database path with different value: C:\Users\user\.stmcufinder\plugins\mcufinder/ => C:\Users\user\.stmcufinder\plugins\mcufinder
2025-08-19 08:01:09,223 [WARN] DbFile:41 - Overriding database path with different value: C:\Users\user\.stmcufinder\plugins\mcufinder/ => C:\Users\user\.stmcufinder\plugins\mcufinder
2025-08-19 08:01:09,223 [INFO] CrossReferenceDbSqlite:203 - Set database path to: C:\Users\user\.stmcufinder\plugins\mcufinder//mcu/cs/
2025-08-19 08:01:09,252 [INFO] ApplicationProperties:184 - Using Application install path: C:\ST\STM32CubeIDE_1.18.0\STM32CubeIDE\plugins\com.st.stm32cube.common.mx_6.14.0.202502271554
2025-08-19 08:01:09,253 [INFO] PluginManage:196 - Search for loadable plugins [exclusion list=, ]
2025-08-19 08:01:09,255 [INFO] PluginManage:310 - Check plugin analytics
2025-08-19 08:01:09,536 [INFO] AnalyticsPlugin:253 - Accepted Software Licenses: 
2025-08-19 08:01:09,536 [INFO] AnalyticsPlugin:255 - Accepted CMSIS Pack Licenses: 
2025-08-19 08:01:09,537 [INFO] AnalyticsPlugin:257 - Accepted Firmware Licenses: FW.F4.1.28.0
2025-08-19 08:01:09,541 [INFO] PluginManage:359 - Loaded plugin analytics (category:tool,tabindex:-1)
2025-08-19 08:01:09,541 [INFO] PluginManage:310 - Check plugin cadmodel
2025-08-19 08:01:09,559 [INFO] CADModel:105 - Init CAD model plugin
2025-08-19 08:01:09,559 [INFO] PluginManage:359 - Loaded plugin cadmodel (category:power,tabindex:5)
2025-08-19 08:01:09,560 [INFO] PluginManage:310 - Check plugin clock
2025-08-19 08:01:09,585 [INFO] PluginManage:359 - Loaded plugin clock (category:base,tabindex:2)
2025-08-19 08:01:09,585 [INFO] PluginManage:310 - Check plugin ddr
2025-08-19 08:01:09,590 [INFO] PluginManage:359 - Loaded plugin ddr (category:tool,tabindex:6)
2025-08-19 08:01:09,591 [INFO] PluginManage:310 - Check plugin filemanager
2025-08-19 08:01:09,831 [INFO] PluginManage:359 - Loaded plugin filemanager (category:base,tabindex:10)
2025-08-19 08:01:09,831 [INFO] PluginManage:310 - Check plugin ipmanager
2025-08-19 08:01:09,841 [INFO] PluginManage:359 - Loaded plugin ipmanager (category:base,tabindex:5)
2025-08-19 08:01:09,841 [INFO] PluginManage:310 - Check plugin lpbam
2025-08-19 08:01:09,853 [INFO] PluginManage:359 - Loaded plugin lpbam (category:base,tabindex:0)
2025-08-19 08:01:09,854 [INFO] PluginManage:310 - Check plugin memorymap
2025-08-19 08:01:09,875 [INFO] PluginManage:359 - Loaded plugin memorymap (category:base,tabindex:4)
2025-08-19 08:01:09,875 [INFO] PluginManage:310 - Check plugin pinoutandconfiguration
2025-08-19 08:01:09,888 [INFO] PluginManage:359 - Loaded plugin pinoutandconfiguration (category:base,tabindex:1)
2025-08-19 08:01:09,889 [INFO] PluginManage:310 - Check plugin pinoutconfig
2025-08-19 08:01:10,104 [WARN] SupportedApi:132 - Cannot load RTOS API schema: s4s-elt-must-match.1: The content of 'definitions' must match (annotation?, (simpleType | complexType)?, (unique | key | keyref)*)). A problem was found starting at: attribute.
2025-08-19 08:01:10,331 [INFO] PluginManage:359 - Loaded plugin pinoutconfig (category:base,tabindex:0)
2025-08-19 08:01:10,331 [INFO] PluginManage:310 - Check plugin power
2025-08-19 08:01:10,350 [INFO] PluginManage:359 - Loaded plugin power (category:power,tabindex:4)
2025-08-19 08:01:10,350 [INFO] PluginManage:310 - Check plugin projectmanager
2025-08-19 08:01:10,383 [INFO] PluginManage:359 - Loaded plugin projectmanager (category:projectmanager,tabindex:4)
2025-08-19 08:01:10,383 [INFO] PluginManage:310 - Check plugin rif
2025-08-19 08:01:10,397 [INFO] PluginManage:359 - Loaded plugin rif (category:base,tabindex:3)
2025-08-19 08:01:10,397 [INFO] PluginManage:310 - Check plugin thirdparty
2025-08-19 08:01:10,696 [INFO] PluginManage:359 - Loaded plugin thirdparty (category:base,tabindex:-1)
2025-08-19 08:01:10,696 [WARN] IntegrityCheckThread:84 - waiting for thirdparty lock release [integrity check]
2025-08-19 08:01:10,697 [INFO] IntegrityCheckThread:86 - entering critical section [integrity check]
2025-08-19 08:01:10,697 [INFO] PluginManage:310 - Check plugin tools
2025-08-19 08:01:10,697 [INFO] ThirdPartyUpdaterWithRetryManager:70 - Updater plugin not ready yet. [1/15]
2025-08-19 08:01:10,704 [INFO] PluginManage:359 - Loaded plugin tools (category:base,tabindex:7)
2025-08-19 08:01:10,704 [INFO] PluginManage:310 - Check plugin tutovideos
2025-08-19 08:01:11,051 [INFO] PluginManage:359 - Loaded plugin tutovideos (category:base,tabindex:-1)
2025-08-19 08:01:11,052 [INFO] PluginManage:310 - Check plugin updater
2025-08-19 08:01:11,095 [INFO] PluginManage:359 - Loaded plugin updater (category:base,tabindex:12)
2025-08-19 08:01:11,095 [INFO] PluginManage:310 - Check plugin userauth
2025-08-19 08:01:11,101 [INFO] UserAuth:118 - Init User Auth plugin
2025-08-19 08:01:11,102 [INFO] PluginManage:359 - Loaded plugin userauth (category:base,tabindex:14)
2025-08-19 08:01:11,103 [INFO] PluginManage:283 - PluginManage : Loaded plugins [18]
2025-08-19 08:01:11,456 [INFO] PinOutPanel:1589 - setPackage(No Configuration,No Configuration)
2025-08-19 08:01:11,638 [INFO] CADModel:165 - CPN selected for project level
2025-08-19 08:01:11,639 [INFO] CADModel:114 - Register for checkConnection events
2025-08-19 08:01:11,675 [INFO] IPUIPlugin:80 - create IPUIPlugin
2025-08-19 08:01:11,676 [INFO] PluginManager:220 - loadIPPluginJar : add adc
2025-08-19 08:01:11,683 [INFO] IPUIPlugin:80 - create IPUIPlugin
2025-08-19 08:01:11,683 [INFO] PluginManager:220 - loadIPPluginJar : add aes
2025-08-19 08:01:11,688 [INFO] IPUIPlugin:80 - create IPUIPlugin
2025-08-19 08:01:11,688 [INFO] PluginManager:220 - loadIPPluginJar : add can
2025-08-19 08:01:11,692 [INFO] IPUIPlugin:80 - create IPUIPlugin
2025-08-19 08:01:11,692 [INFO] PluginManager:220 - loadIPPluginJar : add comp
2025-08-19 08:01:11,697 [INFO] IPUIPlugin:80 - create IPUIPlugin
2025-08-19 08:01:11,698 [INFO] PluginManager:220 - loadIPPluginJar : add cryp
2025-08-19 08:01:11,705 [INFO] IPUIPlugin:80 - create IPUIPlugin
2025-08-19 08:01:11,705 [INFO] PluginManager:220 - loadIPPluginJar : add ddr_ctrl_phy
2025-08-19 08:01:11,709 [INFO] IPUIPlugin:80 - create IPUIPlugin
2025-08-19 08:01:11,709 [INFO] PluginManager:220 - loadIPPluginJar : add dfsdm
2025-08-19 08:01:11,718 [INFO] IPUIPlugin:80 - create IPUIPlugin
2025-08-19 08:01:11,718 [INFO] PluginManager:220 - loadIPPluginJar : add dma
2025-08-19 08:01:11,722 [INFO] IPUIPlugin:80 - create IPUIPlugin
2025-08-19 08:01:11,723 [INFO] PluginManager:220 - loadIPPluginJar : add dma3
2025-08-19 08:01:11,726 [INFO] IPUIPlugin:80 - create IPUIPlugin
2025-08-19 08:01:11,726 [INFO] PluginManager:220 - loadIPPluginJar : add extmemmanager
2025-08-19 08:01:11,730 [INFO] IPUIPlugin:80 - create IPUIPlugin
2025-08-19 08:01:11,730 [INFO] PluginManager:220 - loadIPPluginJar : add fatfs
2025-08-19 08:01:11,737 [INFO] IPUIPlugin:80 - create IPUIPlugin
2025-08-19 08:01:11,738 [INFO] PluginManager:220 - loadIPPluginJar : add fmc
2025-08-19 08:01:11,746 [INFO] IPUIPlugin:80 - create IPUIPlugin
2025-08-19 08:01:11,747 [INFO] PluginManager:220 - loadIPPluginJar : add freertos
2025-08-19 08:01:11,751 [INFO] IPUIPlugin:80 - create IPUIPlugin
2025-08-19 08:01:11,751 [INFO] PluginManager:220 - loadIPPluginJar : add genericplugin
2025-08-19 08:01:11,756 [INFO] IPUIPlugin:80 - create IPUIPlugin
2025-08-19 08:01:11,756 [INFO] PluginManager:220 - loadIPPluginJar : add gfxmmu
2025-08-19 08:01:11,764 [INFO] IPUIPlugin:80 - create IPUIPlugin
2025-08-19 08:01:11,765 [INFO] PluginManager:220 - loadIPPluginJar : add gic
2025-08-19 08:01:11,772 [INFO] IPUIPlugin:80 - create IPUIPlugin
2025-08-19 08:01:11,772 [INFO] PluginManager:220 - loadIPPluginJar : add gpio
2025-08-19 08:01:11,779 [INFO] IPUIPlugin:80 - create IPUIPlugin
2025-08-19 08:01:11,779 [INFO] PluginManager:220 - loadIPPluginJar : add gtzc
2025-08-19 08:01:11,784 [INFO] IPUIPlugin:80 - create IPUIPlugin
2025-08-19 08:01:11,784 [INFO] PluginManager:220 - loadIPPluginJar : add hash
2025-08-19 08:01:11,790 [INFO] IPUIPlugin:80 - create IPUIPlugin
2025-08-19 08:01:11,790 [INFO] PluginManager:220 - loadIPPluginJar : add i2c
2025-08-19 08:01:11,801 [INFO] IPUIPlugin:80 - create IPUIPlugin
2025-08-19 08:01:11,801 [INFO] PluginManager:220 - loadIPPluginJar : add i2s
2025-08-19 08:01:11,807 [INFO] IPUIPlugin:80 - create IPUIPlugin
2025-08-19 08:01:11,807 [INFO] PluginManager:220 - loadIPPluginJar : add i3c
2025-08-19 08:01:11,813 [INFO] IPUIPlugin:80 - create IPUIPlugin
2025-08-19 08:01:11,815 [INFO] PluginManager:220 - loadIPPluginJar : add ipddr
2025-08-19 08:01:11,829 [INFO] IPUIPlugin:80 - create IPUIPlugin
2025-08-19 08:01:11,831 [INFO] PluginManager:220 - loadIPPluginJar : add linkedlist
2025-08-19 08:01:11,837 [INFO] IPUIPlugin:80 - create IPUIPlugin
2025-08-19 08:01:11,837 [INFO] PluginManager:220 - loadIPPluginJar : add lorawan
2025-08-19 08:01:11,841 [INFO] IPUIPlugin:80 - create IPUIPlugin
2025-08-19 08:01:11,842 [INFO] PluginManager:220 - loadIPPluginJar : add ltdc
2025-08-19 08:01:11,853 [INFO] IPUIPlugin:80 - create IPUIPlugin
2025-08-19 08:01:11,853 [INFO] PluginManager:220 - loadIPPluginJar : add mdma
2025-08-19 08:01:11,861 [INFO] IPUIPlugin:80 - create IPUIPlugin
2025-08-19 08:01:11,861 [INFO] PluginManager:220 - loadIPPluginJar : add nvic
2025-08-19 08:01:11,868 [INFO] IPUIPlugin:80 - create IPUIPlugin
2025-08-19 08:01:11,868 [INFO] PluginManager:220 - loadIPPluginJar : add opamp
2025-08-19 08:01:11,873 [INFO] IPUIPlugin:80 - create IPUIPlugin
2025-08-19 08:01:11,873 [INFO] PluginManager:220 - loadIPPluginJar : add openamp
2025-08-19 08:01:11,883 [INFO] IPUIPlugin:80 - create IPUIPlugin
2025-08-19 08:01:11,884 [INFO] PluginManager:220 - loadIPPluginJar : add pdm2pcm
2025-08-19 08:01:11,896 [INFO] IPUIPlugin:80 - create IPUIPlugin
2025-08-19 08:01:11,901 [INFO] PluginManager:220 - loadIPPluginJar : add plateformsettings
2025-08-19 08:01:11,905 [INFO] IPUIPlugin:80 - create IPUIPlugin
2025-08-19 08:01:11,905 [INFO] PluginManager:220 - loadIPPluginJar : add quadspi
2025-08-19 08:01:11,909 [INFO] IPUIPlugin:80 - create IPUIPlugin
2025-08-19 08:01:11,913 [INFO] PluginManager:220 - loadIPPluginJar : add radio
2025-08-19 08:01:11,925 [INFO] IPUIPlugin:80 - create IPUIPlugin
2025-08-19 08:01:11,925 [INFO] PluginManager:220 - loadIPPluginJar : add resmgrutility
2025-08-19 08:01:11,940 [INFO] IPUIPlugin:80 - create IPUIPlugin
2025-08-19 08:01:11,940 [INFO] PluginManager:220 - loadIPPluginJar : add sai
2025-08-19 08:01:11,949 [INFO] IPUIPlugin:80 - create IPUIPlugin
2025-08-19 08:01:11,950 [INFO] PluginManager:220 - loadIPPluginJar : add spi
2025-08-19 08:01:11,963 [INFO] IPUIPlugin:80 - create IPUIPlugin
2025-08-19 08:01:11,963 [INFO] PluginManager:220 - loadIPPluginJar : add stm32_wpan
2025-08-19 08:01:11,967 [INFO] IPUIPlugin:80 - create IPUIPlugin
2025-08-19 08:01:11,967 [INFO] PluginManager:220 - loadIPPluginJar : add tim
2025-08-19 08:01:11,974 [INFO] IPUIPlugin:80 - create IPUIPlugin
2025-08-19 08:01:11,975 [INFO] PluginManager:220 - loadIPPluginJar : add touchsensing
2025-08-19 08:01:11,980 [INFO] IPUIPlugin:80 - create IPUIPlugin
2025-08-19 08:01:11,980 [INFO] PluginManager:220 - loadIPPluginJar : add tracer_emb
2025-08-19 08:01:11,984 [INFO] IPUIPlugin:80 - create IPUIPlugin
2025-08-19 08:01:11,984 [INFO] PluginManager:220 - loadIPPluginJar : add ts
2025-08-19 08:01:11,987 [INFO] IPUIPlugin:80 - create IPUIPlugin
2025-08-19 08:01:11,988 [INFO] PluginManager:220 - loadIPPluginJar : add tsc
2025-08-19 08:01:11,991 [INFO] IPUIPlugin:80 - create IPUIPlugin
2025-08-19 08:01:11,991 [INFO] PluginManager:220 - loadIPPluginJar : add ucpd
2025-08-19 08:01:11,998 [INFO] IPUIPlugin:80 - create IPUIPlugin
2025-08-19 08:01:11,998 [INFO] PluginManager:220 - loadIPPluginJar : add usart
2025-08-19 08:01:12,004 [INFO] IPUIPlugin:80 - create IPUIPlugin
2025-08-19 08:01:12,004 [INFO] PluginManager:220 - loadIPPluginJar : add usbx
2025-08-19 08:01:12,172 [FATAL] Updater:351 - Updater called before beeing initialized
2025-08-19 08:01:12,220 [INFO] RulesReader:64 - Compatibility file has been processed (301 Rules)
2025-08-19 08:01:12,238 [INFO] RulesReader:64 - Compatibility file has been processed (301 Rules)
2025-08-19 08:01:12,252 [INFO] CADModel:165 - CPN selected for project level
2025-08-19 08:01:12,252 [INFO] CADModel:114 - Register for checkConnection events
2025-08-19 08:01:12,252 [FATAL] Updater:351 - Updater called before beeing initialized
2025-08-19 08:01:12,252 [ERROR] CADModel:125 - Updater not yet initialized, retry later 
2025-08-19 08:01:12,499 [FATAL] Updater:351 - Updater called before beeing initialized
2025-08-19 08:01:12,502 [INFO] CADModel:165 - CPN selected for project level
2025-08-19 08:01:12,503 [INFO] CADModel:114 - Register for checkConnection events
2025-08-19 08:01:12,503 [FATAL] Updater:351 - Updater called before beeing initialized
2025-08-19 08:01:12,503 [ERROR] CADModel:125 - Updater not yet initialized, retry later 
2025-08-19 08:01:12,507 [FATAL] Updater:351 - Updater called before beeing initialized
2025-08-19 08:01:12,768 [FATAL] Updater:351 - Updater called before beeing initialized
2025-08-19 08:01:12,772 [INFO] DbMcusAds:53 - JSON generation date=Tue Jul 08 13:44:23 IST 2025 (1751962463582)
2025-08-19 08:01:12,773 [FATAL] Updater:351 - Updater called before beeing initialized
2025-08-19 08:01:12,854 [WARN] DetailPanel:346 - Failed to get advertising image, set to default
2025-08-19 08:01:13,308 [FATAL] Updater:351 - Updater called before beeing initialized
2025-08-19 08:01:13,311 [FATAL] Updater:351 - Updater called before beeing initialized
2025-08-19 08:01:13,312 [FATAL] Updater:351 - Updater called before beeing initialized
2025-08-19 08:01:13,312 [WARN] DetailPanel:346 - Failed to get advertising image, set to default
2025-08-19 08:01:13,313 [FATAL] Updater:351 - Updater called before beeing initialized
2025-08-19 08:01:13,402 [ERROR] Updater:1198 - MainUpdater not yet initialized. External WinMGr cannot be set.
2025-08-19 08:01:13,405 [INFO] Updater:1134 - Updater Version found : 6.14.0
2025-08-19 08:01:13,439 [INFO] ApplicationProperties:184 - Using Application install path: C:\ST\STM32CubeIDE_1.18.0\STM32CubeIDE\plugins\com.st.stm32cube.common.mx_6.14.0.202502271554
2025-08-19 08:01:13,698 [INFO] ThirdPartyUpdaterWithRetryManager:70 - Updater plugin not ready yet. [2/15]
2025-08-19 08:01:15,029 [ERROR] LogOutputStream:75 - [STDERR_REDIRECT] Aug 19, 2025 8:01:15 AM java.util.prefs.WindowsPreferences <init>
2025-08-19 08:01:15,032 [ERROR] LogOutputStream:75 - [STDERR_REDIRECT] WARNING: Could not open/create prefs root node Software\JavaSoft\Prefs at root 0xffffffff80000002. Windows RegCreateKeyEx(...) returned error code 5.
2025-08-19 08:01:15,032 [ERROR] LogOutputStream:75 - [STDERR_REDIRECT] 
2025-08-19 08:01:16,158 [INFO] MainUpdater:2872 - connection check result : 10
2025-08-19 08:01:16,159 [INFO] MainUpdater:289 - Updater Check For Update Now.
2025-08-19 08:01:16,159 [INFO] MicroXplorer:498 - Change Database Version : DB.6.0.140
2025-08-19 08:01:16,168 [INFO] McuFinderGlobals:63 - Set McuFinder mode to 2 (CubeIDE integrated)
2025-08-19 08:01:16,170 [INFO] UserAuth:486 - Internet connection configuration mode: 1
2025-08-19 08:01:16,267 [INFO] JxBrowserEngine:152 - Initiate JxBrowser Engine with user profile folder
2025-08-19 08:01:16,730 [WARN] MainUpdater:1193 - Updater busy. Cannot search thirdparties
2025-08-19 08:01:16,732 [INFO] ThirdPartyUpdaterWithRetryManager:96 - Updater plugin is busy. [1/15]
2025-08-19 08:01:16,772 [INFO] CheckServerUpdateThread:120 - End of CheckServer Thread
2025-08-19 08:01:18,845 [INFO] WebApp:169 - Instantiating new browser for Auth
2025-08-19 08:01:20,237 [WARN] PackLoader:240 - Cannot read IP mode file for STMicroelectronics.FP-SNS-MOTENVWB1.1.4.0
2025-08-19 08:01:20,260 [WARN] PackLoader:240 - Cannot read IP mode file for STMicroelectronics.FP-ATR-ASTRA1.2.0.2
2025-08-19 08:01:20,284 [WARN] PackLoader:240 - Cannot read IP mode file for STMicroelectronics.X-CUBE-SMBUS.2.1.0
2025-08-19 08:01:20,294 [WARN] PackLoader:240 - Cannot read IP mode file for STMicroelectronics.X-CUBE-ST60.1.0.0
2025-08-19 08:01:20,360 [WARN] PackLoader:240 - Cannot read IP mode file for STMicroelectronics.X-CUBE-AZRTOS-F7.1.1.0
2025-08-19 08:01:20,427 [WARN] PackLoader:240 - Cannot read IP mode file for Infineon.AIROC-Wi-Fi-Bluetooth-STM32.1.7.1
2025-08-19 08:01:20,588 [WARN] PackLoader:240 - Cannot read IP mode file for STMicroelectronics.X-CUBE-AZRTOS-H7.3.4.0
2025-08-19 08:01:20,687 [WARN] PackLoader:240 - Cannot read IP mode file for STMicroelectronics.X-CUBE-DISPLAY.3.0.0
2025-08-19 08:01:20,812 [WARN] PackLoader:240 - Cannot read IP mode file for STMicroelectronics.X-CUBE-NFC10.1.0.0
2025-08-19 08:01:20,823 [WARN] PackLoader:240 - Cannot read IP mode file for emotas.I-CUBE-CANOPEN.1.3.0
2025-08-19 08:01:20,837 [ERROR] Engine:466 - C:\Users\user\.stm32cubemx\thirdparties\pdsc\STMicroelectronics.FP-SNS-STBOX1.2.1.0.pdsc: PDSC version is not supported
2025-08-19 08:01:20,909 [WARN] PackLoader:240 - Cannot read IP mode file for STMicroelectronics.FP-SNS-SMARTAG2.1.2.0
2025-08-19 08:01:20,917 [WARN] PackLoader:240 - Cannot read IP mode file for STMicroelectronics.FP-SNS-FLIGHT1.5.1.0
2025-08-19 08:01:20,933 [INFO] LogOutputStream:77 - [STDOUT_REDIRECT] 1 : Invalid condition id : UX_CORESTACK_Condition cause : null
2025-08-19 08:01:20,936 [INFO] LogOutputStream:77 - [STDOUT_REDIRECT] 1 : Invalid condition id : UX_CORESTACK_Condition cause : null
2025-08-19 08:01:20,938 [INFO] LogOutputStream:77 - [STDOUT_REDIRECT] 1 : Invalid condition id : UX_CORESTACK_Condition cause : null
2025-08-19 08:01:20,940 [INFO] LogOutputStream:77 - [STDOUT_REDIRECT] 1 : Invalid condition id : UX_CORESTACK_Condition cause : null
2025-08-19 08:01:20,957 [INFO] LogOutputStream:77 - [STDOUT_REDIRECT] 1 : Invalid condition id : UX_CORESTACK_Condition cause : null
2025-08-19 08:01:20,962 [WARN] PackLoader:240 - Cannot read IP mode file for STMicroelectronics.X-CUBE-AZRTOS-WL.2.0.0
2025-08-19 08:01:21,016 [WARN] PackLoader:240 - Cannot read IP mode file for STMicroelectronics.FP-SNS-MOTENV1.5.0.0
2025-08-19 08:01:21,032 [WARN] PackLoader:240 - Cannot read IP mode file for WES.I-CUBE-Cesium.1.3.0
2025-08-19 08:01:21,055 [WARN] PackLoader:240 - Cannot read IP mode file for STMicroelectronics.X-CUBE-BLE2.3.3.0
2025-08-19 08:01:21,089 [INFO] WebApp:463 - Apply proxy settings
2025-08-19 08:01:21,091 [INFO] WebApp:548 - Chromium requires no authentication
2025-08-19 08:01:21,093 [WARN] PackLoader:240 - Cannot read IP mode file for STMicroelectronics.X-CUBE-NFC9.1.0.0
2025-08-19 08:01:21,112 [WARN] PackLoader:240 - Cannot read IP mode file for wolfSSL.I-CUBE-wolfSSL.5.8.2
2025-08-19 08:01:21,127 [WARN] PackLoader:240 - Cannot read IP mode file for STMicroelectronics.X-CUBE-BLE1.7.1.0
2025-08-19 08:01:21,138 [INFO] WebApp:491 - Direct internet connection detected
2025-08-19 08:01:21,140 [WARN] PackLoader:240 - Cannot read IP mode file for wolfSSL.I-CUBE-wolfMQTT.1.19.2
2025-08-19 08:01:21,160 [WARN] PackLoader:240 - Cannot read IP mode file for STMicroelectronics.X-CUBE-EEPRMA1.5.2.0
2025-08-19 08:01:21,179 [WARN] PackLoader:240 - Cannot read IP mode file for STMicroelectronics.X-CUBE-AI.10.1.0
2025-08-19 08:01:21,234 [WARN] PackLoader:240 - Cannot read IP mode file for STMicroelectronics.X-CUBE-AZRTOS-G0.1.1.0
2025-08-19 08:01:21,251 [WARN] PackLoader:240 - Cannot read IP mode file for STMicroelectronics.X-CUBE-SAFEA1.1.2.2
2025-08-19 08:01:21,262 [WARN] PackLoader:240 - Cannot read IP mode file for STMicroelectronics.X-CUBE-NFC4.3.0.0
2025-08-19 08:01:21,263 [INFO] WebApp:894 - Register for checkConnection events
2025-08-19 08:01:21,263 [INFO] WebApp:463 - Apply proxy settings
2025-08-19 08:01:21,263 [INFO] WebApp:548 - Chromium requires no authentication
2025-08-19 08:01:21,264 [INFO] WebApp:491 - Direct internet connection detected
2025-08-19 08:01:21,291 [WARN] PackLoader:240 - Cannot read IP mode file for EmbeddedOffice.I-CUBE-FS-RTOS.1.0.1
2025-08-19 08:01:21,304 [WARN] PackLoader:240 - Cannot read IP mode file for STMicroelectronics.X-CUBE-WB05N.2.0.0
2025-08-19 08:01:21,315 [WARN] PackLoader:240 - Cannot read IP mode file for wolfSSL.I-CUBE-wolfTPM.3.8.0
2025-08-19 08:01:21,323 [WARN] PackLoader:240 - Cannot read IP mode file for STMicroelectronics.X-CUBE-TCPP.4.2.0
2025-08-19 08:01:21,336 [WARN] PackLoader:240 - Cannot read IP mode file for RealThread.X-CUBE-RT-Thread_Nano.4.1.1
2025-08-19 08:01:21,344 [WARN] PackLoader:240 - Cannot read IP mode file for STMicroelectronics.FP-ATR-SIGFOX1.3.2.0
2025-08-19 08:01:21,369 [WARN] PackLoader:240 - Cannot read IP mode file for ITTIA_DB.I-CUBE-ITTIADB.8.9.0
2025-08-19 08:01:21,389 [WARN] PackLoader:240 - Cannot read IP mode file for STMicroelectronics.X-CUBE-ST67W61.1.0.0
2025-08-19 08:01:21,396 [WARN] PackLoader:240 - Cannot read IP mode file for STMicroelectronics.X-CUBE-AI.10.2.0
2025-08-19 08:01:21,447 [WARN] PackLoader:240 - Cannot read IP mode file for SEGGER.I-CUBE-embOS.1.3.1
2025-08-19 08:01:21,621 [WARN] PackLoader:240 - Cannot read IP mode file for STMicroelectronics.X-CUBE-ALGOBUILD.1.4.0
2025-08-19 08:01:21,734 [INFO] WebApp:191 - Connection restablished
2025-08-19 08:01:21,900 [WARN] PackLoader:240 - Cannot read IP mode file for STMicroelectronics.X-CUBE-MEMS1.11.3.0
2025-08-19 08:01:22,824 [INFO] WebApp:225 - Starting web application
2025-08-19 08:01:22,825 [INFO] WebApp:593 - Web application path used C:\ST\STM32CubeIDE_1.18.0\STM32CubeIDE\plugins\com.st.stm32cube.common.mx_6.14.0.202502271554\db\plugins\mcufinder\reactClient1\index.html
2025-08-19 08:01:22,854 [WARN] PackLoader:240 - Cannot read IP mode file for STMicroelectronics.X-CUBE-PM33A1.1.0.0
2025-08-19 08:01:22,952 [WARN] PackLoader:240 - Cannot read IP mode file for STMicroelectronics.X-CUBE-AZRTOS-F4.1.1.0
2025-08-19 08:01:22,986 [WARN] PackLoader:240 - Cannot read IP mode file for STMicroelectronics.X-CUBE-ISPU.2.1.0
2025-08-19 08:01:23,003 [WARN] PackLoader:240 - Cannot read IP mode file for STMicroelectronics.X-CUBE-NFC12.1.0.0
2025-08-19 08:01:23,065 [WARN] PackLoader:240 - Cannot read IP mode file for STMicroelectronics.X-CUBE-AZRTOS-L5.2.0.0
2025-08-19 08:01:23,193 [WARN] PackLoader:240 - Cannot read IP mode file for STMicroelectronics.X-CUBE-NFC6.3.1.0
2025-08-19 08:01:23,232 [WARN] PackLoader:240 - Cannot read IP mode file for STMicroelectronics.X-CUBE-FREERTOS.1.3.1
2025-08-19 08:01:23,247 [WARN] PackLoader:240 - Cannot read IP mode file for STMicroelectronics.FP-SNS-STAIOTCFT.1.0.0
2025-08-19 08:01:23,264 [WARN] PackLoader:240 - Cannot read IP mode file for STMicroelectronics.X-CUBE-DPower.1.3.0
2025-08-19 08:01:23,300 [WARN] ConditionMgr:438 - getConditionDescription Invalid condition id : LAN8742 Phy interface Condition cause : null
2025-08-19 08:01:23,301 [WARN] PackLoader:240 - Cannot read IP mode file for STMicroelectronics.X-CUBE-AZRTOS-L4.2.0.0
2025-08-19 08:01:23,303 [WARN] ConditionMgr:1044 - genDependencies : Invalid condition id : LAN8742 Phy interface Condition cause : null
2025-08-19 08:01:23,304 [WARN] ConditionMgr:1044 - genDependencies : Invalid condition id : LAN8742 Phy interface Condition cause : null
2025-08-19 08:01:23,305 [WARN] ConditionMgr:1044 - genDependencies : Invalid condition id : LAN8742 Phy interface Condition cause : null
2025-08-19 08:01:23,327 [WARN] PackLoader:240 - Cannot read IP mode file for STMicroelectronics.X-CUBE-SFXS2LP1.4.0.0
2025-08-19 08:01:23,362 [WARN] PackLoader:240 - Cannot read IP mode file for STMicroelectronics.X-CUBE-BLEMGR.4.1.0
2025-08-19 08:01:23,399 [WARN] ConditionMgr:438 - getConditionDescription Invalid condition id : UX DEVICE CLASS RTOS Condition cause : null
2025-08-19 08:01:23,400 [WARN] ConditionMgr:438 - getConditionDescription Invalid condition id : UX DEVICE CLASS RTOS Condition cause : null
2025-08-19 08:01:23,409 [WARN] PackLoader:240 - Cannot read IP mode file for STMicroelectronics.X-CUBE-AZRTOS-WB.2.0.0
2025-08-19 08:01:23,410 [WARN] ConditionMgr:1044 - genDependencies : Invalid condition id : UX DEVICE CLASS RTOS Condition cause : null
2025-08-19 08:01:23,411 [WARN] ConditionMgr:1044 - genDependencies : Invalid condition id : UX DEVICE CLASS RTOS Condition cause : null
2025-08-19 08:01:23,411 [WARN] ConditionMgr:1044 - genDependencies : Invalid condition id : UX DEVICE CLASS RTOS Condition cause : null
2025-08-19 08:01:23,412 [WARN] ConditionMgr:1044 - genDependencies : Invalid condition id : UX DEVICE CLASS RTOS Condition cause : null
2025-08-19 08:01:23,413 [WARN] ConditionMgr:1044 - genDependencies : Invalid condition id : UX DEVICE CLASS RTOS Condition cause : null
2025-08-19 08:01:23,464 [WARN] PackLoader:240 - Cannot read IP mode file for STMicroelectronics.X-CUBE-GNSS1.7.0.1
2025-08-19 08:01:23,650 [WARN] PackLoader:240 - Cannot read IP mode file for STMicroelectronics.X-CUBE-TOUCHGFX.4.25.0
2025-08-19 08:01:23,667 [WARN] PackLoader:240 - Cannot read IP mode file for STMicroelectronics.FP-SNS-STBOX1.2.0.0
2025-08-19 08:01:23,679 [WARN] ConditionMgr:438 - getConditionDescription Invalid condition id : Cortex-A Device cause : null
2025-08-19 08:01:23,764 [INFO] UserAuth:486 - Internet connection configuration mode: 1
2025-08-19 08:01:23,822 [WARN] ConditionMgr:1044 - genDependencies : Invalid condition id : Cortex-A Device cause : null
2025-08-19 08:01:23,822 [WARN] ConditionMgr:1044 - genDependencies : Invalid condition id : Cortex-A Device cause : null
2025-08-19 08:01:23,824 [WARN] ConditionMgr:1044 - genDependencies : Invalid condition id : Cortex-A Device cause : null
2025-08-19 08:01:23,838 [WARN] PackLoader:240 - Cannot read IP mode file for STMicroelectronics.X-CUBE-SUBG2.5.0.0
2025-08-19 08:01:23,972 [WARN] PackLoader:240 - Cannot read IP mode file for STMicroelectronics.X-CUBE-AZRTOS-H7RS.1.1.0
2025-08-19 08:01:23,999 [WARN] PackLoader:240 - Cannot read IP mode file for Cesanta.I-CUBE-Mongoose.7.13.0
2025-08-19 08:01:24,214 [WARN] PackLoader:240 - Cannot read IP mode file for STMicroelectronics.X-CUBE-AZRTOS-G4.2.0.0
2025-08-19 08:01:24,229 [WARN] PackLoader:240 - Cannot read IP mode file for wolfSSL.I-CUBE-wolfSSH.1.4.20
2025-08-19 08:01:24,236 [WARN] PackLoader:240 - Cannot read IP mode file for STMicroelectronics.X-CUBE-NFC7.2.0.0
2025-08-19 08:01:24,297 [WARN] PackLoader:240 - Cannot read IP mode file for STMicroelectronics.X-CUBE-IPS.3.1.0
2025-08-19 08:01:24,314 [WARN] PackLoader:240 - Cannot read IP mode file for STMicroelectronics.X-CUBE-ALS.1.0.2
2025-08-19 08:01:24,339 [WARN] PackLoader:240 - Cannot read IP mode file for portGmbH.I-Cube-SoM-uGOAL.1.1.0
2025-08-19 08:01:24,367 [WARN] PackLoader:240 - Cannot read IP mode file for STMicroelectronics.X-CUBE-TOF1.3.4.3
2025-08-19 08:01:24,382 [INFO] ThirdParty:978 - Integrity check success = true
2025-08-19 08:01:24,383 [INFO] IntegrityCheckThread:100 - exiting critical section [integrity check]
2025-08-19 08:01:24,383 [INFO] IntegrityCheckThread:103 - End integrity checks thread
2025-08-19 09:05:59,416 [ERROR] ConfigurationRetriever:142 - IOException on connection: Read timed out
2025-08-19 16:01:49,202 [INFO] WebApp:194 - Connection lost
2025-08-19 16:01:53,537 [INFO] WebApp:191 - Connection restablished
2025-08-19 16:02:21,194 [ERROR] LogOutputStream:75 - [STDERR_REDIRECT] 16:02:21.191 ERROR Chromium process exit code: 1
2025-08-19 16:02:21,195 [ERROR] LogOutputStream:75 - [STDERR_REDIRECT] 
2025-08-19 16:02:21,198 [ERROR] LogOutputStream:75 - [STDERR_REDIRECT] 16:02:21.195 ERROR Crash dump dir: C:\Users\user\AppData\Local\JxBrowser\7.41.4\CrashReports
2025-08-19 16:02:21,198 [ERROR] LogOutputStream:75 - [STDERR_REDIRECT] 
2025-08-19 16:02:21,201 [ERROR] WebApp:412 - JxBrowser engine crashed! Exit code: 1
2025-08-19 16:35:07,126 [INFO] Activator:176 - 


2025-08-19 16:35:07,130 [INFO] Activator:177 - !SESSION log4j initialized
2025-08-19 16:35:18,430 [INFO] LogOutputStream:77 - [STDOUT_REDIRECT] 
2025-08-19 16:35:21,365 [INFO] ApplicationProperties:184 - Using Application install path: C:\ST\STM32CubeIDE_1.18.0\STM32CubeIDE\plugins\com.st.stm32cube.common.mx_6.14.0.202502271554
2025-08-19 16:35:21,401 [INFO] DbMcusXml:78 - Set database path to: C:\ST\STM32CubeIDE_1.18.0\STM32CubeIDE\plugins\com.st.stm32cube.common.mx_6.14.0.202502271554\\db\/mcu/
2025-08-19 16:35:21,401 [INFO] ApiDb:274 - Set plugin database path to: C:\ST\STM32CubeIDE_1.18.0\STM32CubeIDE\plugins\com.st.stm32cube.common.mx_6.14.0.202502271554\\db\/plugins/boardmanager/
2025-08-19 16:35:21,402 [WARN] ApiDb:259 - Overriding images path with different value:  => C:\ST\STM32CubeIDE_1.18.0\STM32CubeIDE\plugins\com.st.stm32cube.common.mx_6.14.0.202502271554\\db\/plugins/mcufinder/images/
2025-08-19 16:35:21,419 [INFO] ApiDb:250 - Set database path to: C:\Users\user\.stmcufinder\plugins\mcufinder//mcu/
2025-08-19 16:35:21,421 [INFO] DbMcusAds:125 - Set database path to: C:\Users\user\.stmcufinder\plugins\mcufinder//mcu/
2025-08-19 16:35:21,425 [INFO] CrossReferenceDbSqlite:203 - Set database path to: C:\Users\user\.stmcufinder\plugins\mcufinder//mcu/cs/
2025-08-19 16:35:21,630 [INFO] RulesReader:64 - Compatibility file has been processed (301 Rules)
2025-08-19 16:35:21,778 [INFO] DbMcusXml:78 - Set database path to: C:\ST\STM32CubeIDE_1.18.0\STM32CubeIDE\plugins\com.st.stm32cube.common.mx_6.14.0.202502271554\\db\/mcu/
2025-08-19 16:35:21,778 [INFO] ApiDb:274 - Set plugin database path to: C:\ST\STM32CubeIDE_1.18.0\STM32CubeIDE\plugins\com.st.stm32cube.common.mx_6.14.0.202502271554\\db\/plugins/boardmanager/
2025-08-19 16:35:21,778 [INFO] ApiDb:261 - Set plugin images path to: C:\ST\STM32CubeIDE_1.18.0\STM32CubeIDE\plugins\com.st.stm32cube.common.mx_6.14.0.202502271554\\db\/plugins/mcufinder/images/
2025-08-19 16:35:21,779 [WARN] DbFile:41 - Overriding database path with different value: C:\Users\user\.stmcufinder\plugins\mcufinder/ => C:\Users\user\.stmcufinder\plugins\mcufinder
2025-08-19 16:35:21,779 [INFO] ApiDb:250 - Set database path to: C:\Users\user\.stmcufinder\plugins\mcufinder//mcu/
2025-08-19 16:35:21,779 [WARN] DbFile:41 - Overriding database path with different value: C:\Users\user\.stmcufinder\plugins\mcufinder/ => C:\Users\user\.stmcufinder\plugins\mcufinder
2025-08-19 16:35:21,779 [INFO] DbMcusAds:125 - Set database path to: C:\Users\user\.stmcufinder\plugins\mcufinder//mcu/
2025-08-19 16:35:21,779 [WARN] DbFile:41 - Overriding database path with different value: C:\Users\user\.stmcufinder\plugins\mcufinder/ => C:\Users\user\.stmcufinder\plugins\mcufinder
2025-08-19 16:35:21,780 [WARN] DbFile:41 - Overriding database path with different value: C:\Users\user\.stmcufinder\plugins\mcufinder/ => C:\Users\user\.stmcufinder\plugins\mcufinder
2025-08-19 16:35:21,780 [INFO] CrossReferenceDbSqlite:203 - Set database path to: C:\Users\user\.stmcufinder\plugins\mcufinder//mcu/cs/
2025-08-19 16:35:21,956 [INFO] MainPanel:272 - HeapMemory: 268435456
2025-08-19 16:35:22,178 [INFO] DbMcusXml:78 - Set database path to: C:\ST\STM32CubeIDE_1.18.0\STM32CubeIDE\plugins\com.st.stm32cube.common.mx_6.14.0.202502271554\\db\/mcu/
2025-08-19 16:35:22,178 [INFO] ApiDb:274 - Set plugin database path to: C:\ST\STM32CubeIDE_1.18.0\STM32CubeIDE\plugins\com.st.stm32cube.common.mx_6.14.0.202502271554\\db\/plugins/boardmanager/
2025-08-19 16:35:22,179 [INFO] ApiDb:261 - Set plugin images path to: C:\ST\STM32CubeIDE_1.18.0\STM32CubeIDE\plugins\com.st.stm32cube.common.mx_6.14.0.202502271554\\db\/plugins/mcufinder/images/
2025-08-19 16:35:22,179 [WARN] DbFile:41 - Overriding database path with different value: C:\Users\user\.stmcufinder\plugins\mcufinder/ => C:\Users\user\.stmcufinder\plugins\mcufinder
2025-08-19 16:35:22,179 [INFO] ApiDb:250 - Set database path to: C:\Users\user\.stmcufinder\plugins\mcufinder//mcu/
2025-08-19 16:35:22,179 [WARN] DbFile:41 - Overriding database path with different value: C:\Users\user\.stmcufinder\plugins\mcufinder/ => C:\Users\user\.stmcufinder\plugins\mcufinder
2025-08-19 16:35:22,180 [INFO] DbMcusAds:125 - Set database path to: C:\Users\user\.stmcufinder\plugins\mcufinder//mcu/
2025-08-19 16:35:22,180 [WARN] DbFile:41 - Overriding database path with different value: C:\Users\user\.stmcufinder\plugins\mcufinder/ => C:\Users\user\.stmcufinder\plugins\mcufinder
2025-08-19 16:35:22,180 [WARN] DbFile:41 - Overriding database path with different value: C:\Users\user\.stmcufinder\plugins\mcufinder/ => C:\Users\user\.stmcufinder\plugins\mcufinder
2025-08-19 16:35:22,180 [INFO] CrossReferenceDbSqlite:203 - Set database path to: C:\Users\user\.stmcufinder\plugins\mcufinder//mcu/cs/
2025-08-19 16:35:22,209 [INFO] ApplicationProperties:184 - Using Application install path: C:\ST\STM32CubeIDE_1.18.0\STM32CubeIDE\plugins\com.st.stm32cube.common.mx_6.14.0.202502271554
2025-08-19 16:35:22,211 [INFO] PluginManage:196 - Search for loadable plugins [exclusion list=, ]
2025-08-19 16:35:22,213 [INFO] PluginManage:310 - Check plugin analytics
2025-08-19 16:35:22,522 [INFO] AnalyticsPlugin:253 - Accepted Software Licenses: 
2025-08-19 16:35:22,522 [INFO] AnalyticsPlugin:255 - Accepted CMSIS Pack Licenses: 
2025-08-19 16:35:22,523 [INFO] AnalyticsPlugin:257 - Accepted Firmware Licenses: FW.F4.1.28.0
2025-08-19 16:35:22,526 [INFO] PluginManage:359 - Loaded plugin analytics (category:tool,tabindex:-1)
2025-08-19 16:35:22,527 [INFO] PluginManage:310 - Check plugin cadmodel
2025-08-19 16:35:22,537 [INFO] CADModel:105 - Init CAD model plugin
2025-08-19 16:35:22,538 [INFO] PluginManage:359 - Loaded plugin cadmodel (category:power,tabindex:5)
2025-08-19 16:35:22,538 [INFO] PluginManage:310 - Check plugin clock
2025-08-19 16:35:22,560 [INFO] PluginManage:359 - Loaded plugin clock (category:base,tabindex:2)
2025-08-19 16:35:22,560 [INFO] PluginManage:310 - Check plugin ddr
2025-08-19 16:35:22,567 [INFO] PluginManage:359 - Loaded plugin ddr (category:tool,tabindex:6)
2025-08-19 16:35:22,568 [INFO] PluginManage:310 - Check plugin filemanager
2025-08-19 16:35:22,807 [INFO] PluginManage:359 - Loaded plugin filemanager (category:base,tabindex:10)
2025-08-19 16:35:22,808 [INFO] PluginManage:310 - Check plugin ipmanager
2025-08-19 16:35:22,817 [INFO] PluginManage:359 - Loaded plugin ipmanager (category:base,tabindex:5)
2025-08-19 16:35:22,817 [INFO] PluginManage:310 - Check plugin lpbam
2025-08-19 16:35:22,829 [INFO] PluginManage:359 - Loaded plugin lpbam (category:base,tabindex:0)
2025-08-19 16:35:22,830 [INFO] PluginManage:310 - Check plugin memorymap
2025-08-19 16:35:22,856 [INFO] PluginManage:359 - Loaded plugin memorymap (category:base,tabindex:4)
2025-08-19 16:35:22,857 [INFO] PluginManage:310 - Check plugin pinoutandconfiguration
2025-08-19 16:35:22,872 [INFO] PluginManage:359 - Loaded plugin pinoutandconfiguration (category:base,tabindex:1)
2025-08-19 16:35:22,873 [INFO] PluginManage:310 - Check plugin pinoutconfig
2025-08-19 16:35:23,042 [WARN] SupportedApi:132 - Cannot load RTOS API schema: s4s-elt-must-match.1: The content of 'definitions' must match (annotation?, (simpleType | complexType)?, (unique | key | keyref)*)). A problem was found starting at: attribute.
2025-08-19 16:35:23,265 [INFO] PluginManage:359 - Loaded plugin pinoutconfig (category:base,tabindex:0)
2025-08-19 16:35:23,265 [INFO] PluginManage:310 - Check plugin power
2025-08-19 16:35:23,283 [INFO] PluginManage:359 - Loaded plugin power (category:power,tabindex:4)
2025-08-19 16:35:23,283 [INFO] PluginManage:310 - Check plugin projectmanager
2025-08-19 16:35:23,305 [INFO] PluginManage:359 - Loaded plugin projectmanager (category:projectmanager,tabindex:4)
2025-08-19 16:35:23,306 [INFO] PluginManage:310 - Check plugin rif
2025-08-19 16:35:23,316 [INFO] PluginManage:359 - Loaded plugin rif (category:base,tabindex:3)
2025-08-19 16:35:23,317 [INFO] PluginManage:310 - Check plugin thirdparty
2025-08-19 16:35:23,521 [INFO] PluginManage:359 - Loaded plugin thirdparty (category:base,tabindex:-1)
2025-08-19 16:35:23,521 [INFO] PluginManage:310 - Check plugin tools
2025-08-19 16:35:23,521 [WARN] IntegrityCheckThread:84 - waiting for thirdparty lock release [integrity check]
2025-08-19 16:35:23,522 [INFO] IntegrityCheckThread:86 - entering critical section [integrity check]
2025-08-19 16:35:23,523 [INFO] ThirdPartyUpdaterWithRetryManager:70 - Updater plugin not ready yet. [1/15]
2025-08-19 16:35:23,526 [INFO] PluginManage:359 - Loaded plugin tools (category:base,tabindex:7)
2025-08-19 16:35:23,526 [INFO] PluginManage:310 - Check plugin tutovideos
2025-08-19 16:35:23,751 [INFO] PluginManage:359 - Loaded plugin tutovideos (category:base,tabindex:-1)
2025-08-19 16:35:23,752 [INFO] PluginManage:310 - Check plugin updater
2025-08-19 16:35:23,784 [INFO] PluginManage:359 - Loaded plugin updater (category:base,tabindex:12)
2025-08-19 16:35:23,785 [INFO] PluginManage:310 - Check plugin userauth
2025-08-19 16:35:23,790 [INFO] UserAuth:118 - Init User Auth plugin
2025-08-19 16:35:23,792 [INFO] PluginManage:359 - Loaded plugin userauth (category:base,tabindex:14)
2025-08-19 16:35:23,792 [INFO] PluginManage:283 - PluginManage : Loaded plugins [18]
2025-08-19 16:35:24,111 [INFO] PinOutPanel:1589 - setPackage(No Configuration,No Configuration)
2025-08-19 16:35:24,220 [INFO] CADModel:165 - CPN selected for project level
2025-08-19 16:35:24,220 [INFO] CADModel:114 - Register for checkConnection events
2025-08-19 16:35:24,241 [INFO] IPUIPlugin:80 - create IPUIPlugin
2025-08-19 16:35:24,241 [INFO] PluginManager:220 - loadIPPluginJar : add adc
2025-08-19 16:35:24,245 [INFO] IPUIPlugin:80 - create IPUIPlugin
2025-08-19 16:35:24,245 [INFO] PluginManager:220 - loadIPPluginJar : add aes
2025-08-19 16:35:24,248 [INFO] IPUIPlugin:80 - create IPUIPlugin
2025-08-19 16:35:24,249 [INFO] PluginManager:220 - loadIPPluginJar : add can
2025-08-19 16:35:24,251 [INFO] IPUIPlugin:80 - create IPUIPlugin
2025-08-19 16:35:24,251 [INFO] PluginManager:220 - loadIPPluginJar : add comp
2025-08-19 16:35:24,254 [INFO] IPUIPlugin:80 - create IPUIPlugin
2025-08-19 16:35:24,254 [INFO] PluginManager:220 - loadIPPluginJar : add cryp
2025-08-19 16:35:24,260 [INFO] IPUIPlugin:80 - create IPUIPlugin
2025-08-19 16:35:24,260 [INFO] PluginManager:220 - loadIPPluginJar : add ddr_ctrl_phy
2025-08-19 16:35:24,264 [INFO] IPUIPlugin:80 - create IPUIPlugin
2025-08-19 16:35:24,264 [INFO] PluginManager:220 - loadIPPluginJar : add dfsdm
2025-08-19 16:35:24,270 [INFO] IPUIPlugin:80 - create IPUIPlugin
2025-08-19 16:35:24,270 [INFO] PluginManager:220 - loadIPPluginJar : add dma
2025-08-19 16:35:24,278 [INFO] IPUIPlugin:80 - create IPUIPlugin
2025-08-19 16:35:24,278 [INFO] PluginManager:220 - loadIPPluginJar : add dma3
2025-08-19 16:35:24,281 [INFO] IPUIPlugin:80 - create IPUIPlugin
2025-08-19 16:35:24,281 [INFO] PluginManager:220 - loadIPPluginJar : add extmemmanager
2025-08-19 16:35:24,283 [INFO] IPUIPlugin:80 - create IPUIPlugin
2025-08-19 16:35:24,283 [INFO] PluginManager:220 - loadIPPluginJar : add fatfs
2025-08-19 16:35:24,288 [INFO] IPUIPlugin:80 - create IPUIPlugin
2025-08-19 16:35:24,289 [INFO] PluginManager:220 - loadIPPluginJar : add fmc
2025-08-19 16:35:24,295 [INFO] IPUIPlugin:80 - create IPUIPlugin
2025-08-19 16:35:24,295 [INFO] PluginManager:220 - loadIPPluginJar : add freertos
2025-08-19 16:35:24,297 [INFO] IPUIPlugin:80 - create IPUIPlugin
2025-08-19 16:35:24,297 [INFO] PluginManager:220 - loadIPPluginJar : add genericplugin
2025-08-19 16:35:24,301 [INFO] IPUIPlugin:80 - create IPUIPlugin
2025-08-19 16:35:24,301 [INFO] PluginManager:220 - loadIPPluginJar : add gfxmmu
2025-08-19 16:35:24,307 [INFO] IPUIPlugin:80 - create IPUIPlugin
2025-08-19 16:35:24,308 [INFO] PluginManager:220 - loadIPPluginJar : add gic
2025-08-19 16:35:24,313 [INFO] IPUIPlugin:80 - create IPUIPlugin
2025-08-19 16:35:24,313 [INFO] PluginManager:220 - loadIPPluginJar : add gpio
2025-08-19 16:35:24,317 [INFO] IPUIPlugin:80 - create IPUIPlugin
2025-08-19 16:35:24,318 [INFO] PluginManager:220 - loadIPPluginJar : add gtzc
2025-08-19 16:35:24,321 [INFO] IPUIPlugin:80 - create IPUIPlugin
2025-08-19 16:35:24,322 [INFO] PluginManager:220 - loadIPPluginJar : add hash
2025-08-19 16:35:24,325 [INFO] IPUIPlugin:80 - create IPUIPlugin
2025-08-19 16:35:24,326 [INFO] PluginManager:220 - loadIPPluginJar : add i2c
2025-08-19 16:35:24,329 [INFO] IPUIPlugin:80 - create IPUIPlugin
2025-08-19 16:35:24,329 [INFO] PluginManager:220 - loadIPPluginJar : add i2s
2025-08-19 16:35:24,334 [INFO] IPUIPlugin:80 - create IPUIPlugin
2025-08-19 16:35:24,334 [INFO] PluginManager:220 - loadIPPluginJar : add i3c
2025-08-19 16:35:24,338 [INFO] IPUIPlugin:80 - create IPUIPlugin
2025-08-19 16:35:24,339 [INFO] PluginManager:220 - loadIPPluginJar : add ipddr
2025-08-19 16:35:24,350 [INFO] IPUIPlugin:80 - create IPUIPlugin
2025-08-19 16:35:24,350 [INFO] PluginManager:220 - loadIPPluginJar : add linkedlist
2025-08-19 16:35:24,355 [INFO] IPUIPlugin:80 - create IPUIPlugin
2025-08-19 16:35:24,355 [INFO] PluginManager:220 - loadIPPluginJar : add lorawan
2025-08-19 16:35:24,357 [INFO] IPUIPlugin:80 - create IPUIPlugin
2025-08-19 16:35:24,358 [INFO] PluginManager:220 - loadIPPluginJar : add ltdc
2025-08-19 16:35:24,366 [INFO] IPUIPlugin:80 - create IPUIPlugin
2025-08-19 16:35:24,366 [INFO] PluginManager:220 - loadIPPluginJar : add mdma
2025-08-19 16:35:24,372 [INFO] IPUIPlugin:80 - create IPUIPlugin
2025-08-19 16:35:24,372 [INFO] PluginManager:220 - loadIPPluginJar : add nvic
2025-08-19 16:35:24,376 [INFO] IPUIPlugin:80 - create IPUIPlugin
2025-08-19 16:35:24,376 [INFO] PluginManager:220 - loadIPPluginJar : add opamp
2025-08-19 16:35:24,382 [INFO] IPUIPlugin:80 - create IPUIPlugin
2025-08-19 16:35:24,383 [INFO] PluginManager:220 - loadIPPluginJar : add openamp
2025-08-19 16:35:24,388 [INFO] IPUIPlugin:80 - create IPUIPlugin
2025-08-19 16:35:24,388 [INFO] PluginManager:220 - loadIPPluginJar : add pdm2pcm
2025-08-19 16:35:24,397 [INFO] IPUIPlugin:80 - create IPUIPlugin
2025-08-19 16:35:24,401 [INFO] PluginManager:220 - loadIPPluginJar : add plateformsettings
2025-08-19 16:35:24,403 [INFO] IPUIPlugin:80 - create IPUIPlugin
2025-08-19 16:35:24,403 [INFO] PluginManager:220 - loadIPPluginJar : add quadspi
2025-08-19 16:35:24,406 [INFO] IPUIPlugin:80 - create IPUIPlugin
2025-08-19 16:35:24,407 [INFO] PluginManager:220 - loadIPPluginJar : add radio
2025-08-19 16:35:24,412 [INFO] IPUIPlugin:80 - create IPUIPlugin
2025-08-19 16:35:24,413 [INFO] PluginManager:220 - loadIPPluginJar : add resmgrutility
2025-08-19 16:35:24,416 [INFO] IPUIPlugin:80 - create IPUIPlugin
2025-08-19 16:35:24,416 [INFO] PluginManager:220 - loadIPPluginJar : add sai
2025-08-19 16:35:24,420 [INFO] IPUIPlugin:80 - create IPUIPlugin
2025-08-19 16:35:24,420 [INFO] PluginManager:220 - loadIPPluginJar : add spi
2025-08-19 16:35:24,427 [INFO] IPUIPlugin:80 - create IPUIPlugin
2025-08-19 16:35:24,427 [INFO] PluginManager:220 - loadIPPluginJar : add stm32_wpan
2025-08-19 16:35:24,429 [INFO] IPUIPlugin:80 - create IPUIPlugin
2025-08-19 16:35:24,429 [INFO] PluginManager:220 - loadIPPluginJar : add tim
2025-08-19 16:35:24,434 [INFO] IPUIPlugin:80 - create IPUIPlugin
2025-08-19 16:35:24,434 [INFO] PluginManager:220 - loadIPPluginJar : add touchsensing
2025-08-19 16:35:24,437 [INFO] IPUIPlugin:80 - create IPUIPlugin
2025-08-19 16:35:24,437 [INFO] PluginManager:220 - loadIPPluginJar : add tracer_emb
2025-08-19 16:35:24,440 [INFO] IPUIPlugin:80 - create IPUIPlugin
2025-08-19 16:35:24,440 [INFO] PluginManager:220 - loadIPPluginJar : add ts
2025-08-19 16:35:24,443 [INFO] IPUIPlugin:80 - create IPUIPlugin
2025-08-19 16:35:24,443 [INFO] PluginManager:220 - loadIPPluginJar : add tsc
2025-08-19 16:35:24,446 [INFO] IPUIPlugin:80 - create IPUIPlugin
2025-08-19 16:35:24,446 [INFO] PluginManager:220 - loadIPPluginJar : add ucpd
2025-08-19 16:35:24,450 [INFO] IPUIPlugin:80 - create IPUIPlugin
2025-08-19 16:35:24,450 [INFO] PluginManager:220 - loadIPPluginJar : add usart
2025-08-19 16:35:24,454 [INFO] IPUIPlugin:80 - create IPUIPlugin
2025-08-19 16:35:24,455 [INFO] PluginManager:220 - loadIPPluginJar : add usbx
2025-08-19 16:35:24,606 [FATAL] Updater:351 - Updater called before beeing initialized
2025-08-19 16:35:24,643 [INFO] RulesReader:64 - Compatibility file has been processed (301 Rules)
2025-08-19 16:35:24,657 [INFO] RulesReader:64 - Compatibility file has been processed (301 Rules)
2025-08-19 16:35:24,667 [INFO] CADModel:165 - CPN selected for project level
2025-08-19 16:35:24,667 [INFO] CADModel:114 - Register for checkConnection events
2025-08-19 16:35:24,668 [FATAL] Updater:351 - Updater called before beeing initialized
2025-08-19 16:35:24,668 [ERROR] CADModel:125 - Updater not yet initialized, retry later 
2025-08-19 16:35:24,874 [FATAL] Updater:351 - Updater called before beeing initialized
2025-08-19 16:35:24,877 [INFO] CADModel:165 - CPN selected for project level
2025-08-19 16:35:24,877 [INFO] CADModel:114 - Register for checkConnection events
2025-08-19 16:35:24,877 [FATAL] Updater:351 - Updater called before beeing initialized
2025-08-19 16:35:24,877 [ERROR] CADModel:125 - Updater not yet initialized, retry later 
2025-08-19 16:35:24,882 [FATAL] Updater:351 - Updater called before beeing initialized
2025-08-19 16:35:25,036 [FATAL] Updater:351 - Updater called before beeing initialized
2025-08-19 16:35:25,042 [INFO] DbMcusAds:53 - JSON generation date=Tue Jul 08 13:44:23 IST 2025 (1751962463582)
2025-08-19 16:35:25,043 [FATAL] Updater:351 - Updater called before beeing initialized
2025-08-19 16:35:25,089 [WARN] DetailPanel:346 - Failed to get advertising image, set to default
2025-08-19 16:35:25,419 [FATAL] Updater:351 - Updater called before beeing initialized
2025-08-19 16:35:25,420 [FATAL] Updater:351 - Updater called before beeing initialized
2025-08-19 16:35:25,420 [FATAL] Updater:351 - Updater called before beeing initialized
2025-08-19 16:35:25,420 [WARN] DetailPanel:346 - Failed to get advertising image, set to default
2025-08-19 16:35:25,421 [FATAL] Updater:351 - Updater called before beeing initialized
2025-08-19 16:35:25,500 [ERROR] Updater:1198 - MainUpdater not yet initialized. External WinMGr cannot be set.
2025-08-19 16:35:25,502 [INFO] Updater:1134 - Updater Version found : 6.14.0
2025-08-19 16:35:25,528 [INFO] ApplicationProperties:184 - Using Application install path: C:\ST\STM32CubeIDE_1.18.0\STM32CubeIDE\plugins\com.st.stm32cube.common.mx_6.14.0.202502271554
2025-08-19 16:35:26,525 [INFO] ThirdPartyUpdaterWithRetryManager:70 - Updater plugin not ready yet. [2/15]
2025-08-19 16:35:27,100 [ERROR] LogOutputStream:75 - [STDERR_REDIRECT] Aug 19, 2025 4:35:27 PM java.util.prefs.WindowsPreferences <init>
2025-08-19 16:35:27,102 [ERROR] LogOutputStream:75 - [STDERR_REDIRECT] WARNING: Could not open/create prefs root node Software\JavaSoft\Prefs at root 0xffffffff80000002. Windows RegCreateKeyEx(...) returned error code 5.
2025-08-19 16:35:27,102 [ERROR] LogOutputStream:75 - [STDERR_REDIRECT] 
2025-08-19 16:35:27,692 [INFO] MainUpdater:2872 - connection check result : 10
2025-08-19 16:35:27,693 [INFO] MainUpdater:289 - Updater Check For Update Now.
2025-08-19 16:35:27,694 [INFO] MicroXplorer:498 - Change Database Version : DB.6.0.140
2025-08-19 16:35:27,702 [INFO] McuFinderGlobals:63 - Set McuFinder mode to 2 (CubeIDE integrated)
2025-08-19 16:35:27,704 [INFO] UserAuth:486 - Internet connection configuration mode: 1
2025-08-19 16:35:27,742 [INFO] JxBrowserEngine:152 - Initiate JxBrowser Engine with user profile folder
2025-08-19 16:35:27,959 [INFO] CheckServerUpdateThread:120 - End of CheckServer Thread
2025-08-19 16:35:29,911 [INFO] WebApp:169 - Instantiating new browser for Auth
2025-08-19 16:35:30,113 [WARN] PackLoader:240 - Cannot read IP mode file for STMicroelectronics.FP-SNS-MOTENVWB1.1.4.0
2025-08-19 16:35:30,128 [WARN] PackLoader:240 - Cannot read IP mode file for STMicroelectronics.FP-ATR-ASTRA1.2.0.2
2025-08-19 16:35:30,150 [WARN] PackLoader:240 - Cannot read IP mode file for STMicroelectronics.X-CUBE-SMBUS.2.1.0
2025-08-19 16:35:30,164 [WARN] PackLoader:240 - Cannot read IP mode file for STMicroelectronics.X-CUBE-ST60.1.0.0
2025-08-19 16:35:30,260 [WARN] PackLoader:240 - Cannot read IP mode file for STMicroelectronics.X-CUBE-AZRTOS-F7.1.1.0
2025-08-19 16:35:30,326 [WARN] PackLoader:240 - Cannot read IP mode file for Infineon.AIROC-Wi-Fi-Bluetooth-STM32.1.7.1
2025-08-19 16:35:30,439 [WARN] PackLoader:240 - Cannot read IP mode file for STMicroelectronics.X-CUBE-AZRTOS-H7.3.4.0
2025-08-19 16:35:30,466 [WARN] PackLoader:240 - Cannot read IP mode file for STMicroelectronics.X-CUBE-DISPLAY.3.0.0
2025-08-19 16:35:30,493 [WARN] PackLoader:240 - Cannot read IP mode file for STMicroelectronics.X-CUBE-NFC10.1.0.0
2025-08-19 16:35:30,507 [WARN] PackLoader:240 - Cannot read IP mode file for emotas.I-CUBE-CANOPEN.1.3.0
2025-08-19 16:35:30,571 [ERROR] Engine:466 - C:\Users\user\.stm32cubemx\thirdparties\pdsc\STMicroelectronics.FP-SNS-STBOX1.2.1.0.pdsc: PDSC version is not supported
2025-08-19 16:35:30,582 [WARN] PackLoader:240 - Cannot read IP mode file for STMicroelectronics.FP-SNS-SMARTAG2.1.2.0
2025-08-19 16:35:30,620 [WARN] PackLoader:240 - Cannot read IP mode file for STMicroelectronics.FP-SNS-FLIGHT1.5.1.0
2025-08-19 16:35:30,643 [INFO] LogOutputStream:77 - [STDOUT_REDIRECT] 1 : Invalid condition id : UX_CORESTACK_Condition cause : null
2025-08-19 16:35:30,645 [INFO] LogOutputStream:77 - [STDOUT_REDIRECT] 1 : Invalid condition id : UX_CORESTACK_Condition cause : null
2025-08-19 16:35:30,650 [INFO] LogOutputStream:77 - [STDOUT_REDIRECT] 1 : Invalid condition id : UX_CORESTACK_Condition cause : null
2025-08-19 16:35:30,652 [INFO] LogOutputStream:77 - [STDOUT_REDIRECT] 1 : Invalid condition id : UX_CORESTACK_Condition cause : null
2025-08-19 16:35:30,653 [INFO] LogOutputStream:77 - [STDOUT_REDIRECT] 1 : Invalid condition id : UX_CORESTACK_Condition cause : null
2025-08-19 16:35:30,666 [WARN] PackLoader:240 - Cannot read IP mode file for STMicroelectronics.X-CUBE-AZRTOS-WL.2.0.0
2025-08-19 16:35:30,677 [WARN] PackLoader:240 - Cannot read IP mode file for STMicroelectronics.FP-SNS-MOTENV1.5.0.0
2025-08-19 16:35:30,698 [WARN] PackLoader:240 - Cannot read IP mode file for WES.I-CUBE-Cesium.1.3.0
2025-08-19 16:35:30,704 [WARN] PackLoader:240 - Cannot read IP mode file for STMicroelectronics.X-CUBE-BLE2.3.3.0
2025-08-19 16:35:30,714 [WARN] PackLoader:240 - Cannot read IP mode file for STMicroelectronics.X-CUBE-NFC9.1.0.0
2025-08-19 16:35:30,724 [WARN] PackLoader:240 - Cannot read IP mode file for wolfSSL.I-CUBE-wolfSSL.5.8.2
2025-08-19 16:35:30,731 [WARN] PackLoader:240 - Cannot read IP mode file for STMicroelectronics.X-CUBE-BLE1.7.1.0
2025-08-19 16:35:30,744 [WARN] PackLoader:240 - Cannot read IP mode file for wolfSSL.I-CUBE-wolfMQTT.1.19.2
2025-08-19 16:35:30,755 [WARN] PackLoader:240 - Cannot read IP mode file for STMicroelectronics.X-CUBE-EEPRMA1.5.2.0
2025-08-19 16:35:30,810 [WARN] PackLoader:240 - Cannot read IP mode file for STMicroelectronics.X-CUBE-AI.10.1.0
2025-08-19 16:35:30,860 [WARN] PackLoader:240 - Cannot read IP mode file for STMicroelectronics.X-CUBE-AZRTOS-G0.1.1.0
2025-08-19 16:35:30,874 [WARN] PackLoader:240 - Cannot read IP mode file for STMicroelectronics.X-CUBE-SAFEA1.1.2.2
2025-08-19 16:35:30,884 [WARN] PackLoader:240 - Cannot read IP mode file for STMicroelectronics.X-CUBE-NFC4.3.0.0
2025-08-19 16:35:30,896 [WARN] PackLoader:240 - Cannot read IP mode file for EmbeddedOffice.I-CUBE-FS-RTOS.1.0.1
2025-08-19 16:35:30,944 [WARN] PackLoader:240 - Cannot read IP mode file for STMicroelectronics.X-CUBE-WB05N.2.0.0
2025-08-19 16:35:30,952 [WARN] PackLoader:240 - Cannot read IP mode file for wolfSSL.I-CUBE-wolfTPM.3.8.0
2025-08-19 16:35:30,960 [WARN] PackLoader:240 - Cannot read IP mode file for STMicroelectronics.X-CUBE-TCPP.4.2.0
2025-08-19 16:35:30,970 [WARN] PackLoader:240 - Cannot read IP mode file for RealThread.X-CUBE-RT-Thread_Nano.4.1.1
2025-08-19 16:35:31,033 [WARN] PackLoader:240 - Cannot read IP mode file for STMicroelectronics.FP-ATR-SIGFOX1.3.2.0
2025-08-19 16:35:31,044 [WARN] PackLoader:240 - Cannot read IP mode file for ITTIA_DB.I-CUBE-ITTIADB.8.9.0
2025-08-19 16:35:31,054 [WARN] PackLoader:240 - Cannot read IP mode file for STMicroelectronics.X-CUBE-ST67W61.1.0.0
2025-08-19 16:35:31,062 [WARN] PackLoader:240 - Cannot read IP mode file for STMicroelectronics.X-CUBE-AI.10.2.0
2025-08-19 16:35:31,102 [WARN] PackLoader:240 - Cannot read IP mode file for SEGGER.I-CUBE-embOS.1.3.1
2025-08-19 16:35:31,194 [WARN] PackLoader:240 - Cannot read IP mode file for STMicroelectronics.X-CUBE-ALGOBUILD.1.4.0
2025-08-19 16:35:31,295 [WARN] PackLoader:240 - Cannot read IP mode file for STMicroelectronics.X-CUBE-MEMS1.11.3.0
2025-08-19 16:35:31,548 [WARN] PackLoader:240 - Cannot read IP mode file for STMicroelectronics.X-CUBE-PM33A1.1.0.0
2025-08-19 16:35:31,571 [WARN] PackLoader:240 - Cannot read IP mode file for STMicroelectronics.X-CUBE-AZRTOS-F4.1.1.0
2025-08-19 16:35:31,581 [WARN] PackLoader:240 - Cannot read IP mode file for STMicroelectronics.X-CUBE-ISPU.2.1.0
2025-08-19 16:35:31,591 [WARN] PackLoader:240 - Cannot read IP mode file for STMicroelectronics.X-CUBE-NFC12.1.0.0
2025-08-19 16:35:31,644 [WARN] PackLoader:240 - Cannot read IP mode file for STMicroelectronics.X-CUBE-AZRTOS-L5.2.0.0
2025-08-19 16:35:31,664 [WARN] PackLoader:240 - Cannot read IP mode file for STMicroelectronics.X-CUBE-NFC6.3.1.0
2025-08-19 16:35:31,690 [WARN] PackLoader:240 - Cannot read IP mode file for STMicroelectronics.X-CUBE-FREERTOS.1.3.1
2025-08-19 16:35:31,698 [WARN] PackLoader:240 - Cannot read IP mode file for STMicroelectronics.FP-SNS-STAIOTCFT.1.0.0
2025-08-19 16:35:31,706 [WARN] PackLoader:240 - Cannot read IP mode file for STMicroelectronics.X-CUBE-DPower.1.3.0
2025-08-19 16:35:31,749 [WARN] ConditionMgr:438 - getConditionDescription Invalid condition id : LAN8742 Phy interface Condition cause : null
2025-08-19 16:35:31,751 [WARN] PackLoader:240 - Cannot read IP mode file for STMicroelectronics.X-CUBE-AZRTOS-L4.2.0.0
2025-08-19 16:35:31,753 [WARN] ConditionMgr:1044 - genDependencies : Invalid condition id : LAN8742 Phy interface Condition cause : null
2025-08-19 16:35:31,754 [WARN] ConditionMgr:1044 - genDependencies : Invalid condition id : LAN8742 Phy interface Condition cause : null
2025-08-19 16:35:31,755 [WARN] ConditionMgr:1044 - genDependencies : Invalid condition id : LAN8742 Phy interface Condition cause : null
2025-08-19 16:35:31,766 [WARN] PackLoader:240 - Cannot read IP mode file for STMicroelectronics.X-CUBE-SFXS2LP1.4.0.0
2025-08-19 16:35:31,783 [WARN] PackLoader:240 - Cannot read IP mode file for STMicroelectronics.X-CUBE-BLEMGR.4.1.0
2025-08-19 16:35:31,805 [WARN] ConditionMgr:438 - getConditionDescription Invalid condition id : UX DEVICE CLASS RTOS Condition cause : null
2025-08-19 16:35:31,805 [WARN] ConditionMgr:438 - getConditionDescription Invalid condition id : UX DEVICE CLASS RTOS Condition cause : null
2025-08-19 16:35:31,808 [WARN] PackLoader:240 - Cannot read IP mode file for STMicroelectronics.X-CUBE-AZRTOS-WB.2.0.0
2025-08-19 16:35:31,809 [WARN] ConditionMgr:1044 - genDependencies : Invalid condition id : UX DEVICE CLASS RTOS Condition cause : null
2025-08-19 16:35:31,809 [WARN] ConditionMgr:1044 - genDependencies : Invalid condition id : UX DEVICE CLASS RTOS Condition cause : null
2025-08-19 16:35:31,810 [WARN] ConditionMgr:1044 - genDependencies : Invalid condition id : UX DEVICE CLASS RTOS Condition cause : null
2025-08-19 16:35:31,810 [WARN] ConditionMgr:1044 - genDependencies : Invalid condition id : UX DEVICE CLASS RTOS Condition cause : null
2025-08-19 16:35:31,810 [WARN] ConditionMgr:1044 - genDependencies : Invalid condition id : UX DEVICE CLASS RTOS Condition cause : null
2025-08-19 16:35:31,820 [WARN] PackLoader:240 - Cannot read IP mode file for STMicroelectronics.X-CUBE-GNSS1.7.0.1
2025-08-19 16:35:31,829 [WARN] PackLoader:240 - Cannot read IP mode file for STMicroelectronics.X-CUBE-TOUCHGFX.4.25.0
2025-08-19 16:35:31,839 [WARN] PackLoader:240 - Cannot read IP mode file for STMicroelectronics.FP-SNS-STBOX1.2.0.0
2025-08-19 16:35:31,849 [WARN] ConditionMgr:438 - getConditionDescription Invalid condition id : Cortex-A Device cause : null
2025-08-19 16:35:31,867 [WARN] ConditionMgr:1044 - genDependencies : Invalid condition id : Cortex-A Device cause : null
2025-08-19 16:35:31,867 [WARN] ConditionMgr:1044 - genDependencies : Invalid condition id : Cortex-A Device cause : null
2025-08-19 16:35:31,867 [WARN] ConditionMgr:1044 - genDependencies : Invalid condition id : Cortex-A Device cause : null
2025-08-19 16:35:31,881 [WARN] PackLoader:240 - Cannot read IP mode file for STMicroelectronics.X-CUBE-SUBG2.5.0.0
2025-08-19 16:35:31,912 [WARN] PackLoader:240 - Cannot read IP mode file for STMicroelectronics.X-CUBE-AZRTOS-H7RS.1.1.0
2025-08-19 16:35:31,921 [WARN] PackLoader:240 - Cannot read IP mode file for Cesanta.I-CUBE-Mongoose.7.13.0
2025-08-19 16:35:31,949 [WARN] PackLoader:240 - Cannot read IP mode file for STMicroelectronics.X-CUBE-AZRTOS-G4.2.0.0
2025-08-19 16:35:31,977 [WARN] PackLoader:240 - Cannot read IP mode file for wolfSSL.I-CUBE-wolfSSH.1.4.20
2025-08-19 16:35:31,985 [WARN] PackLoader:240 - Cannot read IP mode file for STMicroelectronics.X-CUBE-NFC7.2.0.0
2025-08-19 16:35:32,004 [WARN] PackLoader:240 - Cannot read IP mode file for STMicroelectronics.X-CUBE-IPS.3.1.0
2025-08-19 16:35:32,015 [WARN] PackLoader:240 - Cannot read IP mode file for STMicroelectronics.X-CUBE-ALS.1.0.2
2025-08-19 16:35:32,022 [WARN] PackLoader:240 - Cannot read IP mode file for portGmbH.I-Cube-SoM-uGOAL.1.1.0
2025-08-19 16:35:32,045 [WARN] PackLoader:240 - Cannot read IP mode file for STMicroelectronics.X-CUBE-TOF1.3.4.3
2025-08-19 16:35:32,061 [INFO] ThirdParty:978 - Integrity check success = true
2025-08-19 16:35:32,062 [INFO] IntegrityCheckThread:100 - exiting critical section [integrity check]
2025-08-19 16:35:32,062 [INFO] IntegrityCheckThread:103 - End integrity checks thread
2025-08-19 16:35:32,590 [INFO] WebApp:463 - Apply proxy settings
2025-08-19 16:35:32,590 [INFO] WebApp:548 - Chromium requires no authentication
2025-08-19 16:35:32,633 [INFO] WebApp:491 - Direct internet connection detected
2025-08-19 16:35:32,739 [INFO] WebApp:894 - Register for checkConnection events
2025-08-19 16:35:32,739 [INFO] WebApp:463 - Apply proxy settings
2025-08-19 16:35:32,739 [INFO] WebApp:548 - Chromium requires no authentication
2025-08-19 16:35:32,739 [INFO] WebApp:491 - Direct internet connection detected
2025-08-19 16:35:33,213 [INFO] WebApp:225 - Starting web application
2025-08-19 16:35:33,213 [INFO] WebApp:593 - Web application path used C:\ST\STM32CubeIDE_1.18.0\STM32CubeIDE\plugins\com.st.stm32cube.common.mx_6.14.0.202502271554\db\plugins\mcufinder\reactClient1\index.html
2025-08-19 16:35:33,572 [INFO] UserAuth:486 - Internet connection configuration mode: 1
2025-08-19 16:35:33,769 [INFO] WebApp:191 - Connection restablished
2025-08-19 16:37:22,841 [INFO] LogOutputStream:77 - [STDOUT_REDIRECT] StartTraceHandler.execute(), success : Collect=false
2025-08-19 16:37:26,565 [INFO] LogOutputStream:77 - [STDOUT_REDIRECT] StartTraceHandler.execute(), success : Collect=true
2025-08-19 16:39:00,132 [INFO] LogOutputStream:77 - [STDOUT_REDIRECT] StartTraceHandler.execute(), success : Collect=true
2025-08-19 16:40:42,689 [INFO] LogOutputStream:77 - [STDOUT_REDIRECT] StartTraceHandler.execute(), success : Collect=false
2025-08-19 16:40:44,167 [INFO] LogOutputStream:77 - [STDOUT_REDIRECT] StartTraceHandler.execute(), success : Collect=true
2025-08-19 17:07:20,598 [ERROR] ConfigurationRetriever:142 - IOException on connection: Connect timed out
2025-08-19 17:07:23,883 [ERROR] ConfigurationRetriever:142 - IOException on connection: Connect timed out
2025-08-19 19:14:10,021 [INFO] WebApp:194 - Connection lost
2025-08-19 19:14:14,545 [INFO] WebApp:191 - Connection restablished
2025-08-19 19:14:16,218 [INFO] WebApp:194 - Connection lost
2025-08-19 19:14:16,474 [INFO] WebApp:191 - Connection restablished
2025-08-19 20:41:06,584 [INFO] WebApp:194 - Connection lost
2025-08-19 20:41:07,000 [INFO] WebApp:191 - Connection restablished
2025-08-19 20:41:10,207 [INFO] WebApp:194 - Connection lost
2025-08-19 20:41:10,586 [INFO] WebApp:191 - Connection restablished
2025-08-19 22:35:58,156 [INFO] Activator:176 - 


2025-08-19 22:35:58,159 [INFO] Activator:177 - !SESSION log4j initialized
2025-08-19 22:36:10,049 [INFO] LogOutputStream:77 - [STDOUT_REDIRECT] 
2025-08-19 22:36:14,032 [INFO] ApplicationProperties:184 - Using Application install path: C:\ST\STM32CubeIDE_1.18.0\STM32CubeIDE\plugins\com.st.stm32cube.common.mx_6.14.0.202502271554
2025-08-19 22:36:14,058 [INFO] DbMcusXml:78 - Set database path to: C:\ST\STM32CubeIDE_1.18.0\STM32CubeIDE\plugins\com.st.stm32cube.common.mx_6.14.0.202502271554\\db\/mcu/
2025-08-19 22:36:14,059 [INFO] ApiDb:274 - Set plugin database path to: C:\ST\STM32CubeIDE_1.18.0\STM32CubeIDE\plugins\com.st.stm32cube.common.mx_6.14.0.202502271554\\db\/plugins/boardmanager/
2025-08-19 22:36:14,059 [WARN] ApiDb:259 - Overriding images path with different value:  => C:\ST\STM32CubeIDE_1.18.0\STM32CubeIDE\plugins\com.st.stm32cube.common.mx_6.14.0.202502271554\\db\/plugins/mcufinder/images/
2025-08-19 22:36:14,083 [INFO] ApiDb:250 - Set database path to: C:\Users\user\.stmcufinder\plugins\mcufinder//mcu/
2025-08-19 22:36:14,084 [INFO] DbMcusAds:125 - Set database path to: C:\Users\user\.stmcufinder\plugins\mcufinder//mcu/
2025-08-19 22:36:14,088 [INFO] CrossReferenceDbSqlite:203 - Set database path to: C:\Users\user\.stmcufinder\plugins\mcufinder//mcu/cs/
2025-08-19 22:36:14,265 [INFO] RulesReader:64 - Compatibility file has been processed (301 Rules)
2025-08-19 22:36:14,385 [INFO] DbMcusXml:78 - Set database path to: C:\ST\STM32CubeIDE_1.18.0\STM32CubeIDE\plugins\com.st.stm32cube.common.mx_6.14.0.202502271554\\db\/mcu/
2025-08-19 22:36:14,386 [INFO] ApiDb:274 - Set plugin database path to: C:\ST\STM32CubeIDE_1.18.0\STM32CubeIDE\plugins\com.st.stm32cube.common.mx_6.14.0.202502271554\\db\/plugins/boardmanager/
2025-08-19 22:36:14,386 [INFO] ApiDb:261 - Set plugin images path to: C:\ST\STM32CubeIDE_1.18.0\STM32CubeIDE\plugins\com.st.stm32cube.common.mx_6.14.0.202502271554\\db\/plugins/mcufinder/images/
2025-08-19 22:36:14,386 [WARN] DbFile:41 - Overriding database path with different value: C:\Users\user\.stmcufinder\plugins\mcufinder/ => C:\Users\user\.stmcufinder\plugins\mcufinder
2025-08-19 22:36:14,386 [INFO] ApiDb:250 - Set database path to: C:\Users\user\.stmcufinder\plugins\mcufinder//mcu/
2025-08-19 22:36:14,386 [WARN] DbFile:41 - Overriding database path with different value: C:\Users\user\.stmcufinder\plugins\mcufinder/ => C:\Users\user\.stmcufinder\plugins\mcufinder
2025-08-19 22:36:14,386 [INFO] DbMcusAds:125 - Set database path to: C:\Users\user\.stmcufinder\plugins\mcufinder//mcu/
2025-08-19 22:36:14,387 [WARN] DbFile:41 - Overriding database path with different value: C:\Users\user\.stmcufinder\plugins\mcufinder/ => C:\Users\user\.stmcufinder\plugins\mcufinder
2025-08-19 22:36:14,387 [WARN] DbFile:41 - Overriding database path with different value: C:\Users\user\.stmcufinder\plugins\mcufinder/ => C:\Users\user\.stmcufinder\plugins\mcufinder
2025-08-19 22:36:14,387 [INFO] CrossReferenceDbSqlite:203 - Set database path to: C:\Users\user\.stmcufinder\plugins\mcufinder//mcu/cs/
2025-08-19 22:36:14,510 [INFO] MainPanel:272 - HeapMemory: 268435456
2025-08-19 22:36:14,707 [INFO] DbMcusXml:78 - Set database path to: C:\ST\STM32CubeIDE_1.18.0\STM32CubeIDE\plugins\com.st.stm32cube.common.mx_6.14.0.202502271554\\db\/mcu/
2025-08-19 22:36:14,707 [INFO] ApiDb:274 - Set plugin database path to: C:\ST\STM32CubeIDE_1.18.0\STM32CubeIDE\plugins\com.st.stm32cube.common.mx_6.14.0.202502271554\\db\/plugins/boardmanager/
2025-08-19 22:36:14,707 [INFO] ApiDb:261 - Set plugin images path to: C:\ST\STM32CubeIDE_1.18.0\STM32CubeIDE\plugins\com.st.stm32cube.common.mx_6.14.0.202502271554\\db\/plugins/mcufinder/images/
2025-08-19 22:36:14,707 [WARN] DbFile:41 - Overriding database path with different value: C:\Users\user\.stmcufinder\plugins\mcufinder/ => C:\Users\user\.stmcufinder\plugins\mcufinder
2025-08-19 22:36:14,707 [INFO] ApiDb:250 - Set database path to: C:\Users\user\.stmcufinder\plugins\mcufinder//mcu/
2025-08-19 22:36:14,707 [WARN] DbFile:41 - Overriding database path with different value: C:\Users\user\.stmcufinder\plugins\mcufinder/ => C:\Users\user\.stmcufinder\plugins\mcufinder
2025-08-19 22:36:14,707 [INFO] DbMcusAds:125 - Set database path to: C:\Users\user\.stmcufinder\plugins\mcufinder//mcu/
2025-08-19 22:36:14,708 [WARN] DbFile:41 - Overriding database path with different value: C:\Users\user\.stmcufinder\plugins\mcufinder/ => C:\Users\user\.stmcufinder\plugins\mcufinder
2025-08-19 22:36:14,708 [WARN] DbFile:41 - Overriding database path with different value: C:\Users\user\.stmcufinder\plugins\mcufinder/ => C:\Users\user\.stmcufinder\plugins\mcufinder
2025-08-19 22:36:14,708 [INFO] CrossReferenceDbSqlite:203 - Set database path to: C:\Users\user\.stmcufinder\plugins\mcufinder//mcu/cs/
2025-08-19 22:36:14,737 [INFO] ApplicationProperties:184 - Using Application install path: C:\ST\STM32CubeIDE_1.18.0\STM32CubeIDE\plugins\com.st.stm32cube.common.mx_6.14.0.202502271554
2025-08-19 22:36:14,738 [INFO] PluginManage:196 - Search for loadable plugins [exclusion list=, ]
2025-08-19 22:36:14,740 [INFO] PluginManage:310 - Check plugin analytics
2025-08-19 22:36:14,989 [INFO] AnalyticsPlugin:253 - Accepted Software Licenses: 
2025-08-19 22:36:14,989 [INFO] AnalyticsPlugin:255 - Accepted CMSIS Pack Licenses: 
2025-08-19 22:36:14,989 [INFO] AnalyticsPlugin:257 - Accepted Firmware Licenses: FW.F4.1.28.0
2025-08-19 22:36:14,993 [INFO] PluginManage:359 - Loaded plugin analytics (category:tool,tabindex:-1)
2025-08-19 22:36:14,994 [INFO] PluginManage:310 - Check plugin cadmodel
2025-08-19 22:36:15,005 [INFO] CADModel:105 - Init CAD model plugin
2025-08-19 22:36:15,006 [INFO] PluginManage:359 - Loaded plugin cadmodel (category:power,tabindex:5)
2025-08-19 22:36:15,006 [INFO] PluginManage:310 - Check plugin clock
2025-08-19 22:36:15,019 [INFO] PluginManage:359 - Loaded plugin clock (category:base,tabindex:2)
2025-08-19 22:36:15,020 [INFO] PluginManage:310 - Check plugin ddr
2025-08-19 22:36:15,022 [INFO] PluginManage:359 - Loaded plugin ddr (category:tool,tabindex:6)
2025-08-19 22:36:15,022 [INFO] PluginManage:310 - Check plugin filemanager
2025-08-19 22:36:15,219 [INFO] PluginManage:359 - Loaded plugin filemanager (category:base,tabindex:10)
2025-08-19 22:36:15,219 [INFO] PluginManage:310 - Check plugin ipmanager
2025-08-19 22:36:15,228 [INFO] PluginManage:359 - Loaded plugin ipmanager (category:base,tabindex:5)
2025-08-19 22:36:15,228 [INFO] PluginManage:310 - Check plugin lpbam
2025-08-19 22:36:15,241 [INFO] PluginManage:359 - Loaded plugin lpbam (category:base,tabindex:0)
2025-08-19 22:36:15,241 [INFO] PluginManage:310 - Check plugin memorymap
2025-08-19 22:36:15,264 [INFO] PluginManage:359 - Loaded plugin memorymap (category:base,tabindex:4)
2025-08-19 22:36:15,264 [INFO] PluginManage:310 - Check plugin pinoutandconfiguration
2025-08-19 22:36:15,276 [INFO] PluginManage:359 - Loaded plugin pinoutandconfiguration (category:base,tabindex:1)
2025-08-19 22:36:15,276 [INFO] PluginManage:310 - Check plugin pinoutconfig
2025-08-19 22:36:15,397 [WARN] SupportedApi:132 - Cannot load RTOS API schema: s4s-elt-must-match.1: The content of 'definitions' must match (annotation?, (simpleType | complexType)?, (unique | key | keyref)*)). A problem was found starting at: attribute.
2025-08-19 22:36:15,584 [INFO] PluginManage:359 - Loaded plugin pinoutconfig (category:base,tabindex:0)
2025-08-19 22:36:15,585 [INFO] PluginManage:310 - Check plugin power
2025-08-19 22:36:15,602 [INFO] PluginManage:359 - Loaded plugin power (category:power,tabindex:4)
2025-08-19 22:36:15,602 [INFO] PluginManage:310 - Check plugin projectmanager
2025-08-19 22:36:15,627 [INFO] PluginManage:359 - Loaded plugin projectmanager (category:projectmanager,tabindex:4)
2025-08-19 22:36:15,628 [INFO] PluginManage:310 - Check plugin rif
2025-08-19 22:36:15,639 [INFO] PluginManage:359 - Loaded plugin rif (category:base,tabindex:3)
2025-08-19 22:36:15,639 [INFO] PluginManage:310 - Check plugin thirdparty
2025-08-19 22:36:15,880 [WARN] IntegrityCheckThread:84 - waiting for thirdparty lock release [integrity check]
2025-08-19 22:36:15,881 [INFO] IntegrityCheckThread:86 - entering critical section [integrity check]
2025-08-19 22:36:15,882 [INFO] ThirdPartyUpdaterWithRetryManager:70 - Updater plugin not ready yet. [1/15]
2025-08-19 22:36:15,883 [INFO] PluginManage:359 - Loaded plugin thirdparty (category:base,tabindex:-1)
2025-08-19 22:36:15,883 [INFO] PluginManage:310 - Check plugin tools
2025-08-19 22:36:15,887 [INFO] PluginManage:359 - Loaded plugin tools (category:base,tabindex:7)
2025-08-19 22:36:15,887 [INFO] PluginManage:310 - Check plugin tutovideos
2025-08-19 22:36:16,175 [INFO] PluginManage:359 - Loaded plugin tutovideos (category:base,tabindex:-1)
2025-08-19 22:36:16,175 [INFO] PluginManage:310 - Check plugin updater
2025-08-19 22:36:16,223 [INFO] PluginManage:359 - Loaded plugin updater (category:base,tabindex:12)
2025-08-19 22:36:16,223 [INFO] PluginManage:310 - Check plugin userauth
2025-08-19 22:36:16,231 [INFO] UserAuth:118 - Init User Auth plugin
2025-08-19 22:36:16,232 [INFO] PluginManage:359 - Loaded plugin userauth (category:base,tabindex:14)
2025-08-19 22:36:16,233 [INFO] PluginManage:283 - PluginManage : Loaded plugins [18]
2025-08-19 22:36:16,547 [INFO] PinOutPanel:1589 - setPackage(No Configuration,No Configuration)
2025-08-19 22:36:16,686 [INFO] CADModel:165 - CPN selected for project level
2025-08-19 22:36:16,686 [INFO] CADModel:114 - Register for checkConnection events
2025-08-19 22:36:16,712 [INFO] IPUIPlugin:80 - create IPUIPlugin
2025-08-19 22:36:16,712 [INFO] PluginManager:220 - loadIPPluginJar : add adc
2025-08-19 22:36:16,717 [INFO] IPUIPlugin:80 - create IPUIPlugin
2025-08-19 22:36:16,717 [INFO] PluginManager:220 - loadIPPluginJar : add aes
2025-08-19 22:36:16,721 [INFO] IPUIPlugin:80 - create IPUIPlugin
2025-08-19 22:36:16,721 [INFO] PluginManager:220 - loadIPPluginJar : add can
2025-08-19 22:36:16,724 [INFO] IPUIPlugin:80 - create IPUIPlugin
2025-08-19 22:36:16,724 [INFO] PluginManager:220 - loadIPPluginJar : add comp
2025-08-19 22:36:16,728 [INFO] IPUIPlugin:80 - create IPUIPlugin
2025-08-19 22:36:16,728 [INFO] PluginManager:220 - loadIPPluginJar : add cryp
2025-08-19 22:36:16,735 [INFO] IPUIPlugin:80 - create IPUIPlugin
2025-08-19 22:36:16,736 [INFO] PluginManager:220 - loadIPPluginJar : add ddr_ctrl_phy
2025-08-19 22:36:16,739 [INFO] IPUIPlugin:80 - create IPUIPlugin
2025-08-19 22:36:16,739 [INFO] PluginManager:220 - loadIPPluginJar : add dfsdm
2025-08-19 22:36:16,747 [INFO] IPUIPlugin:80 - create IPUIPlugin
2025-08-19 22:36:16,748 [INFO] PluginManager:220 - loadIPPluginJar : add dma
2025-08-19 22:36:16,752 [INFO] IPUIPlugin:80 - create IPUIPlugin
2025-08-19 22:36:16,752 [INFO] PluginManager:220 - loadIPPluginJar : add dma3
2025-08-19 22:36:16,756 [INFO] IPUIPlugin:80 - create IPUIPlugin
2025-08-19 22:36:16,756 [INFO] PluginManager:220 - loadIPPluginJar : add extmemmanager
2025-08-19 22:36:16,758 [INFO] IPUIPlugin:80 - create IPUIPlugin
2025-08-19 22:36:16,759 [INFO] PluginManager:220 - loadIPPluginJar : add fatfs
2025-08-19 22:36:16,766 [INFO] IPUIPlugin:80 - create IPUIPlugin
2025-08-19 22:36:16,766 [INFO] PluginManager:220 - loadIPPluginJar : add fmc
2025-08-19 22:36:16,774 [INFO] IPUIPlugin:80 - create IPUIPlugin
2025-08-19 22:36:16,775 [INFO] PluginManager:220 - loadIPPluginJar : add freertos
2025-08-19 22:36:16,777 [INFO] IPUIPlugin:80 - create IPUIPlugin
2025-08-19 22:36:16,777 [INFO] PluginManager:220 - loadIPPluginJar : add genericplugin
2025-08-19 22:36:16,782 [INFO] IPUIPlugin:80 - create IPUIPlugin
2025-08-19 22:36:16,782 [INFO] PluginManager:220 - loadIPPluginJar : add gfxmmu
2025-08-19 22:36:16,790 [INFO] IPUIPlugin:80 - create IPUIPlugin
2025-08-19 22:36:16,791 [INFO] PluginManager:220 - loadIPPluginJar : add gic
2025-08-19 22:36:16,797 [INFO] IPUIPlugin:80 - create IPUIPlugin
2025-08-19 22:36:16,797 [INFO] PluginManager:220 - loadIPPluginJar : add gpio
2025-08-19 22:36:16,802 [INFO] IPUIPlugin:80 - create IPUIPlugin
2025-08-19 22:36:16,803 [INFO] PluginManager:220 - loadIPPluginJar : add gtzc
2025-08-19 22:36:16,808 [INFO] IPUIPlugin:80 - create IPUIPlugin
2025-08-19 22:36:16,808 [INFO] PluginManager:220 - loadIPPluginJar : add hash
2025-08-19 22:36:16,813 [INFO] IPUIPlugin:80 - create IPUIPlugin
2025-08-19 22:36:16,813 [INFO] PluginManager:220 - loadIPPluginJar : add i2c
2025-08-19 22:36:16,818 [INFO] IPUIPlugin:80 - create IPUIPlugin
2025-08-19 22:36:16,819 [INFO] PluginManager:220 - loadIPPluginJar : add i2s
2025-08-19 22:36:16,823 [INFO] IPUIPlugin:80 - create IPUIPlugin
2025-08-19 22:36:16,823 [INFO] PluginManager:220 - loadIPPluginJar : add i3c
2025-08-19 22:36:16,830 [INFO] IPUIPlugin:80 - create IPUIPlugin
2025-08-19 22:36:16,830 [INFO] PluginManager:220 - loadIPPluginJar : add ipddr
2025-08-19 22:36:16,843 [INFO] IPUIPlugin:80 - create IPUIPlugin
2025-08-19 22:36:16,843 [INFO] PluginManager:220 - loadIPPluginJar : add linkedlist
2025-08-19 22:36:16,848 [INFO] IPUIPlugin:80 - create IPUIPlugin
2025-08-19 22:36:16,849 [INFO] PluginManager:220 - loadIPPluginJar : add lorawan
2025-08-19 22:36:16,852 [INFO] IPUIPlugin:80 - create IPUIPlugin
2025-08-19 22:36:16,853 [INFO] PluginManager:220 - loadIPPluginJar : add ltdc
2025-08-19 22:36:16,862 [INFO] IPUIPlugin:80 - create IPUIPlugin
2025-08-19 22:36:16,862 [INFO] PluginManager:220 - loadIPPluginJar : add mdma
2025-08-19 22:36:16,868 [INFO] IPUIPlugin:80 - create IPUIPlugin
2025-08-19 22:36:16,869 [INFO] PluginManager:220 - loadIPPluginJar : add nvic
2025-08-19 22:36:16,874 [INFO] IPUIPlugin:80 - create IPUIPlugin
2025-08-19 22:36:16,874 [INFO] PluginManager:220 - loadIPPluginJar : add opamp
2025-08-19 22:36:16,879 [INFO] IPUIPlugin:80 - create IPUIPlugin
2025-08-19 22:36:16,880 [INFO] PluginManager:220 - loadIPPluginJar : add openamp
2025-08-19 22:36:16,885 [INFO] IPUIPlugin:80 - create IPUIPlugin
2025-08-19 22:36:16,885 [INFO] PluginManager:220 - loadIPPluginJar : add pdm2pcm
2025-08-19 22:36:16,892 [INFO] IPUIPlugin:80 - create IPUIPlugin
2025-08-19 22:36:16,895 [INFO] PluginManager:220 - loadIPPluginJar : add plateformsettings
2025-08-19 22:36:16,898 [INFO] IPUIPlugin:80 - create IPUIPlugin
2025-08-19 22:36:16,898 [INFO] PluginManager:220 - loadIPPluginJar : add quadspi
2025-08-19 22:36:16,902 [INFO] IPUIPlugin:80 - create IPUIPlugin
2025-08-19 22:36:16,902 [INFO] PluginManager:220 - loadIPPluginJar : add radio
2025-08-19 22:36:16,907 [INFO] IPUIPlugin:80 - create IPUIPlugin
2025-08-19 22:36:16,908 [INFO] PluginManager:220 - loadIPPluginJar : add resmgrutility
2025-08-19 22:36:16,912 [INFO] IPUIPlugin:80 - create IPUIPlugin
2025-08-19 22:36:16,912 [INFO] PluginManager:220 - loadIPPluginJar : add sai
2025-08-19 22:36:16,917 [INFO] IPUIPlugin:80 - create IPUIPlugin
2025-08-19 22:36:16,917 [INFO] PluginManager:220 - loadIPPluginJar : add spi
2025-08-19 22:36:16,925 [INFO] IPUIPlugin:80 - create IPUIPlugin
2025-08-19 22:36:16,925 [INFO] PluginManager:220 - loadIPPluginJar : add stm32_wpan
2025-08-19 22:36:16,928 [INFO] IPUIPlugin:80 - create IPUIPlugin
2025-08-19 22:36:16,928 [INFO] PluginManager:220 - loadIPPluginJar : add tim
2025-08-19 22:36:16,933 [INFO] IPUIPlugin:80 - create IPUIPlugin
2025-08-19 22:36:16,933 [INFO] PluginManager:220 - loadIPPluginJar : add touchsensing
2025-08-19 22:36:16,936 [INFO] IPUIPlugin:80 - create IPUIPlugin
2025-08-19 22:36:16,937 [INFO] PluginManager:220 - loadIPPluginJar : add tracer_emb
2025-08-19 22:36:16,940 [INFO] IPUIPlugin:80 - create IPUIPlugin
2025-08-19 22:36:16,940 [INFO] PluginManager:220 - loadIPPluginJar : add ts
2025-08-19 22:36:16,942 [INFO] IPUIPlugin:80 - create IPUIPlugin
2025-08-19 22:36:16,943 [INFO] PluginManager:220 - loadIPPluginJar : add tsc
2025-08-19 22:36:16,946 [INFO] IPUIPlugin:80 - create IPUIPlugin
2025-08-19 22:36:16,946 [INFO] PluginManager:220 - loadIPPluginJar : add ucpd
2025-08-19 22:36:16,951 [INFO] IPUIPlugin:80 - create IPUIPlugin
2025-08-19 22:36:16,951 [INFO] PluginManager:220 - loadIPPluginJar : add usart
2025-08-19 22:36:16,968 [INFO] IPUIPlugin:80 - create IPUIPlugin
2025-08-19 22:36:16,968 [INFO] PluginManager:220 - loadIPPluginJar : add usbx
2025-08-19 22:36:17,131 [FATAL] Updater:351 - Updater called before beeing initialized
2025-08-19 22:36:17,185 [INFO] RulesReader:64 - Compatibility file has been processed (301 Rules)
2025-08-19 22:36:17,205 [INFO] RulesReader:64 - Compatibility file has been processed (301 Rules)
2025-08-19 22:36:17,257 [INFO] CADModel:165 - CPN selected for project level
2025-08-19 22:36:17,257 [INFO] CADModel:114 - Register for checkConnection events
2025-08-19 22:36:17,258 [FATAL] Updater:351 - Updater called before beeing initialized
2025-08-19 22:36:17,258 [ERROR] CADModel:125 - Updater not yet initialized, retry later 
2025-08-19 22:36:17,577 [FATAL] Updater:351 - Updater called before beeing initialized
2025-08-19 22:36:17,581 [INFO] CADModel:165 - CPN selected for project level
2025-08-19 22:36:17,581 [INFO] CADModel:114 - Register for checkConnection events
2025-08-19 22:36:17,581 [FATAL] Updater:351 - Updater called before beeing initialized
2025-08-19 22:36:17,581 [ERROR] CADModel:125 - Updater not yet initialized, retry later 
2025-08-19 22:36:17,588 [FATAL] Updater:351 - Updater called before beeing initialized
2025-08-19 22:36:17,877 [FATAL] Updater:351 - Updater called before beeing initialized
2025-08-19 22:36:17,884 [INFO] DbMcusAds:53 - JSON generation date=Tue Jul 08 13:44:23 IST 2025 (1751962463582)
2025-08-19 22:36:17,884 [FATAL] Updater:351 - Updater called before beeing initialized
2025-08-19 22:36:17,935 [WARN] DetailPanel:346 - Failed to get advertising image, set to default
2025-08-19 22:36:18,217 [FATAL] Updater:351 - Updater called before beeing initialized
2025-08-19 22:36:18,219 [FATAL] Updater:351 - Updater called before beeing initialized
2025-08-19 22:36:18,219 [FATAL] Updater:351 - Updater called before beeing initialized
2025-08-19 22:36:18,219 [WARN] DetailPanel:346 - Failed to get advertising image, set to default
2025-08-19 22:36:18,220 [FATAL] Updater:351 - Updater called before beeing initialized
2025-08-19 22:36:18,292 [ERROR] Updater:1198 - MainUpdater not yet initialized. External WinMGr cannot be set.
2025-08-19 22:36:18,294 [INFO] Updater:1134 - Updater Version found : 6.14.0
2025-08-19 22:36:18,335 [INFO] ApplicationProperties:184 - Using Application install path: C:\ST\STM32CubeIDE_1.18.0\STM32CubeIDE\plugins\com.st.stm32cube.common.mx_6.14.0.202502271554
2025-08-19 22:36:18,884 [INFO] ThirdPartyUpdaterWithRetryManager:70 - Updater plugin not ready yet. [2/15]
2025-08-19 22:36:19,912 [ERROR] LogOutputStream:75 - [STDERR_REDIRECT] Aug 19, 2025 10:36:19 PM java.util.prefs.WindowsPreferences <init>
2025-08-19 22:36:19,915 [ERROR] LogOutputStream:75 - [STDERR_REDIRECT] WARNING: Could not open/create prefs root node Software\JavaSoft\Prefs at root 0xffffffff80000002. Windows RegCreateKeyEx(...) returned error code 5.
2025-08-19 22:36:19,915 [ERROR] LogOutputStream:75 - [STDERR_REDIRECT] 
2025-08-19 22:36:20,751 [INFO] MainUpdater:2872 - connection check result : 10
2025-08-19 22:36:20,752 [INFO] MainUpdater:289 - Updater Check For Update Now.
2025-08-19 22:36:20,752 [INFO] MicroXplorer:498 - Change Database Version : DB.6.0.140
2025-08-19 22:36:20,760 [INFO] McuFinderGlobals:63 - Set McuFinder mode to 2 (CubeIDE integrated)
2025-08-19 22:36:20,765 [INFO] UserAuth:486 - Internet connection configuration mode: 1
2025-08-19 22:36:20,835 [INFO] JxBrowserEngine:152 - Initiate JxBrowser Engine with user profile folder
2025-08-19 22:36:21,007 [INFO] CheckServerUpdateThread:120 - End of CheckServer Thread
2025-08-19 22:36:22,688 [WARN] PackLoader:240 - Cannot read IP mode file for STMicroelectronics.FP-SNS-MOTENVWB1.1.4.0
2025-08-19 22:36:22,701 [WARN] PackLoader:240 - Cannot read IP mode file for STMicroelectronics.FP-ATR-ASTRA1.2.0.2
2025-08-19 22:36:22,729 [WARN] PackLoader:240 - Cannot read IP mode file for STMicroelectronics.X-CUBE-SMBUS.2.1.0
2025-08-19 22:36:22,737 [WARN] PackLoader:240 - Cannot read IP mode file for STMicroelectronics.X-CUBE-ST60.1.0.0
2025-08-19 22:36:22,802 [WARN] PackLoader:240 - Cannot read IP mode file for STMicroelectronics.X-CUBE-AZRTOS-F7.1.1.0
2025-08-19 22:36:22,880 [WARN] PackLoader:240 - Cannot read IP mode file for Infineon.AIROC-Wi-Fi-Bluetooth-STM32.1.7.1
2025-08-19 22:36:22,935 [WARN] PackLoader:240 - Cannot read IP mode file for STMicroelectronics.X-CUBE-AZRTOS-H7.3.4.0
2025-08-19 22:36:22,952 [WARN] PackLoader:240 - Cannot read IP mode file for STMicroelectronics.X-CUBE-DISPLAY.3.0.0
2025-08-19 22:36:22,968 [WARN] PackLoader:240 - Cannot read IP mode file for STMicroelectronics.X-CUBE-NFC10.1.0.0
2025-08-19 22:36:22,996 [WARN] PackLoader:240 - Cannot read IP mode file for emotas.I-CUBE-CANOPEN.1.3.0
2025-08-19 22:36:23,010 [ERROR] Engine:466 - C:\Users\user\.stm32cubemx\thirdparties\pdsc\STMicroelectronics.FP-SNS-STBOX1.2.1.0.pdsc: PDSC version is not supported
2025-08-19 22:36:23,017 [WARN] PackLoader:240 - Cannot read IP mode file for STMicroelectronics.FP-SNS-SMARTAG2.1.2.0
2025-08-19 22:36:23,030 [WARN] PackLoader:240 - Cannot read IP mode file for STMicroelectronics.FP-SNS-FLIGHT1.5.1.0
2025-08-19 22:36:23,052 [INFO] LogOutputStream:77 - [STDOUT_REDIRECT] 1 : Invalid condition id : UX_CORESTACK_Condition cause : null
2025-08-19 22:36:23,055 [INFO] LogOutputStream:77 - [STDOUT_REDIRECT] 1 : Invalid condition id : UX_CORESTACK_Condition cause : null
2025-08-19 22:36:23,057 [INFO] LogOutputStream:77 - [STDOUT_REDIRECT] 1 : Invalid condition id : UX_CORESTACK_Condition cause : null
2025-08-19 22:36:23,059 [INFO] LogOutputStream:77 - [STDOUT_REDIRECT] 1 : Invalid condition id : UX_CORESTACK_Condition cause : null
2025-08-19 22:36:23,061 [INFO] LogOutputStream:77 - [STDOUT_REDIRECT] 1 : Invalid condition id : UX_CORESTACK_Condition cause : null
2025-08-19 22:36:23,065 [WARN] PackLoader:240 - Cannot read IP mode file for STMicroelectronics.X-CUBE-AZRTOS-WL.2.0.0
2025-08-19 22:36:23,074 [WARN] PackLoader:240 - Cannot read IP mode file for STMicroelectronics.FP-SNS-MOTENV1.5.0.0
2025-08-19 22:36:23,090 [WARN] PackLoader:240 - Cannot read IP mode file for WES.I-CUBE-Cesium.1.3.0
2025-08-19 22:36:23,106 [WARN] PackLoader:240 - Cannot read IP mode file for STMicroelectronics.X-CUBE-BLE2.3.3.0
2025-08-19 22:36:23,121 [WARN] PackLoader:240 - Cannot read IP mode file for STMicroelectronics.X-CUBE-NFC9.1.0.0
2025-08-19 22:36:23,130 [WARN] PackLoader:240 - Cannot read IP mode file for wolfSSL.I-CUBE-wolfSSL.5.8.2
2025-08-19 22:36:23,193 [WARN] PackLoader:240 - Cannot read IP mode file for STMicroelectronics.X-CUBE-BLE1.7.1.0
2025-08-19 22:36:23,203 [WARN] PackLoader:240 - Cannot read IP mode file for wolfSSL.I-CUBE-wolfMQTT.1.19.2
2025-08-19 22:36:23,214 [WARN] PackLoader:240 - Cannot read IP mode file for STMicroelectronics.X-CUBE-EEPRMA1.5.2.0
2025-08-19 22:36:23,262 [WARN] PackLoader:240 - Cannot read IP mode file for STMicroelectronics.X-CUBE-AI.10.1.0
2025-08-19 22:36:23,293 [WARN] PackLoader:240 - Cannot read IP mode file for STMicroelectronics.X-CUBE-AZRTOS-G0.1.1.0
2025-08-19 22:36:23,409 [WARN] PackLoader:240 - Cannot read IP mode file for STMicroelectronics.X-CUBE-SAFEA1.1.2.2
2025-08-19 22:36:23,420 [WARN] PackLoader:240 - Cannot read IP mode file for STMicroelectronics.X-CUBE-NFC4.3.0.0
2025-08-19 22:36:23,433 [WARN] PackLoader:240 - Cannot read IP mode file for EmbeddedOffice.I-CUBE-FS-RTOS.1.0.1
2025-08-19 22:36:23,442 [WARN] PackLoader:240 - Cannot read IP mode file for STMicroelectronics.X-CUBE-WB05N.2.0.0
2025-08-19 22:36:23,450 [WARN] PackLoader:240 - Cannot read IP mode file for wolfSSL.I-CUBE-wolfTPM.3.8.0
2025-08-19 22:36:23,505 [WARN] PackLoader:240 - Cannot read IP mode file for STMicroelectronics.X-CUBE-TCPP.4.2.0
2025-08-19 22:36:23,513 [WARN] PackLoader:240 - Cannot read IP mode file for RealThread.X-CUBE-RT-Thread_Nano.4.1.1
2025-08-19 22:36:23,520 [WARN] PackLoader:240 - Cannot read IP mode file for STMicroelectronics.FP-ATR-SIGFOX1.3.2.0
2025-08-19 22:36:23,531 [WARN] PackLoader:240 - Cannot read IP mode file for ITTIA_DB.I-CUBE-ITTIADB.8.9.0
2025-08-19 22:36:23,543 [WARN] PackLoader:240 - Cannot read IP mode file for STMicroelectronics.X-CUBE-ST67W61.1.0.0
2025-08-19 22:36:23,550 [WARN] PackLoader:240 - Cannot read IP mode file for STMicroelectronics.X-CUBE-AI.10.2.0
2025-08-19 22:36:23,594 [WARN] PackLoader:240 - Cannot read IP mode file for SEGGER.I-CUBE-embOS.1.3.1
2025-08-19 22:36:23,761 [WARN] PackLoader:240 - Cannot read IP mode file for STMicroelectronics.X-CUBE-ALGOBUILD.1.4.0
2025-08-19 22:36:23,796 [INFO] WebApp:169 - Instantiating new browser for Auth
2025-08-19 22:36:23,868 [WARN] PackLoader:240 - Cannot read IP mode file for STMicroelectronics.X-CUBE-MEMS1.11.3.0
2025-08-19 22:36:24,652 [WARN] PackLoader:240 - Cannot read IP mode file for STMicroelectronics.X-CUBE-PM33A1.1.0.0
2025-08-19 22:36:24,680 [WARN] PackLoader:240 - Cannot read IP mode file for STMicroelectronics.X-CUBE-AZRTOS-F4.1.1.0
2025-08-19 22:36:24,691 [WARN] PackLoader:240 - Cannot read IP mode file for STMicroelectronics.X-CUBE-ISPU.2.1.0
2025-08-19 22:36:24,701 [WARN] PackLoader:240 - Cannot read IP mode file for STMicroelectronics.X-CUBE-NFC12.1.0.0
2025-08-19 22:36:24,757 [WARN] PackLoader:240 - Cannot read IP mode file for STMicroelectronics.X-CUBE-AZRTOS-L5.2.0.0
2025-08-19 22:36:24,805 [WARN] PackLoader:240 - Cannot read IP mode file for STMicroelectronics.X-CUBE-NFC6.3.1.0
2025-08-19 22:36:24,815 [WARN] PackLoader:240 - Cannot read IP mode file for STMicroelectronics.X-CUBE-FREERTOS.1.3.1
2025-08-19 22:36:24,831 [WARN] PackLoader:240 - Cannot read IP mode file for STMicroelectronics.FP-SNS-STAIOTCFT.1.0.0
2025-08-19 22:36:24,841 [WARN] PackLoader:240 - Cannot read IP mode file for STMicroelectronics.X-CUBE-DPower.1.3.0
2025-08-19 22:36:24,865 [WARN] ConditionMgr:438 - getConditionDescription Invalid condition id : LAN8742 Phy interface Condition cause : null
2025-08-19 22:36:24,867 [WARN] PackLoader:240 - Cannot read IP mode file for STMicroelectronics.X-CUBE-AZRTOS-L4.2.0.0
2025-08-19 22:36:24,872 [WARN] ConditionMgr:1044 - genDependencies : Invalid condition id : LAN8742 Phy interface Condition cause : null
2025-08-19 22:36:24,876 [WARN] ConditionMgr:1044 - genDependencies : Invalid condition id : LAN8742 Phy interface Condition cause : null
2025-08-19 22:36:24,877 [WARN] ConditionMgr:1044 - genDependencies : Invalid condition id : LAN8742 Phy interface Condition cause : null
2025-08-19 22:36:24,886 [WARN] PackLoader:240 - Cannot read IP mode file for STMicroelectronics.X-CUBE-SFXS2LP1.4.0.0
2025-08-19 22:36:24,904 [WARN] PackLoader:240 - Cannot read IP mode file for STMicroelectronics.X-CUBE-BLEMGR.4.1.0
2025-08-19 22:36:24,958 [WARN] ConditionMgr:438 - getConditionDescription Invalid condition id : UX DEVICE CLASS RTOS Condition cause : null
2025-08-19 22:36:24,959 [WARN] ConditionMgr:438 - getConditionDescription Invalid condition id : UX DEVICE CLASS RTOS Condition cause : null
2025-08-19 22:36:24,963 [WARN] PackLoader:240 - Cannot read IP mode file for STMicroelectronics.X-CUBE-AZRTOS-WB.2.0.0
2025-08-19 22:36:24,964 [WARN] ConditionMgr:1044 - genDependencies : Invalid condition id : UX DEVICE CLASS RTOS Condition cause : null
2025-08-19 22:36:24,964 [WARN] ConditionMgr:1044 - genDependencies : Invalid condition id : UX DEVICE CLASS RTOS Condition cause : null
2025-08-19 22:36:24,965 [WARN] ConditionMgr:1044 - genDependencies : Invalid condition id : UX DEVICE CLASS RTOS Condition cause : null
2025-08-19 22:36:24,965 [WARN] ConditionMgr:1044 - genDependencies : Invalid condition id : UX DEVICE CLASS RTOS Condition cause : null
2025-08-19 22:36:24,965 [WARN] ConditionMgr:1044 - genDependencies : Invalid condition id : UX DEVICE CLASS RTOS Condition cause : null
2025-08-19 22:36:24,974 [WARN] PackLoader:240 - Cannot read IP mode file for STMicroelectronics.X-CUBE-GNSS1.7.0.1
2025-08-19 22:36:24,982 [WARN] PackLoader:240 - Cannot read IP mode file for STMicroelectronics.X-CUBE-TOUCHGFX.4.25.0
2025-08-19 22:36:24,991 [WARN] PackLoader:240 - Cannot read IP mode file for STMicroelectronics.FP-SNS-STBOX1.2.0.0
2025-08-19 22:36:25,002 [WARN] ConditionMgr:438 - getConditionDescription Invalid condition id : Cortex-A Device cause : null
2025-08-19 22:36:25,021 [WARN] ConditionMgr:1044 - genDependencies : Invalid condition id : Cortex-A Device cause : null
2025-08-19 22:36:25,021 [WARN] ConditionMgr:1044 - genDependencies : Invalid condition id : Cortex-A Device cause : null
2025-08-19 22:36:25,021 [WARN] ConditionMgr:1044 - genDependencies : Invalid condition id : Cortex-A Device cause : null
2025-08-19 22:36:25,061 [WARN] PackLoader:240 - Cannot read IP mode file for STMicroelectronics.X-CUBE-SUBG2.5.0.0
2025-08-19 22:36:25,105 [WARN] PackLoader:240 - Cannot read IP mode file for STMicroelectronics.X-CUBE-AZRTOS-H7RS.1.1.0
2025-08-19 22:36:25,115 [WARN] PackLoader:240 - Cannot read IP mode file for Cesanta.I-CUBE-Mongoose.7.13.0
2025-08-19 22:36:25,136 [WARN] PackLoader:240 - Cannot read IP mode file for STMicroelectronics.X-CUBE-AZRTOS-G4.2.0.0
2025-08-19 22:36:25,144 [WARN] PackLoader:240 - Cannot read IP mode file for wolfSSL.I-CUBE-wolfSSH.1.4.20
2025-08-19 22:36:25,151 [WARN] PackLoader:240 - Cannot read IP mode file for STMicroelectronics.X-CUBE-NFC7.2.0.0
2025-08-19 22:36:25,190 [WARN] PackLoader:240 - Cannot read IP mode file for STMicroelectronics.X-CUBE-IPS.3.1.0
2025-08-19 22:36:25,229 [WARN] PackLoader:240 - Cannot read IP mode file for STMicroelectronics.X-CUBE-ALS.1.0.2
2025-08-19 22:36:25,238 [WARN] PackLoader:240 - Cannot read IP mode file for portGmbH.I-Cube-SoM-uGOAL.1.1.0
2025-08-19 22:36:25,254 [WARN] PackLoader:240 - Cannot read IP mode file for STMicroelectronics.X-CUBE-TOF1.3.4.3
2025-08-19 22:36:25,268 [INFO] ThirdParty:978 - Integrity check success = true
2025-08-19 22:36:25,268 [INFO] IntegrityCheckThread:100 - exiting critical section [integrity check]
2025-08-19 22:36:25,268 [INFO] IntegrityCheckThread:103 - End integrity checks thread
2025-08-19 22:36:26,155 [INFO] WebApp:463 - Apply proxy settings
2025-08-19 22:36:26,156 [INFO] WebApp:548 - Chromium requires no authentication
2025-08-19 22:36:26,194 [INFO] WebApp:491 - Direct internet connection detected
2025-08-19 22:36:26,276 [INFO] WebApp:894 - Register for checkConnection events
2025-08-19 22:36:26,276 [INFO] WebApp:463 - Apply proxy settings
2025-08-19 22:36:26,276 [INFO] WebApp:548 - Chromium requires no authentication
2025-08-19 22:36:26,277 [INFO] WebApp:491 - Direct internet connection detected
2025-08-19 22:36:26,522 [INFO] WebApp:191 - Connection restablished
2025-08-19 22:36:26,679 [INFO] WebApp:225 - Starting web application
2025-08-19 22:36:26,680 [INFO] WebApp:593 - Web application path used C:\ST\STM32CubeIDE_1.18.0\STM32CubeIDE\plugins\com.st.stm32cube.common.mx_6.14.0.202502271554\db\plugins\mcufinder\reactClient1\index.html
2025-08-19 22:36:26,926 [INFO] UserAuth:486 - Internet connection configuration mode: 1
2025-08-19 22:36:38,324 [INFO] WebApp:194 - Connection lost
2025-08-19 22:36:38,752 [INFO] WebApp:191 - Connection restablished
2025-08-19 22:52:59,175 [INFO] WebApp:194 - Connection lost
2025-08-19 22:53:03,637 [INFO] WebApp:191 - Connection restablished
2025-08-19 23:00:36,702 [INFO] WebApp:194 - Connection lost
2025-08-19 23:00:38,036 [INFO] WebApp:191 - Connection restablished
2025-08-19 23:19:07,428 [INFO] LogOutputStream:77 - [STDOUT_REDIRECT] StartTraceHandler.execute(), success : Collect=true
