2025-08-05 08:40:59,891 [INFO] Activator:176 - 


2025-08-05 08:40:59,891 [INFO] Activator:177 - !SESSION log4j initialized
2025-08-05 08:41:12,023 [INFO] LogOutputStream:77 - [STDOUT_REDIRECT] 
2025-08-05 08:41:14,680 [INFO] ApplicationProperties:184 - Using Application install path: C:\ST\STM32CubeIDE_1.18.0\STM32CubeIDE\plugins\com.st.stm32cube.common.mx_6.14.0.202502271554
2025-08-05 08:41:14,720 [INFO] DbMcusXml:78 - Set database path to: C:\ST\STM32CubeIDE_1.18.0\STM32CubeIDE\plugins\com.st.stm32cube.common.mx_6.14.0.202502271554\\db\/mcu/
2025-08-05 08:41:14,721 [INFO] ApiDb:274 - Set plugin database path to: C:\ST\STM32CubeIDE_1.18.0\STM32CubeIDE\plugins\com.st.stm32cube.common.mx_6.14.0.202502271554\\db\/plugins/boardmanager/
2025-08-05 08:41:14,721 [WARN] ApiDb:259 - Overriding images path with different value:  => C:\ST\STM32CubeIDE_1.18.0\STM32CubeIDE\plugins\com.st.stm32cube.common.mx_6.14.0.202502271554\\db\/plugins/mcufinder/images/
2025-08-05 08:41:14,739 [INFO] ApiDb:250 - Set database path to: C:\Users\user\.stmcufinder\plugins\mcufinder//mcu/
2025-08-05 08:41:14,741 [INFO] DbMcusAds:125 - Set database path to: C:\Users\user\.stmcufinder\plugins\mcufinder//mcu/
2025-08-05 08:41:14,748 [INFO] CrossReferenceDbSqlite:203 - Set database path to: C:\Users\user\.stmcufinder\plugins\mcufinder//mcu/cs/
2025-08-05 08:41:14,997 [INFO] RulesReader:64 - Compatibility file has been processed (301 Rules)
2025-08-05 08:41:15,183 [INFO] DbMcusXml:78 - Set database path to: C:\ST\STM32CubeIDE_1.18.0\STM32CubeIDE\plugins\com.st.stm32cube.common.mx_6.14.0.202502271554\\db\/mcu/
2025-08-05 08:41:15,183 [INFO] ApiDb:274 - Set plugin database path to: C:\ST\STM32CubeIDE_1.18.0\STM32CubeIDE\plugins\com.st.stm32cube.common.mx_6.14.0.202502271554\\db\/plugins/boardmanager/
2025-08-05 08:41:15,183 [INFO] ApiDb:261 - Set plugin images path to: C:\ST\STM32CubeIDE_1.18.0\STM32CubeIDE\plugins\com.st.stm32cube.common.mx_6.14.0.202502271554\\db\/plugins/mcufinder/images/
2025-08-05 08:41:15,184 [WARN] DbFile:41 - Overriding database path with different value: C:\Users\user\.stmcufinder\plugins\mcufinder/ => C:\Users\user\.stmcufinder\plugins\mcufinder
2025-08-05 08:41:15,184 [INFO] ApiDb:250 - Set database path to: C:\Users\user\.stmcufinder\plugins\mcufinder//mcu/
2025-08-05 08:41:15,184 [WARN] DbFile:41 - Overriding database path with different value: C:\Users\user\.stmcufinder\plugins\mcufinder/ => C:\Users\user\.stmcufinder\plugins\mcufinder
2025-08-05 08:41:15,184 [INFO] DbMcusAds:125 - Set database path to: C:\Users\user\.stmcufinder\plugins\mcufinder//mcu/
2025-08-05 08:41:15,184 [WARN] DbFile:41 - Overriding database path with different value: C:\Users\user\.stmcufinder\plugins\mcufinder/ => C:\Users\user\.stmcufinder\plugins\mcufinder
2025-08-05 08:41:15,185 [WARN] DbFile:41 - Overriding database path with different value: C:\Users\user\.stmcufinder\plugins\mcufinder/ => C:\Users\user\.stmcufinder\plugins\mcufinder
2025-08-05 08:41:15,185 [INFO] CrossReferenceDbSqlite:203 - Set database path to: C:\Users\user\.stmcufinder\plugins\mcufinder//mcu/cs/
2025-08-05 08:41:15,337 [INFO] MainPanel:272 - HeapMemory: 268435456
2025-08-05 08:41:15,548 [INFO] DbMcusXml:78 - Set database path to: C:\ST\STM32CubeIDE_1.18.0\STM32CubeIDE\plugins\com.st.stm32cube.common.mx_6.14.0.202502271554\\db\/mcu/
2025-08-05 08:41:15,548 [INFO] ApiDb:274 - Set plugin database path to: C:\ST\STM32CubeIDE_1.18.0\STM32CubeIDE\plugins\com.st.stm32cube.common.mx_6.14.0.202502271554\\db\/plugins/boardmanager/
2025-08-05 08:41:15,548 [INFO] ApiDb:261 - Set plugin images path to: C:\ST\STM32CubeIDE_1.18.0\STM32CubeIDE\plugins\com.st.stm32cube.common.mx_6.14.0.202502271554\\db\/plugins/mcufinder/images/
2025-08-05 08:41:15,549 [WARN] DbFile:41 - Overriding database path with different value: C:\Users\user\.stmcufinder\plugins\mcufinder/ => C:\Users\user\.stmcufinder\plugins\mcufinder
2025-08-05 08:41:15,549 [INFO] ApiDb:250 - Set database path to: C:\Users\user\.stmcufinder\plugins\mcufinder//mcu/
2025-08-05 08:41:15,549 [WARN] DbFile:41 - Overriding database path with different value: C:\Users\user\.stmcufinder\plugins\mcufinder/ => C:\Users\user\.stmcufinder\plugins\mcufinder
2025-08-05 08:41:15,550 [INFO] DbMcusAds:125 - Set database path to: C:\Users\user\.stmcufinder\plugins\mcufinder//mcu/
2025-08-05 08:41:15,550 [WARN] DbFile:41 - Overriding database path with different value: C:\Users\user\.stmcufinder\plugins\mcufinder/ => C:\Users\user\.stmcufinder\plugins\mcufinder
2025-08-05 08:41:15,550 [WARN] DbFile:41 - Overriding database path with different value: C:\Users\user\.stmcufinder\plugins\mcufinder/ => C:\Users\user\.stmcufinder\plugins\mcufinder
2025-08-05 08:41:15,551 [INFO] CrossReferenceDbSqlite:203 - Set database path to: C:\Users\user\.stmcufinder\plugins\mcufinder//mcu/cs/
2025-08-05 08:41:15,586 [INFO] ApplicationProperties:184 - Using Application install path: C:\ST\STM32CubeIDE_1.18.0\STM32CubeIDE\plugins\com.st.stm32cube.common.mx_6.14.0.202502271554
2025-08-05 08:41:15,588 [INFO] PluginManage:196 - Search for loadable plugins [exclusion list=, ]
2025-08-05 08:41:15,591 [INFO] PluginManage:310 - Check plugin analytics
2025-08-05 08:41:16,094 [INFO] AnalyticsPlugin:253 - Accepted Software Licenses: STM32CubeMX.6.15.0
2025-08-05 08:41:16,099 [INFO] AnalyticsPlugin:255 - Accepted CMSIS Pack Licenses: 
2025-08-05 08:41:16,100 [INFO] AnalyticsPlugin:257 - Accepted Firmware Licenses: FW.F4.1.28.0
2025-08-05 08:41:16,108 [INFO] PluginManage:359 - Loaded plugin analytics (category:tool,tabindex:-1)
2025-08-05 08:41:16,109 [INFO] PluginManage:310 - Check plugin cadmodel
2025-08-05 08:41:16,121 [INFO] CADModel:105 - Init CAD model plugin
2025-08-05 08:41:16,121 [INFO] PluginManage:359 - Loaded plugin cadmodel (category:power,tabindex:5)
2025-08-05 08:41:16,122 [INFO] PluginManage:310 - Check plugin clock
2025-08-05 08:41:16,139 [INFO] PluginManage:359 - Loaded plugin clock (category:base,tabindex:2)
2025-08-05 08:41:16,139 [INFO] PluginManage:310 - Check plugin ddr
2025-08-05 08:41:16,143 [INFO] PluginManage:359 - Loaded plugin ddr (category:tool,tabindex:6)
2025-08-05 08:41:16,143 [INFO] PluginManage:310 - Check plugin filemanager
2025-08-05 08:41:16,367 [INFO] PluginManage:359 - Loaded plugin filemanager (category:base,tabindex:10)
2025-08-05 08:41:16,367 [INFO] PluginManage:310 - Check plugin ipmanager
2025-08-05 08:41:16,379 [INFO] PluginManage:359 - Loaded plugin ipmanager (category:base,tabindex:5)
2025-08-05 08:41:16,379 [INFO] PluginManage:310 - Check plugin lpbam
2025-08-05 08:41:16,391 [INFO] PluginManage:359 - Loaded plugin lpbam (category:base,tabindex:0)
2025-08-05 08:41:16,391 [INFO] PluginManage:310 - Check plugin memorymap
2025-08-05 08:41:16,415 [INFO] PluginManage:359 - Loaded plugin memorymap (category:base,tabindex:4)
2025-08-05 08:41:16,416 [INFO] PluginManage:310 - Check plugin pinoutandconfiguration
2025-08-05 08:41:16,433 [INFO] PluginManage:359 - Loaded plugin pinoutandconfiguration (category:base,tabindex:1)
2025-08-05 08:41:16,433 [INFO] PluginManage:310 - Check plugin pinoutconfig
2025-08-05 08:41:16,588 [WARN] SupportedApi:132 - Cannot load RTOS API schema: s4s-elt-must-match.1: The content of 'definitions' must match (annotation?, (simpleType | complexType)?, (unique | key | keyref)*)). A problem was found starting at: attribute.
2025-08-05 08:41:16,850 [INFO] PluginManage:359 - Loaded plugin pinoutconfig (category:base,tabindex:0)
2025-08-05 08:41:16,851 [INFO] PluginManage:310 - Check plugin power
2025-08-05 08:41:16,874 [INFO] PluginManage:359 - Loaded plugin power (category:power,tabindex:4)
2025-08-05 08:41:16,874 [INFO] PluginManage:310 - Check plugin projectmanager
2025-08-05 08:41:16,908 [INFO] PluginManage:359 - Loaded plugin projectmanager (category:projectmanager,tabindex:4)
2025-08-05 08:41:16,908 [INFO] PluginManage:310 - Check plugin rif
2025-08-05 08:41:16,926 [INFO] PluginManage:359 - Loaded plugin rif (category:base,tabindex:3)
2025-08-05 08:41:16,926 [INFO] PluginManage:310 - Check plugin thirdparty
2025-08-05 08:41:17,245 [INFO] PluginManage:359 - Loaded plugin thirdparty (category:base,tabindex:-1)
2025-08-05 08:41:17,250 [INFO] PluginManage:310 - Check plugin tools
2025-08-05 08:41:17,251 [WARN] IntegrityCheckThread:84 - waiting for thirdparty lock release [integrity check]
2025-08-05 08:41:17,252 [INFO] IntegrityCheckThread:86 - entering critical section [integrity check]
2025-08-05 08:41:17,252 [INFO] ThirdPartyUpdaterWithRetryManager:70 - Updater plugin not ready yet. [1/15]
2025-08-05 08:41:17,256 [INFO] PluginManage:359 - Loaded plugin tools (category:base,tabindex:7)
2025-08-05 08:41:17,256 [INFO] PluginManage:310 - Check plugin tutovideos
2025-08-05 08:41:17,734 [INFO] PluginManage:359 - Loaded plugin tutovideos (category:base,tabindex:-1)
2025-08-05 08:41:17,734 [INFO] PluginManage:310 - Check plugin updater
2025-08-05 08:41:17,787 [INFO] PluginManage:359 - Loaded plugin updater (category:base,tabindex:12)
2025-08-05 08:41:17,787 [INFO] PluginManage:310 - Check plugin userauth
2025-08-05 08:41:17,797 [INFO] UserAuth:118 - Init User Auth plugin
2025-08-05 08:41:17,800 [INFO] PluginManage:359 - Loaded plugin userauth (category:base,tabindex:14)
2025-08-05 08:41:17,801 [INFO] PluginManage:283 - PluginManage : Loaded plugins [18]
2025-08-05 08:41:18,236 [INFO] PinOutPanel:1589 - setPackage(No Configuration,No Configuration)
2025-08-05 08:41:18,408 [INFO] CADModel:165 - CPN selected for project level
2025-08-05 08:41:18,408 [INFO] CADModel:114 - Register for checkConnection events
2025-08-05 08:41:18,452 [INFO] IPUIPlugin:80 - create IPUIPlugin
2025-08-05 08:41:18,453 [INFO] PluginManager:220 - loadIPPluginJar : add adc
2025-08-05 08:41:18,458 [INFO] IPUIPlugin:80 - create IPUIPlugin
2025-08-05 08:41:18,458 [INFO] PluginManager:220 - loadIPPluginJar : add aes
2025-08-05 08:41:18,464 [INFO] IPUIPlugin:80 - create IPUIPlugin
2025-08-05 08:41:18,464 [INFO] PluginManager:220 - loadIPPluginJar : add can
2025-08-05 08:41:18,468 [INFO] IPUIPlugin:80 - create IPUIPlugin
2025-08-05 08:41:18,468 [INFO] PluginManager:220 - loadIPPluginJar : add comp
2025-08-05 08:41:18,473 [INFO] IPUIPlugin:80 - create IPUIPlugin
2025-08-05 08:41:18,473 [INFO] PluginManager:220 - loadIPPluginJar : add cryp
2025-08-05 08:41:18,480 [INFO] IPUIPlugin:80 - create IPUIPlugin
2025-08-05 08:41:18,481 [INFO] PluginManager:220 - loadIPPluginJar : add ddr_ctrl_phy
2025-08-05 08:41:18,488 [INFO] IPUIPlugin:80 - create IPUIPlugin
2025-08-05 08:41:18,488 [INFO] PluginManager:220 - loadIPPluginJar : add dfsdm
2025-08-05 08:41:18,498 [INFO] IPUIPlugin:80 - create IPUIPlugin
2025-08-05 08:41:18,499 [INFO] PluginManager:220 - loadIPPluginJar : add dma
2025-08-05 08:41:18,503 [INFO] IPUIPlugin:80 - create IPUIPlugin
2025-08-05 08:41:18,503 [INFO] PluginManager:220 - loadIPPluginJar : add dma3
2025-08-05 08:41:18,508 [INFO] IPUIPlugin:80 - create IPUIPlugin
2025-08-05 08:41:18,508 [INFO] PluginManager:220 - loadIPPluginJar : add extmemmanager
2025-08-05 08:41:18,511 [INFO] IPUIPlugin:80 - create IPUIPlugin
2025-08-05 08:41:18,512 [INFO] PluginManager:220 - loadIPPluginJar : add fatfs
2025-08-05 08:41:18,520 [INFO] IPUIPlugin:80 - create IPUIPlugin
2025-08-05 08:41:18,520 [INFO] PluginManager:220 - loadIPPluginJar : add fmc
2025-08-05 08:41:18,529 [INFO] IPUIPlugin:80 - create IPUIPlugin
2025-08-05 08:41:18,530 [INFO] PluginManager:220 - loadIPPluginJar : add freertos
2025-08-05 08:41:18,533 [INFO] IPUIPlugin:80 - create IPUIPlugin
2025-08-05 08:41:18,533 [INFO] PluginManager:220 - loadIPPluginJar : add genericplugin
2025-08-05 08:41:18,537 [INFO] IPUIPlugin:80 - create IPUIPlugin
2025-08-05 08:41:18,537 [INFO] PluginManager:220 - loadIPPluginJar : add gfxmmu
2025-08-05 08:41:18,545 [INFO] IPUIPlugin:80 - create IPUIPlugin
2025-08-05 08:41:18,546 [INFO] PluginManager:220 - loadIPPluginJar : add gic
2025-08-05 08:41:18,559 [INFO] IPUIPlugin:80 - create IPUIPlugin
2025-08-05 08:41:18,559 [INFO] PluginManager:220 - loadIPPluginJar : add gpio
2025-08-05 08:41:18,566 [INFO] IPUIPlugin:80 - create IPUIPlugin
2025-08-05 08:41:18,567 [INFO] PluginManager:220 - loadIPPluginJar : add gtzc
2025-08-05 08:41:18,573 [INFO] IPUIPlugin:80 - create IPUIPlugin
2025-08-05 08:41:18,573 [INFO] PluginManager:220 - loadIPPluginJar : add hash
2025-08-05 08:41:18,579 [INFO] IPUIPlugin:80 - create IPUIPlugin
2025-08-05 08:41:18,580 [INFO] PluginManager:220 - loadIPPluginJar : add i2c
2025-08-05 08:41:18,585 [INFO] IPUIPlugin:80 - create IPUIPlugin
2025-08-05 08:41:18,586 [INFO] PluginManager:220 - loadIPPluginJar : add i2s
2025-08-05 08:41:18,592 [INFO] IPUIPlugin:80 - create IPUIPlugin
2025-08-05 08:41:18,593 [INFO] PluginManager:220 - loadIPPluginJar : add i3c
2025-08-05 08:41:18,600 [INFO] IPUIPlugin:80 - create IPUIPlugin
2025-08-05 08:41:18,601 [INFO] PluginManager:220 - loadIPPluginJar : add ipddr
2025-08-05 08:41:18,615 [INFO] IPUIPlugin:80 - create IPUIPlugin
2025-08-05 08:41:18,616 [INFO] PluginManager:220 - loadIPPluginJar : add linkedlist
2025-08-05 08:41:18,622 [INFO] IPUIPlugin:80 - create IPUIPlugin
2025-08-05 08:41:18,623 [INFO] PluginManager:220 - loadIPPluginJar : add lorawan
2025-08-05 08:41:18,626 [INFO] IPUIPlugin:80 - create IPUIPlugin
2025-08-05 08:41:18,627 [INFO] PluginManager:220 - loadIPPluginJar : add ltdc
2025-08-05 08:41:18,639 [INFO] IPUIPlugin:80 - create IPUIPlugin
2025-08-05 08:41:18,639 [INFO] PluginManager:220 - loadIPPluginJar : add mdma
2025-08-05 08:41:18,655 [INFO] IPUIPlugin:80 - create IPUIPlugin
2025-08-05 08:41:18,655 [INFO] PluginManager:220 - loadIPPluginJar : add nvic
2025-08-05 08:41:18,684 [INFO] IPUIPlugin:80 - create IPUIPlugin
2025-08-05 08:41:18,684 [INFO] PluginManager:220 - loadIPPluginJar : add opamp
2025-08-05 08:41:18,692 [INFO] IPUIPlugin:80 - create IPUIPlugin
2025-08-05 08:41:18,693 [INFO] PluginManager:220 - loadIPPluginJar : add openamp
2025-08-05 08:41:18,706 [INFO] IPUIPlugin:80 - create IPUIPlugin
2025-08-05 08:41:18,706 [INFO] PluginManager:220 - loadIPPluginJar : add pdm2pcm
2025-08-05 08:41:18,723 [INFO] IPUIPlugin:80 - create IPUIPlugin
2025-08-05 08:41:18,733 [INFO] PluginManager:220 - loadIPPluginJar : add plateformsettings
2025-08-05 08:41:18,737 [INFO] IPUIPlugin:80 - create IPUIPlugin
2025-08-05 08:41:18,737 [INFO] PluginManager:220 - loadIPPluginJar : add quadspi
2025-08-05 08:41:18,741 [INFO] IPUIPlugin:80 - create IPUIPlugin
2025-08-05 08:41:18,742 [INFO] PluginManager:220 - loadIPPluginJar : add radio
2025-08-05 08:41:18,754 [INFO] IPUIPlugin:80 - create IPUIPlugin
2025-08-05 08:41:18,754 [INFO] PluginManager:220 - loadIPPluginJar : add resmgrutility
2025-08-05 08:41:18,763 [INFO] IPUIPlugin:80 - create IPUIPlugin
2025-08-05 08:41:18,763 [INFO] PluginManager:220 - loadIPPluginJar : add sai
2025-08-05 08:41:18,768 [INFO] IPUIPlugin:80 - create IPUIPlugin
2025-08-05 08:41:18,768 [INFO] PluginManager:220 - loadIPPluginJar : add spi
2025-08-05 08:41:18,780 [INFO] IPUIPlugin:80 - create IPUIPlugin
2025-08-05 08:41:18,781 [INFO] PluginManager:220 - loadIPPluginJar : add stm32_wpan
2025-08-05 08:41:18,785 [INFO] IPUIPlugin:80 - create IPUIPlugin
2025-08-05 08:41:18,785 [INFO] PluginManager:220 - loadIPPluginJar : add tim
2025-08-05 08:41:18,792 [INFO] IPUIPlugin:80 - create IPUIPlugin
2025-08-05 08:41:18,792 [INFO] PluginManager:220 - loadIPPluginJar : add touchsensing
2025-08-05 08:41:18,801 [INFO] IPUIPlugin:80 - create IPUIPlugin
2025-08-05 08:41:18,802 [INFO] PluginManager:220 - loadIPPluginJar : add tracer_emb
2025-08-05 08:41:18,806 [INFO] IPUIPlugin:80 - create IPUIPlugin
2025-08-05 08:41:18,806 [INFO] PluginManager:220 - loadIPPluginJar : add ts
2025-08-05 08:41:18,810 [INFO] IPUIPlugin:80 - create IPUIPlugin
2025-08-05 08:41:18,811 [INFO] PluginManager:220 - loadIPPluginJar : add tsc
2025-08-05 08:41:18,819 [INFO] IPUIPlugin:80 - create IPUIPlugin
2025-08-05 08:41:18,819 [INFO] PluginManager:220 - loadIPPluginJar : add ucpd
2025-08-05 08:41:18,825 [INFO] IPUIPlugin:80 - create IPUIPlugin
2025-08-05 08:41:18,826 [INFO] PluginManager:220 - loadIPPluginJar : add usart
2025-08-05 08:41:18,836 [INFO] IPUIPlugin:80 - create IPUIPlugin
2025-08-05 08:41:18,836 [INFO] PluginManager:220 - loadIPPluginJar : add usbx
2025-08-05 08:41:19,083 [FATAL] Updater:351 - Updater called before beeing initialized
2025-08-05 08:41:19,142 [INFO] RulesReader:64 - Compatibility file has been processed (301 Rules)
2025-08-05 08:41:19,168 [INFO] RulesReader:64 - Compatibility file has been processed (301 Rules)
2025-08-05 08:41:19,181 [INFO] CADModel:165 - CPN selected for project level
2025-08-05 08:41:19,182 [INFO] CADModel:114 - Register for checkConnection events
2025-08-05 08:41:19,182 [FATAL] Updater:351 - Updater called before beeing initialized
2025-08-05 08:41:19,182 [ERROR] CADModel:125 - Updater not yet initialized, retry later 
2025-08-05 08:41:19,672 [FATAL] Updater:351 - Updater called before beeing initialized
2025-08-05 08:41:19,676 [INFO] CADModel:165 - CPN selected for project level
2025-08-05 08:41:19,676 [INFO] CADModel:114 - Register for checkConnection events
2025-08-05 08:41:19,676 [FATAL] Updater:351 - Updater called before beeing initialized
2025-08-05 08:41:19,677 [ERROR] CADModel:125 - Updater not yet initialized, retry later 
2025-08-05 08:41:19,687 [FATAL] Updater:351 - Updater called before beeing initialized
2025-08-05 08:41:20,076 [FATAL] Updater:351 - Updater called before beeing initialized
2025-08-05 08:41:20,102 [INFO] DbMcusAds:53 - JSON generation date=Tue Jul 08 13:44:23 IST 2025 (1751962463582)
2025-08-05 08:41:20,103 [FATAL] Updater:351 - Updater called before beeing initialized
2025-08-05 08:41:20,206 [WARN] DetailPanel:346 - Failed to get advertising image, set to default
2025-08-05 08:41:20,280 [INFO] ThirdPartyUpdaterWithRetryManager:70 - Updater plugin not ready yet. [2/15]
2025-08-05 08:41:20,855 [FATAL] Updater:351 - Updater called before beeing initialized
2025-08-05 08:41:20,860 [FATAL] Updater:351 - Updater called before beeing initialized
2025-08-05 08:41:20,861 [FATAL] Updater:351 - Updater called before beeing initialized
2025-08-05 08:41:20,861 [WARN] DetailPanel:346 - Failed to get advertising image, set to default
2025-08-05 08:41:20,864 [FATAL] Updater:351 - Updater called before beeing initialized
2025-08-05 08:41:20,993 [ERROR] Updater:1198 - MainUpdater not yet initialized. External WinMGr cannot be set.
2025-08-05 08:41:21,005 [INFO] Updater:1134 - Updater Version found : 6.14.0
2025-08-05 08:41:21,059 [INFO] ApplicationProperties:184 - Using Application install path: C:\ST\STM32CubeIDE_1.18.0\STM32CubeIDE\plugins\com.st.stm32cube.common.mx_6.14.0.202502271554
2025-08-05 08:41:22,663 [ERROR] LogOutputStream:75 - [STDERR_REDIRECT] Aug 05, 2025 8:41:22 AM java.util.prefs.WindowsPreferences <init>
2025-08-05 08:41:22,671 [ERROR] LogOutputStream:75 - [STDERR_REDIRECT] WARNING: Could not open/create prefs root node Software\JavaSoft\Prefs at root 0xffffffff80000002. Windows RegCreateKeyEx(...) returned error code 5.
2025-08-05 08:41:22,671 [ERROR] LogOutputStream:75 - [STDERR_REDIRECT] 
2025-08-05 08:41:23,281 [FATAL] Updater:351 - Updater called before beeing initialized
2025-08-05 08:41:23,282 [ERROR] IntegrityCheckThread:130 - Cannot retrieve database content from updater: error 21
2025-08-05 08:41:23,282 [INFO] ThirdParty:978 - Integrity check success = false
2025-08-05 08:41:23,282 [INFO] IntegrityCheckThread:100 - exiting critical section [integrity check]
2025-08-05 08:41:23,282 [INFO] IntegrityCheckThread:103 - End integrity checks thread
2025-08-05 08:41:23,584 [INFO] MainUpdater:2872 - connection check result : 10
2025-08-05 08:41:23,585 [INFO] MainUpdater:289 - Updater Check For Update Now.
2025-08-05 08:41:23,585 [INFO] MicroXplorer:498 - Change Database Version : DB.6.0.140
2025-08-05 08:41:23,596 [INFO] McuFinderGlobals:63 - Set McuFinder mode to 2 (CubeIDE integrated)
2025-08-05 08:41:23,599 [INFO] UserAuth:486 - Internet connection configuration mode: 1
2025-08-05 08:41:23,823 [INFO] JxBrowserEngine:152 - Initiate JxBrowser Engine with user profile folder
2025-08-05 08:41:24,346 [INFO] CheckServerUpdateThread:120 - End of CheckServer Thread
2025-08-05 08:41:26,258 [INFO] WebApp:169 - Instantiating new browser for Auth
2025-08-05 08:41:27,883 [INFO] WebApp:463 - Apply proxy settings
2025-08-05 08:41:27,884 [INFO] WebApp:548 - Chromium requires no authentication
2025-08-05 08:41:27,903 [INFO] WebApp:491 - Direct internet connection detected
2025-08-05 08:41:27,995 [INFO] WebApp:894 - Register for checkConnection events
2025-08-05 08:41:27,995 [INFO] WebApp:463 - Apply proxy settings
2025-08-05 08:41:27,996 [INFO] WebApp:548 - Chromium requires no authentication
2025-08-05 08:41:27,997 [INFO] WebApp:491 - Direct internet connection detected
2025-08-05 08:41:28,451 [INFO] WebApp:225 - Starting web application
2025-08-05 08:41:28,451 [INFO] WebApp:593 - Web application path used C:\ST\STM32CubeIDE_1.18.0\STM32CubeIDE\plugins\com.st.stm32cube.common.mx_6.14.0.202502271554\db\plugins\mcufinder\reactClient1\index.html
2025-08-05 08:41:28,682 [INFO] UserAuth:486 - Internet connection configuration mode: 1
2025-08-05 08:41:28,836 [INFO] WebApp:191 - Connection restablished
2025-08-05 09:38:20,377 [ERROR] LogOutputStream:75 - [STDERR_REDIRECT] 
2025-08-05 09:38:20,383 [ERROR] LogOutputStream:75 - [STDERR_REDIRECT] 
2025-08-05 18:18:19,336 [INFO] Activator:176 - 


2025-08-05 18:18:19,344 [INFO] Activator:177 - !SESSION log4j initialized
2025-08-05 18:18:37,168 [INFO] LogOutputStream:77 - [STDOUT_REDIRECT] 
2025-08-05 18:18:45,512 [INFO] ApplicationProperties:184 - Using Application install path: C:\ST\STM32CubeIDE_1.18.0\STM32CubeIDE\plugins\com.st.stm32cube.common.mx_6.14.0.202502271554
2025-08-05 18:18:45,549 [INFO] DbMcusXml:78 - Set database path to: C:\ST\STM32CubeIDE_1.18.0\STM32CubeIDE\plugins\com.st.stm32cube.common.mx_6.14.0.202502271554\\db\/mcu/
2025-08-05 18:18:45,549 [INFO] ApiDb:274 - Set plugin database path to: C:\ST\STM32CubeIDE_1.18.0\STM32CubeIDE\plugins\com.st.stm32cube.common.mx_6.14.0.202502271554\\db\/plugins/boardmanager/
2025-08-05 18:18:45,550 [WARN] ApiDb:259 - Overriding images path with different value:  => C:\ST\STM32CubeIDE_1.18.0\STM32CubeIDE\plugins\com.st.stm32cube.common.mx_6.14.0.202502271554\\db\/plugins/mcufinder/images/
2025-08-05 18:18:45,580 [INFO] ApiDb:250 - Set database path to: C:\Users\user\.stmcufinder\plugins\mcufinder//mcu/
2025-08-05 18:18:45,582 [INFO] DbMcusAds:125 - Set database path to: C:\Users\user\.stmcufinder\plugins\mcufinder//mcu/
2025-08-05 18:18:45,588 [INFO] CrossReferenceDbSqlite:203 - Set database path to: C:\Users\user\.stmcufinder\plugins\mcufinder//mcu/cs/
2025-08-05 18:18:45,888 [INFO] RulesReader:64 - Compatibility file has been processed (301 Rules)
2025-08-05 18:18:46,062 [INFO] DbMcusXml:78 - Set database path to: C:\ST\STM32CubeIDE_1.18.0\STM32CubeIDE\plugins\com.st.stm32cube.common.mx_6.14.0.202502271554\\db\/mcu/
2025-08-05 18:18:46,062 [INFO] ApiDb:274 - Set plugin database path to: C:\ST\STM32CubeIDE_1.18.0\STM32CubeIDE\plugins\com.st.stm32cube.common.mx_6.14.0.202502271554\\db\/plugins/boardmanager/
2025-08-05 18:18:46,063 [INFO] ApiDb:261 - Set plugin images path to: C:\ST\STM32CubeIDE_1.18.0\STM32CubeIDE\plugins\com.st.stm32cube.common.mx_6.14.0.202502271554\\db\/plugins/mcufinder/images/
2025-08-05 18:18:46,063 [WARN] DbFile:41 - Overriding database path with different value: C:\Users\user\.stmcufinder\plugins\mcufinder/ => C:\Users\user\.stmcufinder\plugins\mcufinder
2025-08-05 18:18:46,063 [INFO] ApiDb:250 - Set database path to: C:\Users\user\.stmcufinder\plugins\mcufinder//mcu/
2025-08-05 18:18:46,064 [WARN] DbFile:41 - Overriding database path with different value: C:\Users\user\.stmcufinder\plugins\mcufinder/ => C:\Users\user\.stmcufinder\plugins\mcufinder
2025-08-05 18:18:46,064 [INFO] DbMcusAds:125 - Set database path to: C:\Users\user\.stmcufinder\plugins\mcufinder//mcu/
2025-08-05 18:18:46,064 [WARN] DbFile:41 - Overriding database path with different value: C:\Users\user\.stmcufinder\plugins\mcufinder/ => C:\Users\user\.stmcufinder\plugins\mcufinder
2025-08-05 18:18:46,064 [WARN] DbFile:41 - Overriding database path with different value: C:\Users\user\.stmcufinder\plugins\mcufinder/ => C:\Users\user\.stmcufinder\plugins\mcufinder
2025-08-05 18:18:46,064 [INFO] CrossReferenceDbSqlite:203 - Set database path to: C:\Users\user\.stmcufinder\plugins\mcufinder//mcu/cs/
2025-08-05 18:18:46,311 [INFO] MainPanel:272 - HeapMemory: 268435456
2025-08-05 18:18:46,562 [INFO] DbMcusXml:78 - Set database path to: C:\ST\STM32CubeIDE_1.18.0\STM32CubeIDE\plugins\com.st.stm32cube.common.mx_6.14.0.202502271554\\db\/mcu/
2025-08-05 18:18:46,563 [INFO] ApiDb:274 - Set plugin database path to: C:\ST\STM32CubeIDE_1.18.0\STM32CubeIDE\plugins\com.st.stm32cube.common.mx_6.14.0.202502271554\\db\/plugins/boardmanager/
2025-08-05 18:18:46,563 [INFO] ApiDb:261 - Set plugin images path to: C:\ST\STM32CubeIDE_1.18.0\STM32CubeIDE\plugins\com.st.stm32cube.common.mx_6.14.0.202502271554\\db\/plugins/mcufinder/images/
2025-08-05 18:18:46,563 [WARN] DbFile:41 - Overriding database path with different value: C:\Users\user\.stmcufinder\plugins\mcufinder/ => C:\Users\user\.stmcufinder\plugins\mcufinder
2025-08-05 18:18:46,563 [INFO] ApiDb:250 - Set database path to: C:\Users\user\.stmcufinder\plugins\mcufinder//mcu/
2025-08-05 18:18:46,563 [WARN] DbFile:41 - Overriding database path with different value: C:\Users\user\.stmcufinder\plugins\mcufinder/ => C:\Users\user\.stmcufinder\plugins\mcufinder
2025-08-05 18:18:46,564 [INFO] DbMcusAds:125 - Set database path to: C:\Users\user\.stmcufinder\plugins\mcufinder//mcu/
2025-08-05 18:18:46,564 [WARN] DbFile:41 - Overriding database path with different value: C:\Users\user\.stmcufinder\plugins\mcufinder/ => C:\Users\user\.stmcufinder\plugins\mcufinder
2025-08-05 18:18:46,564 [WARN] DbFile:41 - Overriding database path with different value: C:\Users\user\.stmcufinder\plugins\mcufinder/ => C:\Users\user\.stmcufinder\plugins\mcufinder
2025-08-05 18:18:46,564 [INFO] CrossReferenceDbSqlite:203 - Set database path to: C:\Users\user\.stmcufinder\plugins\mcufinder//mcu/cs/
2025-08-05 18:18:46,597 [INFO] ApplicationProperties:184 - Using Application install path: C:\ST\STM32CubeIDE_1.18.0\STM32CubeIDE\plugins\com.st.stm32cube.common.mx_6.14.0.202502271554
2025-08-05 18:18:46,599 [INFO] PluginManage:196 - Search for loadable plugins [exclusion list=, ]
2025-08-05 18:18:46,603 [INFO] PluginManage:310 - Check plugin analytics
2025-08-05 18:18:46,977 [INFO] AnalyticsPlugin:253 - Accepted Software Licenses: STM32CubeMX.6.15.0
2025-08-05 18:18:46,978 [INFO] AnalyticsPlugin:255 - Accepted CMSIS Pack Licenses: 
2025-08-05 18:18:46,978 [INFO] AnalyticsPlugin:257 - Accepted Firmware Licenses: FW.F4.1.28.0
2025-08-05 18:18:46,990 [INFO] PluginManage:359 - Loaded plugin analytics (category:tool,tabindex:-1)
2025-08-05 18:18:46,994 [INFO] PluginManage:310 - Check plugin cadmodel
2025-08-05 18:18:47,027 [INFO] CADModel:105 - Init CAD model plugin
2025-08-05 18:18:47,027 [INFO] PluginManage:359 - Loaded plugin cadmodel (category:power,tabindex:5)
2025-08-05 18:18:47,028 [INFO] PluginManage:310 - Check plugin clock
2025-08-05 18:18:47,072 [INFO] PluginManage:359 - Loaded plugin clock (category:base,tabindex:2)
2025-08-05 18:18:47,073 [INFO] PluginManage:310 - Check plugin ddr
2025-08-05 18:18:47,078 [INFO] PluginManage:359 - Loaded plugin ddr (category:tool,tabindex:6)
2025-08-05 18:18:47,079 [INFO] PluginManage:310 - Check plugin filemanager
2025-08-05 18:18:47,366 [INFO] PluginManage:359 - Loaded plugin filemanager (category:base,tabindex:10)
2025-08-05 18:18:47,366 [INFO] PluginManage:310 - Check plugin ipmanager
2025-08-05 18:18:47,383 [INFO] PluginManage:359 - Loaded plugin ipmanager (category:base,tabindex:5)
2025-08-05 18:18:47,384 [INFO] PluginManage:310 - Check plugin lpbam
2025-08-05 18:18:47,429 [INFO] PluginManage:359 - Loaded plugin lpbam (category:base,tabindex:0)
2025-08-05 18:18:47,429 [INFO] PluginManage:310 - Check plugin memorymap
2025-08-05 18:18:47,491 [INFO] PluginManage:359 - Loaded plugin memorymap (category:base,tabindex:4)
2025-08-05 18:18:47,491 [INFO] PluginManage:310 - Check plugin pinoutandconfiguration
2025-08-05 18:18:47,524 [INFO] PluginManage:359 - Loaded plugin pinoutandconfiguration (category:base,tabindex:1)
2025-08-05 18:18:47,524 [INFO] PluginManage:310 - Check plugin pinoutconfig
2025-08-05 18:18:47,705 [WARN] SupportedApi:132 - Cannot load RTOS API schema: s4s-elt-must-match.1: The content of 'definitions' must match (annotation?, (simpleType | complexType)?, (unique | key | keyref)*)). A problem was found starting at: attribute.
2025-08-05 18:18:47,935 [INFO] PluginManage:359 - Loaded plugin pinoutconfig (category:base,tabindex:0)
2025-08-05 18:18:47,936 [INFO] PluginManage:310 - Check plugin power
2025-08-05 18:18:47,980 [INFO] PluginManage:359 - Loaded plugin power (category:power,tabindex:4)
2025-08-05 18:18:47,981 [INFO] PluginManage:310 - Check plugin projectmanager
2025-08-05 18:18:48,018 [INFO] PluginManage:359 - Loaded plugin projectmanager (category:projectmanager,tabindex:4)
2025-08-05 18:18:48,019 [INFO] PluginManage:310 - Check plugin rif
2025-08-05 18:18:48,070 [INFO] PluginManage:359 - Loaded plugin rif (category:base,tabindex:3)
2025-08-05 18:18:48,070 [INFO] PluginManage:310 - Check plugin thirdparty
2025-08-05 18:18:48,708 [INFO] PluginManage:359 - Loaded plugin thirdparty (category:base,tabindex:-1)
2025-08-05 18:18:48,714 [INFO] PluginManage:310 - Check plugin tools
2025-08-05 18:18:48,725 [WARN] IntegrityCheckThread:84 - waiting for thirdparty lock release [integrity check]
2025-08-05 18:18:48,728 [INFO] IntegrityCheckThread:86 - entering critical section [integrity check]
2025-08-05 18:18:48,729 [INFO] ThirdPartyUpdaterWithRetryManager:70 - Updater plugin not ready yet. [1/15]
2025-08-05 18:18:48,814 [INFO] PluginManage:359 - Loaded plugin tools (category:base,tabindex:7)
2025-08-05 18:18:48,814 [INFO] PluginManage:310 - Check plugin tutovideos
2025-08-05 18:18:49,192 [INFO] PluginManage:359 - Loaded plugin tutovideos (category:base,tabindex:-1)
2025-08-05 18:18:49,193 [INFO] PluginManage:310 - Check plugin updater
2025-08-05 18:18:49,236 [INFO] PluginManage:359 - Loaded plugin updater (category:base,tabindex:12)
2025-08-05 18:18:49,237 [INFO] PluginManage:310 - Check plugin userauth
2025-08-05 18:18:49,244 [INFO] UserAuth:118 - Init User Auth plugin
2025-08-05 18:18:49,246 [INFO] PluginManage:359 - Loaded plugin userauth (category:base,tabindex:14)
2025-08-05 18:18:49,247 [INFO] PluginManage:283 - PluginManage : Loaded plugins [18]
2025-08-05 18:18:49,602 [INFO] PinOutPanel:1589 - setPackage(No Configuration,No Configuration)
2025-08-05 18:18:49,760 [INFO] CADModel:165 - CPN selected for project level
2025-08-05 18:18:49,761 [INFO] CADModel:114 - Register for checkConnection events
2025-08-05 18:18:49,807 [INFO] IPUIPlugin:80 - create IPUIPlugin
2025-08-05 18:18:49,807 [INFO] PluginManager:220 - loadIPPluginJar : add adc
2025-08-05 18:18:49,879 [INFO] IPUIPlugin:80 - create IPUIPlugin
2025-08-05 18:18:49,879 [INFO] PluginManager:220 - loadIPPluginJar : add aes
2025-08-05 18:18:49,972 [INFO] IPUIPlugin:80 - create IPUIPlugin
2025-08-05 18:18:49,972 [INFO] PluginManager:220 - loadIPPluginJar : add can
2025-08-05 18:18:50,037 [INFO] IPUIPlugin:80 - create IPUIPlugin
2025-08-05 18:18:50,037 [INFO] PluginManager:220 - loadIPPluginJar : add comp
2025-08-05 18:18:50,098 [INFO] IPUIPlugin:80 - create IPUIPlugin
2025-08-05 18:18:50,098 [INFO] PluginManager:220 - loadIPPluginJar : add cryp
2025-08-05 18:18:50,122 [INFO] IPUIPlugin:80 - create IPUIPlugin
2025-08-05 18:18:50,123 [INFO] PluginManager:220 - loadIPPluginJar : add ddr_ctrl_phy
2025-08-05 18:18:50,179 [INFO] IPUIPlugin:80 - create IPUIPlugin
2025-08-05 18:18:50,179 [INFO] PluginManager:220 - loadIPPluginJar : add dfsdm
2025-08-05 18:18:50,202 [INFO] IPUIPlugin:80 - create IPUIPlugin
2025-08-05 18:18:50,203 [INFO] PluginManager:220 - loadIPPluginJar : add dma
2025-08-05 18:18:50,276 [INFO] IPUIPlugin:80 - create IPUIPlugin
2025-08-05 18:18:50,276 [INFO] PluginManager:220 - loadIPPluginJar : add dma3
2025-08-05 18:18:50,354 [INFO] IPUIPlugin:80 - create IPUIPlugin
2025-08-05 18:18:50,354 [INFO] PluginManager:220 - loadIPPluginJar : add extmemmanager
2025-08-05 18:18:50,395 [INFO] IPUIPlugin:80 - create IPUIPlugin
2025-08-05 18:18:50,396 [INFO] PluginManager:220 - loadIPPluginJar : add fatfs
2025-08-05 18:18:50,481 [INFO] IPUIPlugin:80 - create IPUIPlugin
2025-08-05 18:18:50,481 [INFO] PluginManager:220 - loadIPPluginJar : add fmc
2025-08-05 18:18:50,509 [INFO] IPUIPlugin:80 - create IPUIPlugin
2025-08-05 18:18:50,509 [INFO] PluginManager:220 - loadIPPluginJar : add freertos
2025-08-05 18:18:50,548 [INFO] IPUIPlugin:80 - create IPUIPlugin
2025-08-05 18:18:50,548 [INFO] PluginManager:220 - loadIPPluginJar : add genericplugin
2025-08-05 18:18:50,740 [INFO] IPUIPlugin:80 - create IPUIPlugin
2025-08-05 18:18:50,740 [INFO] PluginManager:220 - loadIPPluginJar : add gfxmmu
2025-08-05 18:18:50,992 [INFO] IPUIPlugin:80 - create IPUIPlugin
2025-08-05 18:18:50,992 [INFO] PluginManager:220 - loadIPPluginJar : add gic
2025-08-05 18:18:51,013 [INFO] IPUIPlugin:80 - create IPUIPlugin
2025-08-05 18:18:51,014 [INFO] PluginManager:220 - loadIPPluginJar : add gpio
2025-08-05 18:18:51,170 [INFO] IPUIPlugin:80 - create IPUIPlugin
2025-08-05 18:18:51,170 [INFO] PluginManager:220 - loadIPPluginJar : add gtzc
2025-08-05 18:18:51,232 [INFO] IPUIPlugin:80 - create IPUIPlugin
2025-08-05 18:18:51,232 [INFO] PluginManager:220 - loadIPPluginJar : add hash
2025-08-05 18:18:51,331 [INFO] IPUIPlugin:80 - create IPUIPlugin
2025-08-05 18:18:51,331 [INFO] PluginManager:220 - loadIPPluginJar : add i2c
2025-08-05 18:18:51,405 [INFO] IPUIPlugin:80 - create IPUIPlugin
2025-08-05 18:18:51,405 [INFO] PluginManager:220 - loadIPPluginJar : add i2s
2025-08-05 18:18:51,479 [INFO] IPUIPlugin:80 - create IPUIPlugin
2025-08-05 18:18:51,480 [INFO] PluginManager:220 - loadIPPluginJar : add i3c
2025-08-05 18:18:51,650 [INFO] IPUIPlugin:80 - create IPUIPlugin
2025-08-05 18:18:51,651 [INFO] PluginManager:220 - loadIPPluginJar : add ipddr
2025-08-05 18:18:51,746 [INFO] ThirdPartyUpdaterWithRetryManager:70 - Updater plugin not ready yet. [2/15]
2025-08-05 18:18:51,932 [INFO] IPUIPlugin:80 - create IPUIPlugin
2025-08-05 18:18:51,933 [INFO] PluginManager:220 - loadIPPluginJar : add linkedlist
2025-08-05 18:18:52,050 [INFO] IPUIPlugin:80 - create IPUIPlugin
2025-08-05 18:18:52,051 [INFO] PluginManager:220 - loadIPPluginJar : add lorawan
2025-08-05 18:18:52,141 [INFO] IPUIPlugin:80 - create IPUIPlugin
2025-08-05 18:18:52,143 [INFO] PluginManager:220 - loadIPPluginJar : add ltdc
2025-08-05 18:18:52,197 [INFO] IPUIPlugin:80 - create IPUIPlugin
2025-08-05 18:18:52,207 [INFO] PluginManager:220 - loadIPPluginJar : add mdma
2025-08-05 18:18:52,243 [INFO] IPUIPlugin:80 - create IPUIPlugin
2025-08-05 18:18:52,243 [INFO] PluginManager:220 - loadIPPluginJar : add nvic
2025-08-05 18:18:52,344 [INFO] IPUIPlugin:80 - create IPUIPlugin
2025-08-05 18:18:52,344 [INFO] PluginManager:220 - loadIPPluginJar : add opamp
2025-08-05 18:18:52,524 [INFO] IPUIPlugin:80 - create IPUIPlugin
2025-08-05 18:18:52,527 [INFO] PluginManager:220 - loadIPPluginJar : add openamp
2025-08-05 18:18:52,675 [INFO] IPUIPlugin:80 - create IPUIPlugin
2025-08-05 18:18:52,675 [INFO] PluginManager:220 - loadIPPluginJar : add pdm2pcm
2025-08-05 18:18:52,701 [INFO] IPUIPlugin:80 - create IPUIPlugin
2025-08-05 18:18:52,705 [INFO] PluginManager:220 - loadIPPluginJar : add plateformsettings
2025-08-05 18:18:52,749 [INFO] IPUIPlugin:80 - create IPUIPlugin
2025-08-05 18:18:52,750 [INFO] PluginManager:220 - loadIPPluginJar : add quadspi
2025-08-05 18:18:52,796 [INFO] IPUIPlugin:80 - create IPUIPlugin
2025-08-05 18:18:52,797 [INFO] PluginManager:220 - loadIPPluginJar : add radio
2025-08-05 18:18:52,817 [INFO] IPUIPlugin:80 - create IPUIPlugin
2025-08-05 18:18:52,817 [INFO] PluginManager:220 - loadIPPluginJar : add resmgrutility
2025-08-05 18:18:52,894 [INFO] IPUIPlugin:80 - create IPUIPlugin
2025-08-05 18:18:52,894 [INFO] PluginManager:220 - loadIPPluginJar : add sai
2025-08-05 18:18:52,964 [INFO] IPUIPlugin:80 - create IPUIPlugin
2025-08-05 18:18:52,965 [INFO] PluginManager:220 - loadIPPluginJar : add spi
2025-08-05 18:18:53,108 [INFO] IPUIPlugin:80 - create IPUIPlugin
2025-08-05 18:18:53,109 [INFO] PluginManager:220 - loadIPPluginJar : add stm32_wpan
2025-08-05 18:18:53,170 [INFO] IPUIPlugin:80 - create IPUIPlugin
2025-08-05 18:18:53,170 [INFO] PluginManager:220 - loadIPPluginJar : add tim
2025-08-05 18:18:53,296 [INFO] IPUIPlugin:80 - create IPUIPlugin
2025-08-05 18:18:53,296 [INFO] PluginManager:220 - loadIPPluginJar : add touchsensing
2025-08-05 18:18:53,341 [INFO] IPUIPlugin:80 - create IPUIPlugin
2025-08-05 18:18:53,342 [INFO] PluginManager:220 - loadIPPluginJar : add tracer_emb
2025-08-05 18:18:53,384 [INFO] IPUIPlugin:80 - create IPUIPlugin
2025-08-05 18:18:53,384 [INFO] PluginManager:220 - loadIPPluginJar : add ts
2025-08-05 18:18:53,428 [INFO] IPUIPlugin:80 - create IPUIPlugin
2025-08-05 18:18:53,428 [INFO] PluginManager:220 - loadIPPluginJar : add tsc
2025-08-05 18:18:53,473 [INFO] IPUIPlugin:80 - create IPUIPlugin
2025-08-05 18:18:53,473 [INFO] PluginManager:220 - loadIPPluginJar : add ucpd
2025-08-05 18:18:53,551 [INFO] IPUIPlugin:80 - create IPUIPlugin
2025-08-05 18:18:53,551 [INFO] PluginManager:220 - loadIPPluginJar : add usart
2025-08-05 18:18:53,646 [INFO] IPUIPlugin:80 - create IPUIPlugin
2025-08-05 18:18:53,646 [INFO] PluginManager:220 - loadIPPluginJar : add usbx
2025-08-05 18:18:53,837 [FATAL] Updater:351 - Updater called before beeing initialized
2025-08-05 18:18:53,895 [INFO] RulesReader:64 - Compatibility file has been processed (301 Rules)
2025-08-05 18:18:53,913 [INFO] RulesReader:64 - Compatibility file has been processed (301 Rules)
2025-08-05 18:18:53,934 [INFO] CADModel:165 - CPN selected for project level
2025-08-05 18:18:53,934 [INFO] CADModel:114 - Register for checkConnection events
2025-08-05 18:18:53,934 [FATAL] Updater:351 - Updater called before beeing initialized
2025-08-05 18:18:53,935 [ERROR] CADModel:125 - Updater not yet initialized, retry later 
2025-08-05 18:18:54,298 [FATAL] Updater:351 - Updater called before beeing initialized
2025-08-05 18:18:54,305 [INFO] CADModel:165 - CPN selected for project level
2025-08-05 18:18:54,305 [INFO] CADModel:114 - Register for checkConnection events
2025-08-05 18:18:54,305 [FATAL] Updater:351 - Updater called before beeing initialized
2025-08-05 18:18:54,306 [ERROR] CADModel:125 - Updater not yet initialized, retry later 
2025-08-05 18:18:54,312 [FATAL] Updater:351 - Updater called before beeing initialized
2025-08-05 18:18:54,569 [FATAL] Updater:351 - Updater called before beeing initialized
2025-08-05 18:18:54,586 [INFO] DbMcusAds:53 - JSON generation date=Tue Jul 08 13:44:23 IST 2025 (1751962463582)
2025-08-05 18:18:54,586 [FATAL] Updater:351 - Updater called before beeing initialized
2025-08-05 18:18:54,655 [WARN] DetailPanel:346 - Failed to get advertising image, set to default
2025-08-05 18:18:54,758 [INFO] ThirdPartyUpdaterWithRetryManager:70 - Updater plugin not ready yet. [3/15]
2025-08-05 18:18:55,236 [FATAL] Updater:351 - Updater called before beeing initialized
2025-08-05 18:18:55,238 [FATAL] Updater:351 - Updater called before beeing initialized
2025-08-05 18:18:55,239 [FATAL] Updater:351 - Updater called before beeing initialized
2025-08-05 18:18:55,239 [WARN] DetailPanel:346 - Failed to get advertising image, set to default
2025-08-05 18:18:55,240 [FATAL] Updater:351 - Updater called before beeing initialized
2025-08-05 18:18:55,345 [ERROR] Updater:1198 - MainUpdater not yet initialized. External WinMGr cannot be set.
2025-08-05 18:18:55,360 [INFO] Updater:1134 - Updater Version found : 6.14.0
2025-08-05 18:18:55,388 [INFO] ApplicationProperties:184 - Using Application install path: C:\ST\STM32CubeIDE_1.18.0\STM32CubeIDE\plugins\com.st.stm32cube.common.mx_6.14.0.202502271554
2025-08-05 18:18:56,981 [ERROR] LogOutputStream:75 - [STDERR_REDIRECT] Aug 05, 2025 6:18:56 PM java.util.prefs.WindowsPreferences <init>
2025-08-05 18:18:56,983 [ERROR] LogOutputStream:75 - [STDERR_REDIRECT] WARNING: Could not open/create prefs root node Software\JavaSoft\Prefs at root 0xffffffff80000002. Windows RegCreateKeyEx(...) returned error code 5.
2025-08-05 18:18:56,984 [ERROR] LogOutputStream:75 - [STDERR_REDIRECT] 
2025-08-05 18:18:57,576 [INFO] MainUpdater:2872 - connection check result : 10
2025-08-05 18:18:57,577 [INFO] MainUpdater:289 - Updater Check For Update Now.
2025-08-05 18:18:57,578 [INFO] MicroXplorer:498 - Change Database Version : DB.6.0.140
2025-08-05 18:18:57,625 [INFO] McuFinderGlobals:63 - Set McuFinder mode to 2 (CubeIDE integrated)
2025-08-05 18:18:57,645 [INFO] UserAuth:486 - Internet connection configuration mode: 1
2025-08-05 18:18:57,714 [INFO] JxBrowserEngine:152 - Initiate JxBrowser Engine with user profile folder
2025-08-05 18:18:57,797 [WARN] MainUpdater:1193 - Updater busy. Cannot search thirdparties
2025-08-05 18:18:57,797 [INFO] ThirdPartyUpdaterWithRetryManager:96 - Updater plugin is busy. [1/15]
2025-08-05 18:18:58,211 [INFO] CheckServerUpdateThread:120 - End of CheckServer Thread
2025-08-05 18:19:01,140 [INFO] WebApp:169 - Instantiating new browser for Auth
2025-08-05 18:19:01,728 [WARN] PackLoader:240 - Cannot read IP mode file for STMicroelectronics.FP-SNS-MOTENVWB1.1.4.0
2025-08-05 18:19:01,791 [WARN] PackLoader:240 - Cannot read IP mode file for STMicroelectronics.FP-ATR-ASTRA1.2.0.2
2025-08-05 18:19:01,831 [WARN] PackLoader:240 - Cannot read IP mode file for STMicroelectronics.X-CUBE-SMBUS.2.1.0
2025-08-05 18:19:01,876 [WARN] PackLoader:240 - Cannot read IP mode file for STMicroelectronics.X-CUBE-WB05N.1.1.0
2025-08-05 18:19:01,910 [WARN] PackLoader:240 - Cannot read IP mode file for STMicroelectronics.X-CUBE-ST60.1.0.0
2025-08-05 18:19:02,146 [WARN] PackLoader:240 - Cannot read IP mode file for STMicroelectronics.X-CUBE-AZRTOS-F7.1.1.0
2025-08-05 18:19:02,277 [WARN] PackLoader:240 - Cannot read IP mode file for Infineon.AIROC-Wi-Fi-Bluetooth-STM32.1.7.0
2025-08-05 18:19:02,417 [WARN] PackLoader:240 - Cannot read IP mode file for STMicroelectronics.X-CUBE-AZRTOS-H7.3.4.0
2025-08-05 18:19:02,465 [WARN] PackLoader:240 - Cannot read IP mode file for STMicroelectronics.X-CUBE-DISPLAY.3.0.0
2025-08-05 18:19:02,515 [WARN] PackLoader:240 - Cannot read IP mode file for STMicroelectronics.X-CUBE-NFC10.1.0.0
2025-08-05 18:19:02,596 [WARN] PackLoader:240 - Cannot read IP mode file for STMicroelectronics.X-CUBE-BLEMGR.4.0.0
2025-08-05 18:19:02,644 [WARN] PackLoader:240 - Cannot read IP mode file for emotas.I-CUBE-CANOPEN.1.3.0
2025-08-05 18:19:02,671 [WARN] ConditionMgr:438 - getConditionDescription Invalid condition id : Cortex-A Device cause : null
2025-08-05 18:19:02,720 [WARN] ConditionMgr:1044 - genDependencies : Invalid condition id : Cortex-A Device cause : null
2025-08-05 18:19:02,720 [WARN] ConditionMgr:1044 - genDependencies : Invalid condition id : Cortex-A Device cause : null
2025-08-05 18:19:02,721 [WARN] ConditionMgr:1044 - genDependencies : Invalid condition id : Cortex-A Device cause : null
2025-08-05 18:19:02,747 [WARN] PackLoader:240 - Cannot read IP mode file for STMicroelectronics.X-CUBE-AI.10.0.0
2025-08-05 18:19:02,776 [ERROR] Engine:466 - C:\Users\user\.stm32cubemx\thirdparties\pdsc\STMicroelectronics.FP-SNS-STBOX1.2.1.0.pdsc: PDSC version is not supported
2025-08-05 18:19:02,839 [WARN] PackLoader:240 - Cannot read IP mode file for STMicroelectronics.FP-SNS-SMARTAG2.1.2.0
2025-08-05 18:19:02,865 [WARN] PackLoader:240 - Cannot read IP mode file for STMicroelectronics.FP-SNS-FLIGHT1.5.1.0
2025-08-05 18:19:03,012 [WARN] PackLoader:240 - Cannot read IP mode file for STMicroelectronics.X-CUBE-MEMS1.11.1.0
2025-08-05 18:19:03,493 [INFO] LogOutputStream:77 - [STDOUT_REDIRECT] 1 : Invalid condition id : UX_CORESTACK_Condition cause : null
2025-08-05 18:19:03,511 [INFO] LogOutputStream:77 - [STDOUT_REDIRECT] 1 : Invalid condition id : UX_CORESTACK_Condition cause : null
2025-08-05 18:19:03,513 [INFO] LogOutputStream:77 - [STDOUT_REDIRECT] 1 : Invalid condition id : UX_CORESTACK_Condition cause : null
2025-08-05 18:19:03,515 [INFO] LogOutputStream:77 - [STDOUT_REDIRECT] 1 : Invalid condition id : UX_CORESTACK_Condition cause : null
2025-08-05 18:19:03,517 [INFO] LogOutputStream:77 - [STDOUT_REDIRECT] 1 : Invalid condition id : UX_CORESTACK_Condition cause : null
2025-08-05 18:19:03,523 [WARN] PackLoader:240 - Cannot read IP mode file for STMicroelectronics.X-CUBE-AZRTOS-WL.2.0.0
2025-08-05 18:19:03,574 [WARN] PackLoader:240 - Cannot read IP mode file for STMicroelectronics.FP-SNS-MOTENV1.5.0.0
2025-08-05 18:19:03,623 [WARN] PackLoader:240 - Cannot read IP mode file for WES.I-CUBE-Cesium.1.3.0
2025-08-05 18:19:03,651 [WARN] PackLoader:240 - Cannot read IP mode file for STMicroelectronics.X-CUBE-BLE2.3.3.0
2025-08-05 18:19:03,724 [WARN] PackLoader:240 - Cannot read IP mode file for STMicroelectronics.X-CUBE-NFC9.1.0.0
2025-08-05 18:19:03,767 [WARN] PackLoader:240 - Cannot read IP mode file for STMicroelectronics.X-CUBE-BLE1.7.1.0
2025-08-05 18:19:03,824 [WARN] PackLoader:240 - Cannot read IP mode file for wolfSSL.I-CUBE-wolfMQTT.1.19.2
2025-08-05 18:19:03,858 [WARN] PackLoader:240 - Cannot read IP mode file for STMicroelectronics.X-CUBE-EEPRMA1.5.2.0
2025-08-05 18:19:03,887 [WARN] PackLoader:240 - Cannot read IP mode file for STMicroelectronics.X-CUBE-AI.10.1.0
2025-08-05 18:19:03,947 [WARN] PackLoader:240 - Cannot read IP mode file for STMicroelectronics.X-CUBE-AZRTOS-G0.1.1.0
2025-08-05 18:19:03,982 [WARN] PackLoader:240 - Cannot read IP mode file for STMicroelectronics.X-CUBE-SAFEA1.1.2.2
2025-08-05 18:19:04,038 [WARN] PackLoader:240 - Cannot read IP mode file for STMicroelectronics.X-CUBE-NFC4.3.0.0
2025-08-05 18:19:04,077 [WARN] PackLoader:240 - Cannot read IP mode file for EmbeddedOffice.I-CUBE-FS-RTOS.1.0.1
2025-08-05 18:19:04,110 [WARN] PackLoader:240 - Cannot read IP mode file for STMicroelectronics.X-CUBE-WB05N.2.0.0
2025-08-05 18:19:04,137 [WARN] PackLoader:240 - Cannot read IP mode file for wolfSSL.I-CUBE-wolfTPM.3.8.0
2025-08-05 18:19:04,169 [WARN] PackLoader:240 - Cannot read IP mode file for STMicroelectronics.X-CUBE-TCPP.4.2.0
2025-08-05 18:19:04,205 [WARN] PackLoader:240 - Cannot read IP mode file for RealThread.X-CUBE-RT-Thread_Nano.4.1.1
2025-08-05 18:19:04,236 [WARN] PackLoader:240 - Cannot read IP mode file for STMicroelectronics.FP-ATR-SIGFOX1.3.2.0
2025-08-05 18:19:04,270 [WARN] PackLoader:240 - Cannot read IP mode file for STMicroelectronics.X-CUBE-EEPRMA1.5.1.0
2025-08-05 18:19:04,298 [WARN] PackLoader:240 - Cannot read IP mode file for wolfSSL.I-CUBE-wolfSSL.5.7.6
2025-08-05 18:19:04,346 [WARN] PackLoader:240 - Cannot read IP mode file for ITTIA_DB.I-CUBE-ITTIADB.8.9.0
2025-08-05 18:19:04,382 [WARN] PackLoader:240 - Cannot read IP mode file for STMicroelectronics.X-CUBE-ST67W61.1.0.0
2025-08-05 18:19:04,415 [WARN] PackLoader:240 - Cannot read IP mode file for STMicroelectronics.X-CUBE-AI.10.2.0
2025-08-05 18:19:04,490 [WARN] PackLoader:240 - Cannot read IP mode file for SEGGER.I-CUBE-embOS.1.3.1
2025-08-05 18:19:04,628 [WARN] PackLoader:240 - Cannot read IP mode file for STMicroelectronics.X-CUBE-ALGOBUILD.1.4.0
2025-08-05 18:19:04,764 [WARN] PackLoader:240 - Cannot read IP mode file for STMicroelectronics.X-CUBE-MEMS1.11.3.0
2025-08-05 18:19:05,023 [WARN] PackLoader:240 - Cannot read IP mode file for STMicroelectronics.X-CUBE-PM33A1.1.0.0
2025-08-05 18:19:05,119 [WARN] PackLoader:240 - Cannot read IP mode file for STMicroelectronics.X-CUBE-AZRTOS-F4.1.1.0
2025-08-05 18:19:05,147 [WARN] PackLoader:240 - Cannot read IP mode file for Avnet-IotConnect.X-CUBE-IoTC-DA16k-PMOD.1.0.0
2025-08-05 18:19:05,171 [WARN] PackLoader:240 - Cannot read IP mode file for STMicroelectronics.X-CUBE-ISPU.2.1.0
2025-08-05 18:19:05,203 [WARN] PackLoader:240 - Cannot read IP mode file for STMicroelectronics.X-CUBE-NFC12.1.0.0
2025-08-05 18:19:05,261 [WARN] PackLoader:240 - Cannot read IP mode file for STMicroelectronics.X-CUBE-AZRTOS-L5.2.0.0
2025-08-05 18:19:05,298 [WARN] PackLoader:240 - Cannot read IP mode file for STMicroelectronics.X-CUBE-NFC6.3.1.0
2025-08-05 18:19:05,330 [WARN] PackLoader:240 - Cannot read IP mode file for STMicroelectronics.X-CUBE-DPower.1.2.0
2025-08-05 18:19:05,358 [WARN] PackLoader:240 - Cannot read IP mode file for STMicroelectronics.X-CUBE-FREERTOS.1.3.1
2025-08-05 18:19:05,420 [WARN] PackLoader:240 - Cannot read IP mode file for STMicroelectronics.X-CUBE-FREERTOS.1.3.0
2025-08-05 18:19:05,450 [WARN] PackLoader:240 - Cannot read IP mode file for STMicroelectronics.X-CUBE-NFC7.1.0.1
2025-08-05 18:19:05,481 [WARN] PackLoader:240 - Cannot read IP mode file for STMicroelectronics.FP-SNS-STAIOTCFT.1.0.0
2025-08-05 18:19:05,506 [WARN] PackLoader:240 - Cannot read IP mode file for STMicroelectronics.X-CUBE-DPower.1.3.0
2025-08-05 18:19:05,565 [WARN] ConditionMgr:438 - getConditionDescription Invalid condition id : LAN8742 Phy interface Condition cause : null
2025-08-05 18:19:05,566 [WARN] PackLoader:240 - Cannot read IP mode file for STMicroelectronics.X-CUBE-AZRTOS-L4.2.0.0
2025-08-05 18:19:05,568 [WARN] ConditionMgr:1044 - genDependencies : Invalid condition id : LAN8742 Phy interface Condition cause : null
2025-08-05 18:19:05,568 [WARN] ConditionMgr:1044 - genDependencies : Invalid condition id : LAN8742 Phy interface Condition cause : null
2025-08-05 18:19:05,569 [WARN] ConditionMgr:1044 - genDependencies : Invalid condition id : LAN8742 Phy interface Condition cause : null
2025-08-05 18:19:05,602 [WARN] PackLoader:240 - Cannot read IP mode file for STMicroelectronics.X-CUBE-SFXS2LP1.4.0.0
2025-08-05 18:19:05,660 [WARN] PackLoader:240 - Cannot read IP mode file for STMicroelectronics.X-CUBE-AZRTOS-H7.3.3.0
2025-08-05 18:19:05,717 [WARN] PackLoader:240 - Cannot read IP mode file for STMicroelectronics.X-CUBE-BLEMGR.4.1.0
2025-08-05 18:19:05,767 [WARN] ConditionMgr:438 - getConditionDescription Invalid condition id : UX DEVICE CLASS RTOS Condition cause : null
2025-08-05 18:19:05,767 [WARN] ConditionMgr:438 - getConditionDescription Invalid condition id : UX DEVICE CLASS RTOS Condition cause : null
2025-08-05 18:19:05,770 [WARN] PackLoader:240 - Cannot read IP mode file for STMicroelectronics.X-CUBE-AZRTOS-WB.2.0.0
2025-08-05 18:19:05,771 [WARN] ConditionMgr:1044 - genDependencies : Invalid condition id : UX DEVICE CLASS RTOS Condition cause : null
2025-08-05 18:19:05,771 [WARN] ConditionMgr:1044 - genDependencies : Invalid condition id : UX DEVICE CLASS RTOS Condition cause : null
2025-08-05 18:19:05,772 [WARN] ConditionMgr:1044 - genDependencies : Invalid condition id : UX DEVICE CLASS RTOS Condition cause : null
2025-08-05 18:19:05,772 [WARN] ConditionMgr:1044 - genDependencies : Invalid condition id : UX DEVICE CLASS RTOS Condition cause : null
2025-08-05 18:19:05,773 [WARN] ConditionMgr:1044 - genDependencies : Invalid condition id : UX DEVICE CLASS RTOS Condition cause : null
2025-08-05 18:19:05,801 [WARN] PackLoader:240 - Cannot read IP mode file for STMicroelectronics.X-CUBE-GNSS1.7.0.1
2025-08-05 18:19:05,876 [WARN] PackLoader:240 - Cannot read IP mode file for STMicroelectronics.X-CUBE-TOUCHGFX.4.25.0
2025-08-05 18:19:05,910 [WARN] PackLoader:240 - Cannot read IP mode file for STMicroelectronics.FP-SNS-STBOX1.2.0.0
2025-08-05 18:19:05,957 [WARN] PackLoader:240 - Cannot read IP mode file for STMicroelectronics.X-CUBE-SUBG2.5.0.0
2025-08-05 18:19:06,056 [WARN] PackLoader:240 - Cannot read IP mode file for STMicroelectronics.X-CUBE-AZRTOS-H7RS.1.1.0
2025-08-05 18:19:06,086 [WARN] PackLoader:240 - Cannot read IP mode file for Cesanta.I-CUBE-Mongoose.7.13.0
2025-08-05 18:19:06,137 [WARN] PackLoader:240 - Cannot read IP mode file for STMicroelectronics.X-CUBE-AZRTOS-G4.2.0.0
2025-08-05 18:19:06,173 [WARN] PackLoader:240 - Cannot read IP mode file for wolfSSL.I-CUBE-wolfSSH.1.4.20
2025-08-05 18:19:06,222 [WARN] PackLoader:240 - Cannot read IP mode file for STMicroelectronics.X-CUBE-NFC7.2.0.0
2025-08-05 18:19:06,287 [WARN] PackLoader:240 - Cannot read IP mode file for STMicroelectronics.X-CUBE-IPS.3.1.0
2025-08-05 18:19:06,337 [WARN] PackLoader:240 - Cannot read IP mode file for STMicroelectronics.X-CUBE-ALS.1.0.2
2025-08-05 18:19:06,372 [WARN] PackLoader:240 - Cannot read IP mode file for portGmbH.I-Cube-SoM-uGOAL.1.1.0
2025-08-05 18:19:06,420 [WARN] PackLoader:240 - Cannot read IP mode file for STMicroelectronics.X-CUBE-TOF1.3.4.2
2025-08-05 18:19:06,476 [WARN] PackLoader:240 - Cannot read IP mode file for STMicroelectronics.X-CUBE-TOF1.3.4.3
2025-08-05 18:19:06,491 [INFO] ThirdParty:978 - Integrity check success = true
2025-08-05 18:19:06,492 [INFO] IntegrityCheckThread:100 - exiting critical section [integrity check]
2025-08-05 18:19:06,492 [INFO] IntegrityCheckThread:103 - End integrity checks thread
2025-08-05 18:19:07,318 [INFO] WebApp:463 - Apply proxy settings
2025-08-05 18:19:07,319 [INFO] WebApp:548 - Chromium requires no authentication
2025-08-05 18:19:07,339 [INFO] WebApp:491 - Direct internet connection detected
2025-08-05 18:19:07,391 [INFO] WebApp:894 - Register for checkConnection events
2025-08-05 18:19:07,391 [INFO] WebApp:463 - Apply proxy settings
2025-08-05 18:19:07,391 [INFO] WebApp:548 - Chromium requires no authentication
2025-08-05 18:19:07,392 [INFO] WebApp:491 - Direct internet connection detected
2025-08-05 18:19:08,033 [INFO] WebApp:225 - Starting web application
2025-08-05 18:19:08,034 [INFO] WebApp:593 - Web application path used C:\ST\STM32CubeIDE_1.18.0\STM32CubeIDE\plugins\com.st.stm32cube.common.mx_6.14.0.202502271554\db\plugins\mcufinder\reactClient1\index.html
2025-08-05 18:19:08,266 [INFO] WebApp:191 - Connection restablished
2025-08-05 18:19:08,558 [INFO] UserAuth:486 - Internet connection configuration mode: 1
2025-08-05 21:49:09,793 [INFO] Activator:176 - 


2025-08-05 21:49:09,813 [INFO] Activator:177 - !SESSION log4j initialized
2025-08-05 21:49:36,253 [INFO] LogOutputStream:77 - [STDOUT_REDIRECT] 
2025-08-05 21:49:48,086 [INFO] ApplicationProperties:184 - Using Application install path: C:\ST\STM32CubeIDE_1.18.0\STM32CubeIDE\plugins\com.st.stm32cube.common.mx_6.14.0.202502271554
2025-08-05 21:49:48,131 [INFO] DbMcusXml:78 - Set database path to: C:\ST\STM32CubeIDE_1.18.0\STM32CubeIDE\plugins\com.st.stm32cube.common.mx_6.14.0.202502271554\\db\/mcu/
2025-08-05 21:49:48,132 [INFO] ApiDb:274 - Set plugin database path to: C:\ST\STM32CubeIDE_1.18.0\STM32CubeIDE\plugins\com.st.stm32cube.common.mx_6.14.0.202502271554\\db\/plugins/boardmanager/
2025-08-05 21:49:48,133 [WARN] ApiDb:259 - Overriding images path with different value:  => C:\ST\STM32CubeIDE_1.18.0\STM32CubeIDE\plugins\com.st.stm32cube.common.mx_6.14.0.202502271554\\db\/plugins/mcufinder/images/
2025-08-05 21:49:48,172 [INFO] ApiDb:250 - Set database path to: C:\Users\user\.stmcufinder\plugins\mcufinder//mcu/
2025-08-05 21:49:48,184 [INFO] DbMcusAds:125 - Set database path to: C:\Users\user\.stmcufinder\plugins\mcufinder//mcu/
2025-08-05 21:49:48,302 [INFO] CrossReferenceDbSqlite:203 - Set database path to: C:\Users\user\.stmcufinder\plugins\mcufinder//mcu/cs/
2025-08-05 21:49:48,738 [INFO] RulesReader:64 - Compatibility file has been processed (301 Rules)
2025-08-05 21:49:49,051 [INFO] DbMcusXml:78 - Set database path to: C:\ST\STM32CubeIDE_1.18.0\STM32CubeIDE\plugins\com.st.stm32cube.common.mx_6.14.0.202502271554\\db\/mcu/
2025-08-05 21:49:49,051 [INFO] ApiDb:274 - Set plugin database path to: C:\ST\STM32CubeIDE_1.18.0\STM32CubeIDE\plugins\com.st.stm32cube.common.mx_6.14.0.202502271554\\db\/plugins/boardmanager/
2025-08-05 21:49:49,052 [INFO] ApiDb:261 - Set plugin images path to: C:\ST\STM32CubeIDE_1.18.0\STM32CubeIDE\plugins\com.st.stm32cube.common.mx_6.14.0.202502271554\\db\/plugins/mcufinder/images/
2025-08-05 21:49:49,052 [WARN] DbFile:41 - Overriding database path with different value: C:\Users\user\.stmcufinder\plugins\mcufinder/ => C:\Users\user\.stmcufinder\plugins\mcufinder
2025-08-05 21:49:49,052 [INFO] ApiDb:250 - Set database path to: C:\Users\user\.stmcufinder\plugins\mcufinder//mcu/
2025-08-05 21:49:49,053 [WARN] DbFile:41 - Overriding database path with different value: C:\Users\user\.stmcufinder\plugins\mcufinder/ => C:\Users\user\.stmcufinder\plugins\mcufinder
2025-08-05 21:49:49,054 [INFO] DbMcusAds:125 - Set database path to: C:\Users\user\.stmcufinder\plugins\mcufinder//mcu/
2025-08-05 21:49:49,054 [WARN] DbFile:41 - Overriding database path with different value: C:\Users\user\.stmcufinder\plugins\mcufinder/ => C:\Users\user\.stmcufinder\plugins\mcufinder
2025-08-05 21:49:49,054 [WARN] DbFile:41 - Overriding database path with different value: C:\Users\user\.stmcufinder\plugins\mcufinder/ => C:\Users\user\.stmcufinder\plugins\mcufinder
2025-08-05 21:49:49,054 [INFO] CrossReferenceDbSqlite:203 - Set database path to: C:\Users\user\.stmcufinder\plugins\mcufinder//mcu/cs/
2025-08-05 21:49:49,372 [INFO] MainPanel:272 - HeapMemory: 268435456
2025-08-05 21:49:49,737 [INFO] DbMcusXml:78 - Set database path to: C:\ST\STM32CubeIDE_1.18.0\STM32CubeIDE\plugins\com.st.stm32cube.common.mx_6.14.0.202502271554\\db\/mcu/
2025-08-05 21:49:49,738 [INFO] ApiDb:274 - Set plugin database path to: C:\ST\STM32CubeIDE_1.18.0\STM32CubeIDE\plugins\com.st.stm32cube.common.mx_6.14.0.202502271554\\db\/plugins/boardmanager/
2025-08-05 21:49:49,738 [INFO] ApiDb:261 - Set plugin images path to: C:\ST\STM32CubeIDE_1.18.0\STM32CubeIDE\plugins\com.st.stm32cube.common.mx_6.14.0.202502271554\\db\/plugins/mcufinder/images/
2025-08-05 21:49:49,739 [WARN] DbFile:41 - Overriding database path with different value: C:\Users\user\.stmcufinder\plugins\mcufinder/ => C:\Users\user\.stmcufinder\plugins\mcufinder
2025-08-05 21:49:49,739 [INFO] ApiDb:250 - Set database path to: C:\Users\user\.stmcufinder\plugins\mcufinder//mcu/
2025-08-05 21:49:49,739 [WARN] DbFile:41 - Overriding database path with different value: C:\Users\user\.stmcufinder\plugins\mcufinder/ => C:\Users\user\.stmcufinder\plugins\mcufinder
2025-08-05 21:49:49,739 [INFO] DbMcusAds:125 - Set database path to: C:\Users\user\.stmcufinder\plugins\mcufinder//mcu/
2025-08-05 21:49:49,740 [WARN] DbFile:41 - Overriding database path with different value: C:\Users\user\.stmcufinder\plugins\mcufinder/ => C:\Users\user\.stmcufinder\plugins\mcufinder
2025-08-05 21:49:49,743 [WARN] DbFile:41 - Overriding database path with different value: C:\Users\user\.stmcufinder\plugins\mcufinder/ => C:\Users\user\.stmcufinder\plugins\mcufinder
2025-08-05 21:49:49,743 [INFO] CrossReferenceDbSqlite:203 - Set database path to: C:\Users\user\.stmcufinder\plugins\mcufinder//mcu/cs/
2025-08-05 21:49:49,800 [INFO] ApplicationProperties:184 - Using Application install path: C:\ST\STM32CubeIDE_1.18.0\STM32CubeIDE\plugins\com.st.stm32cube.common.mx_6.14.0.202502271554
2025-08-05 21:49:49,803 [INFO] PluginManage:196 - Search for loadable plugins [exclusion list=, ]
2025-08-05 21:49:49,806 [INFO] PluginManage:310 - Check plugin analytics
2025-08-05 21:49:50,421 [INFO] AnalyticsPlugin:253 - Accepted Software Licenses: STM32CubeMX.6.15.0
2025-08-05 21:49:50,422 [INFO] AnalyticsPlugin:255 - Accepted CMSIS Pack Licenses: 
2025-08-05 21:49:50,422 [INFO] AnalyticsPlugin:257 - Accepted Firmware Licenses: FW.F4.1.28.0
2025-08-05 21:49:50,437 [INFO] PluginManage:359 - Loaded plugin analytics (category:tool,tabindex:-1)
2025-08-05 21:49:50,437 [INFO] PluginManage:310 - Check plugin cadmodel
2025-08-05 21:49:50,484 [INFO] CADModel:105 - Init CAD model plugin
2025-08-05 21:49:50,484 [INFO] PluginManage:359 - Loaded plugin cadmodel (category:power,tabindex:5)
2025-08-05 21:49:50,486 [INFO] PluginManage:310 - Check plugin clock
2025-08-05 21:49:50,555 [INFO] PluginManage:359 - Loaded plugin clock (category:base,tabindex:2)
2025-08-05 21:49:50,555 [INFO] PluginManage:310 - Check plugin ddr
2025-08-05 21:49:50,567 [INFO] PluginManage:359 - Loaded plugin ddr (category:tool,tabindex:6)
2025-08-05 21:49:50,569 [INFO] PluginManage:310 - Check plugin filemanager
2025-08-05 21:49:51,119 [INFO] PluginManage:359 - Loaded plugin filemanager (category:base,tabindex:10)
2025-08-05 21:49:51,119 [INFO] PluginManage:310 - Check plugin ipmanager
2025-08-05 21:49:51,151 [INFO] PluginManage:359 - Loaded plugin ipmanager (category:base,tabindex:5)
2025-08-05 21:49:51,151 [INFO] PluginManage:310 - Check plugin lpbam
2025-08-05 21:49:51,211 [INFO] PluginManage:359 - Loaded plugin lpbam (category:base,tabindex:0)
2025-08-05 21:49:51,211 [INFO] PluginManage:310 - Check plugin memorymap
2025-08-05 21:49:51,263 [INFO] PluginManage:359 - Loaded plugin memorymap (category:base,tabindex:4)
2025-08-05 21:49:51,264 [INFO] PluginManage:310 - Check plugin pinoutandconfiguration
2025-08-05 21:49:51,300 [INFO] PluginManage:359 - Loaded plugin pinoutandconfiguration (category:base,tabindex:1)
2025-08-05 21:49:51,300 [INFO] PluginManage:310 - Check plugin pinoutconfig
2025-08-05 21:49:51,528 [WARN] SupportedApi:132 - Cannot load RTOS API schema: s4s-elt-must-match.1: The content of 'definitions' must match (annotation?, (simpleType | complexType)?, (unique | key | keyref)*)). A problem was found starting at: attribute.
2025-08-05 21:49:51,921 [INFO] PluginManage:359 - Loaded plugin pinoutconfig (category:base,tabindex:0)
2025-08-05 21:49:51,922 [INFO] PluginManage:310 - Check plugin power
2025-08-05 21:49:51,975 [INFO] PluginManage:359 - Loaded plugin power (category:power,tabindex:4)
2025-08-05 21:49:51,975 [INFO] PluginManage:310 - Check plugin projectmanager
2025-08-05 21:49:52,017 [INFO] PluginManage:359 - Loaded plugin projectmanager (category:projectmanager,tabindex:4)
2025-08-05 21:49:52,018 [INFO] PluginManage:310 - Check plugin rif
2025-08-05 21:49:52,065 [INFO] PluginManage:359 - Loaded plugin rif (category:base,tabindex:3)
2025-08-05 21:49:52,065 [INFO] PluginManage:310 - Check plugin thirdparty
2025-08-05 21:49:52,748 [WARN] IntegrityCheckThread:84 - waiting for thirdparty lock release [integrity check]
2025-08-05 21:49:52,750 [INFO] IntegrityCheckThread:86 - entering critical section [integrity check]
2025-08-05 21:49:52,750 [INFO] ThirdPartyUpdaterWithRetryManager:70 - Updater plugin not ready yet. [1/15]
2025-08-05 21:49:52,746 [INFO] PluginManage:359 - Loaded plugin thirdparty (category:base,tabindex:-1)
2025-08-05 21:49:52,750 [INFO] PluginManage:310 - Check plugin tools
2025-08-05 21:49:52,756 [INFO] PluginManage:359 - Loaded plugin tools (category:base,tabindex:7)
2025-08-05 21:49:52,757 [INFO] PluginManage:310 - Check plugin tutovideos
2025-08-05 21:49:53,397 [INFO] PluginManage:359 - Loaded plugin tutovideos (category:base,tabindex:-1)
2025-08-05 21:49:53,398 [INFO] PluginManage:310 - Check plugin updater
2025-08-05 21:49:53,460 [INFO] PluginManage:359 - Loaded plugin updater (category:base,tabindex:12)
2025-08-05 21:49:53,460 [INFO] PluginManage:310 - Check plugin userauth
2025-08-05 21:49:53,470 [INFO] UserAuth:118 - Init User Auth plugin
2025-08-05 21:49:53,471 [INFO] PluginManage:359 - Loaded plugin userauth (category:base,tabindex:14)
2025-08-05 21:49:53,473 [INFO] PluginManage:283 - PluginManage : Loaded plugins [18]
2025-08-05 21:49:54,235 [INFO] PinOutPanel:1589 - setPackage(No Configuration,No Configuration)
2025-08-05 21:49:54,430 [INFO] CADModel:165 - CPN selected for project level
2025-08-05 21:49:54,430 [INFO] CADModel:114 - Register for checkConnection events
2025-08-05 21:49:54,484 [INFO] IPUIPlugin:80 - create IPUIPlugin
2025-08-05 21:49:54,484 [INFO] PluginManager:220 - loadIPPluginJar : add adc
2025-08-05 21:49:54,584 [INFO] IPUIPlugin:80 - create IPUIPlugin
2025-08-05 21:49:54,585 [INFO] PluginManager:220 - loadIPPluginJar : add aes
2025-08-05 21:49:54,700 [INFO] IPUIPlugin:80 - create IPUIPlugin
2025-08-05 21:49:54,701 [INFO] PluginManager:220 - loadIPPluginJar : add can
2025-08-05 21:49:54,711 [INFO] IPUIPlugin:80 - create IPUIPlugin
2025-08-05 21:49:54,711 [INFO] PluginManager:220 - loadIPPluginJar : add comp
2025-08-05 21:49:54,805 [INFO] IPUIPlugin:80 - create IPUIPlugin
2025-08-05 21:49:54,806 [INFO] PluginManager:220 - loadIPPluginJar : add cryp
2025-08-05 21:49:54,835 [INFO] IPUIPlugin:80 - create IPUIPlugin
2025-08-05 21:49:54,835 [INFO] PluginManager:220 - loadIPPluginJar : add ddr_ctrl_phy
2025-08-05 21:49:54,843 [INFO] IPUIPlugin:80 - create IPUIPlugin
2025-08-05 21:49:54,843 [INFO] PluginManager:220 - loadIPPluginJar : add dfsdm
2025-08-05 21:49:54,874 [INFO] IPUIPlugin:80 - create IPUIPlugin
2025-08-05 21:49:54,875 [INFO] PluginManager:220 - loadIPPluginJar : add dma
2025-08-05 21:49:54,980 [INFO] IPUIPlugin:80 - create IPUIPlugin
2025-08-05 21:49:54,980 [INFO] PluginManager:220 - loadIPPluginJar : add dma3
2025-08-05 21:49:55,117 [INFO] IPUIPlugin:80 - create IPUIPlugin
2025-08-05 21:49:55,117 [INFO] PluginManager:220 - loadIPPluginJar : add extmemmanager
2025-08-05 21:49:55,177 [INFO] IPUIPlugin:80 - create IPUIPlugin
2025-08-05 21:49:55,177 [INFO] PluginManager:220 - loadIPPluginJar : add fatfs
2025-08-05 21:49:55,345 [INFO] IPUIPlugin:80 - create IPUIPlugin
2025-08-05 21:49:55,345 [INFO] PluginManager:220 - loadIPPluginJar : add fmc
2025-08-05 21:49:55,379 [INFO] IPUIPlugin:80 - create IPUIPlugin
2025-08-05 21:49:55,380 [INFO] PluginManager:220 - loadIPPluginJar : add freertos
2025-08-05 21:49:55,430 [INFO] IPUIPlugin:80 - create IPUIPlugin
2025-08-05 21:49:55,431 [INFO] PluginManager:220 - loadIPPluginJar : add genericplugin
2025-08-05 21:49:55,695 [INFO] IPUIPlugin:80 - create IPUIPlugin
2025-08-05 21:49:55,695 [INFO] PluginManager:220 - loadIPPluginJar : add gfxmmu
2025-08-05 21:49:55,753 [INFO] ThirdPartyUpdaterWithRetryManager:70 - Updater plugin not ready yet. [2/15]
2025-08-05 21:49:56,118 [INFO] IPUIPlugin:80 - create IPUIPlugin
2025-08-05 21:49:56,119 [INFO] PluginManager:220 - loadIPPluginJar : add gic
2025-08-05 21:49:56,160 [INFO] IPUIPlugin:80 - create IPUIPlugin
2025-08-05 21:49:56,161 [INFO] PluginManager:220 - loadIPPluginJar : add gpio
2025-08-05 21:49:56,504 [INFO] IPUIPlugin:80 - create IPUIPlugin
2025-08-05 21:49:56,505 [INFO] PluginManager:220 - loadIPPluginJar : add gtzc
2025-08-05 21:49:56,516 [INFO] IPUIPlugin:80 - create IPUIPlugin
2025-08-05 21:49:56,517 [INFO] PluginManager:220 - loadIPPluginJar : add hash
2025-08-05 21:49:56,735 [INFO] IPUIPlugin:80 - create IPUIPlugin
2025-08-05 21:49:56,735 [INFO] PluginManager:220 - loadIPPluginJar : add i2c
2025-08-05 21:49:56,875 [INFO] IPUIPlugin:80 - create IPUIPlugin
2025-08-05 21:49:56,876 [INFO] PluginManager:220 - loadIPPluginJar : add i2s
2025-08-05 21:49:57,001 [INFO] IPUIPlugin:80 - create IPUIPlugin
2025-08-05 21:49:57,001 [INFO] PluginManager:220 - loadIPPluginJar : add i3c
2025-08-05 21:49:57,295 [INFO] IPUIPlugin:80 - create IPUIPlugin
2025-08-05 21:49:57,295 [INFO] PluginManager:220 - loadIPPluginJar : add ipddr
2025-08-05 21:49:57,548 [INFO] IPUIPlugin:80 - create IPUIPlugin
2025-08-05 21:49:57,549 [INFO] PluginManager:220 - loadIPPluginJar : add linkedlist
2025-08-05 21:49:57,557 [INFO] IPUIPlugin:80 - create IPUIPlugin
2025-08-05 21:49:57,557 [INFO] PluginManager:220 - loadIPPluginJar : add lorawan
2025-08-05 21:49:57,661 [INFO] IPUIPlugin:80 - create IPUIPlugin
2025-08-05 21:49:57,661 [INFO] PluginManager:220 - loadIPPluginJar : add ltdc
2025-08-05 21:49:57,709 [INFO] IPUIPlugin:80 - create IPUIPlugin
2025-08-05 21:49:57,709 [INFO] PluginManager:220 - loadIPPluginJar : add mdma
2025-08-05 21:49:57,743 [INFO] IPUIPlugin:80 - create IPUIPlugin
2025-08-05 21:49:57,743 [INFO] PluginManager:220 - loadIPPluginJar : add nvic
2025-08-05 21:49:57,859 [INFO] IPUIPlugin:80 - create IPUIPlugin
2025-08-05 21:49:57,859 [INFO] PluginManager:220 - loadIPPluginJar : add opamp
2025-08-05 21:49:58,034 [INFO] IPUIPlugin:80 - create IPUIPlugin
2025-08-05 21:49:58,034 [INFO] PluginManager:220 - loadIPPluginJar : add openamp
2025-08-05 21:49:58,260 [INFO] IPUIPlugin:80 - create IPUIPlugin
2025-08-05 21:49:58,260 [INFO] PluginManager:220 - loadIPPluginJar : add pdm2pcm
2025-08-05 21:49:58,348 [INFO] IPUIPlugin:80 - create IPUIPlugin
2025-08-05 21:49:58,355 [INFO] PluginManager:220 - loadIPPluginJar : add plateformsettings
2025-08-05 21:49:58,415 [INFO] IPUIPlugin:80 - create IPUIPlugin
2025-08-05 21:49:58,415 [INFO] PluginManager:220 - loadIPPluginJar : add quadspi
2025-08-05 21:49:58,517 [INFO] IPUIPlugin:80 - create IPUIPlugin
2025-08-05 21:49:58,519 [INFO] PluginManager:220 - loadIPPluginJar : add radio
2025-08-05 21:49:58,549 [INFO] IPUIPlugin:80 - create IPUIPlugin
2025-08-05 21:49:58,549 [INFO] PluginManager:220 - loadIPPluginJar : add resmgrutility
2025-08-05 21:49:58,669 [INFO] IPUIPlugin:80 - create IPUIPlugin
2025-08-05 21:49:58,669 [INFO] PluginManager:220 - loadIPPluginJar : add sai
2025-08-05 21:49:58,754 [INFO] ThirdPartyUpdaterWithRetryManager:70 - Updater plugin not ready yet. [3/15]
2025-08-05 21:49:58,770 [INFO] IPUIPlugin:80 - create IPUIPlugin
2025-08-05 21:49:58,770 [INFO] PluginManager:220 - loadIPPluginJar : add spi
2025-08-05 21:49:58,951 [INFO] IPUIPlugin:80 - create IPUIPlugin
2025-08-05 21:49:58,951 [INFO] PluginManager:220 - loadIPPluginJar : add stm32_wpan
2025-08-05 21:49:59,017 [INFO] IPUIPlugin:80 - create IPUIPlugin
2025-08-05 21:49:59,017 [INFO] PluginManager:220 - loadIPPluginJar : add tim
2025-08-05 21:49:59,181 [INFO] IPUIPlugin:80 - create IPUIPlugin
2025-08-05 21:49:59,182 [INFO] PluginManager:220 - loadIPPluginJar : add touchsensing
2025-08-05 21:49:59,193 [INFO] IPUIPlugin:80 - create IPUIPlugin
2025-08-05 21:49:59,194 [INFO] PluginManager:220 - loadIPPluginJar : add tracer_emb
2025-08-05 21:49:59,198 [INFO] IPUIPlugin:80 - create IPUIPlugin
2025-08-05 21:49:59,198 [INFO] PluginManager:220 - loadIPPluginJar : add ts
2025-08-05 21:49:59,203 [INFO] IPUIPlugin:80 - create IPUIPlugin
2025-08-05 21:49:59,203 [INFO] PluginManager:220 - loadIPPluginJar : add tsc
2025-08-05 21:49:59,260 [INFO] IPUIPlugin:80 - create IPUIPlugin
2025-08-05 21:49:59,261 [INFO] PluginManager:220 - loadIPPluginJar : add ucpd
2025-08-05 21:49:59,374 [INFO] IPUIPlugin:80 - create IPUIPlugin
2025-08-05 21:49:59,374 [INFO] PluginManager:220 - loadIPPluginJar : add usart
2025-08-05 21:49:59,497 [INFO] IPUIPlugin:80 - create IPUIPlugin
2025-08-05 21:49:59,497 [INFO] PluginManager:220 - loadIPPluginJar : add usbx
2025-08-05 21:49:59,706 [FATAL] Updater:351 - Updater called before beeing initialized
2025-08-05 21:49:59,780 [INFO] RulesReader:64 - Compatibility file has been processed (301 Rules)
2025-08-05 21:49:59,813 [INFO] RulesReader:64 - Compatibility file has been processed (301 Rules)
2025-08-05 21:49:59,840 [INFO] CADModel:165 - CPN selected for project level
2025-08-05 21:49:59,840 [INFO] CADModel:114 - Register for checkConnection events
2025-08-05 21:49:59,841 [FATAL] Updater:351 - Updater called before beeing initialized
2025-08-05 21:49:59,842 [ERROR] CADModel:125 - Updater not yet initialized, retry later 
2025-08-05 21:50:00,360 [FATAL] Updater:351 - Updater called before beeing initialized
2025-08-05 21:50:00,365 [INFO] CADModel:165 - CPN selected for project level
2025-08-05 21:50:00,365 [INFO] CADModel:114 - Register for checkConnection events
2025-08-05 21:50:00,366 [FATAL] Updater:351 - Updater called before beeing initialized
2025-08-05 21:50:00,366 [ERROR] CADModel:125 - Updater not yet initialized, retry later 
2025-08-05 21:50:00,371 [FATAL] Updater:351 - Updater called before beeing initialized
2025-08-05 21:50:00,733 [FATAL] Updater:351 - Updater called before beeing initialized
2025-08-05 21:50:00,746 [INFO] DbMcusAds:53 - JSON generation date=Tue Jul 08 13:44:23 IST 2025 (1751962463582)
2025-08-05 21:50:00,746 [FATAL] Updater:351 - Updater called before beeing initialized
2025-08-05 21:50:00,914 [WARN] DetailPanel:346 - Failed to get advertising image, set to default
2025-08-05 21:50:01,681 [FATAL] Updater:351 - Updater called before beeing initialized
2025-08-05 21:50:01,687 [FATAL] Updater:351 - Updater called before beeing initialized
2025-08-05 21:50:01,687 [FATAL] Updater:351 - Updater called before beeing initialized
2025-08-05 21:50:01,687 [WARN] DetailPanel:346 - Failed to get advertising image, set to default
2025-08-05 21:50:01,689 [FATAL] Updater:351 - Updater called before beeing initialized
2025-08-05 21:50:01,756 [INFO] ThirdPartyUpdaterWithRetryManager:70 - Updater plugin not ready yet. [4/15]
2025-08-05 21:50:01,834 [ERROR] Updater:1198 - MainUpdater not yet initialized. External WinMGr cannot be set.
2025-08-05 21:50:01,855 [INFO] Updater:1134 - Updater Version found : 6.14.0
2025-08-05 21:50:01,893 [INFO] ApplicationProperties:184 - Using Application install path: C:\ST\STM32CubeIDE_1.18.0\STM32CubeIDE\plugins\com.st.stm32cube.common.mx_6.14.0.202502271554
2025-08-05 21:50:03,501 [ERROR] LogOutputStream:75 - [STDERR_REDIRECT] Aug 05, 2025 9:50:03 PM java.util.prefs.WindowsPreferences <init>
2025-08-05 21:50:03,507 [ERROR] LogOutputStream:75 - [STDERR_REDIRECT] WARNING: Could not open/create prefs root node Software\JavaSoft\Prefs at root 0xffffffff80000002. Windows RegCreateKeyEx(...) returned error code 5.
2025-08-05 21:50:03,508 [ERROR] LogOutputStream:75 - [STDERR_REDIRECT] 
2025-08-05 21:50:04,549 [INFO] MainUpdater:2872 - connection check result : 10
2025-08-05 21:50:04,551 [INFO] MainUpdater:289 - Updater Check For Update Now.
2025-08-05 21:50:04,551 [INFO] MicroXplorer:498 - Change Database Version : DB.6.0.140
2025-08-05 21:50:04,568 [INFO] McuFinderGlobals:63 - Set McuFinder mode to 2 (CubeIDE integrated)
2025-08-05 21:50:04,582 [INFO] UserAuth:486 - Internet connection configuration mode: 1
2025-08-05 21:50:04,753 [INFO] JxBrowserEngine:152 - Initiate JxBrowser Engine with user profile folder
2025-08-05 21:50:04,766 [WARN] MainUpdater:1193 - Updater busy. Cannot search thirdparties
2025-08-05 21:50:04,766 [INFO] ThirdPartyUpdaterWithRetryManager:96 - Updater plugin is busy. [1/15]
2025-08-05 21:50:05,336 [INFO] CheckServerUpdateThread:120 - End of CheckServer Thread
2025-08-05 21:50:08,472 [INFO] WebApp:169 - Instantiating new browser for Auth
2025-08-05 21:50:09,231 [WARN] PackLoader:240 - Cannot read IP mode file for STMicroelectronics.FP-SNS-MOTENVWB1.1.4.0
2025-08-05 21:50:09,261 [WARN] PackLoader:240 - Cannot read IP mode file for STMicroelectronics.FP-ATR-ASTRA1.2.0.2
2025-08-05 21:50:09,305 [WARN] PackLoader:240 - Cannot read IP mode file for STMicroelectronics.X-CUBE-SMBUS.2.1.0
2025-08-05 21:50:09,352 [WARN] PackLoader:240 - Cannot read IP mode file for STMicroelectronics.X-CUBE-WB05N.1.1.0
2025-08-05 21:50:09,395 [WARN] PackLoader:240 - Cannot read IP mode file for STMicroelectronics.X-CUBE-ST60.1.0.0
2025-08-05 21:50:09,696 [WARN] PackLoader:240 - Cannot read IP mode file for STMicroelectronics.X-CUBE-AZRTOS-F7.1.1.0
2025-08-05 21:50:10,031 [WARN] PackLoader:240 - Cannot read IP mode file for Infineon.AIROC-Wi-Fi-Bluetooth-STM32.1.7.0
2025-08-05 21:50:10,352 [WARN] PackLoader:240 - Cannot read IP mode file for STMicroelectronics.X-CUBE-AZRTOS-H7.3.4.0
2025-08-05 21:50:10,438 [WARN] PackLoader:240 - Cannot read IP mode file for STMicroelectronics.X-CUBE-DISPLAY.3.0.0
2025-08-05 21:50:10,515 [WARN] PackLoader:240 - Cannot read IP mode file for STMicroelectronics.X-CUBE-NFC10.1.0.0
2025-08-05 21:50:10,613 [WARN] PackLoader:240 - Cannot read IP mode file for STMicroelectronics.X-CUBE-BLEMGR.4.0.0
2025-08-05 21:50:10,682 [WARN] PackLoader:240 - Cannot read IP mode file for emotas.I-CUBE-CANOPEN.1.3.0
2025-08-05 21:50:10,736 [WARN] ConditionMgr:438 - getConditionDescription Invalid condition id : Cortex-A Device cause : null
2025-08-05 21:50:10,790 [WARN] ConditionMgr:1044 - genDependencies : Invalid condition id : Cortex-A Device cause : null
2025-08-05 21:50:10,791 [WARN] ConditionMgr:1044 - genDependencies : Invalid condition id : Cortex-A Device cause : null
2025-08-05 21:50:10,791 [WARN] ConditionMgr:1044 - genDependencies : Invalid condition id : Cortex-A Device cause : null
2025-08-05 21:50:10,827 [WARN] PackLoader:240 - Cannot read IP mode file for STMicroelectronics.X-CUBE-AI.10.0.0
2025-08-05 21:50:10,862 [ERROR] Engine:466 - C:\Users\user\.stm32cubemx\thirdparties\pdsc\STMicroelectronics.FP-SNS-STBOX1.2.1.0.pdsc: PDSC version is not supported
2025-08-05 21:50:10,897 [WARN] PackLoader:240 - Cannot read IP mode file for STMicroelectronics.FP-SNS-SMARTAG2.1.2.0
2025-08-05 21:50:10,932 [WARN] PackLoader:240 - Cannot read IP mode file for STMicroelectronics.FP-SNS-FLIGHT1.5.1.0
2025-08-05 21:50:11,530 [WARN] PackLoader:240 - Cannot read IP mode file for STMicroelectronics.X-CUBE-MEMS1.11.1.0
2025-08-05 21:50:11,948 [INFO] WebApp:463 - Apply proxy settings
2025-08-05 21:50:11,949 [INFO] WebApp:548 - Chromium requires no authentication
2025-08-05 21:50:11,982 [INFO] WebApp:491 - Direct internet connection detected
2025-08-05 21:50:12,108 [INFO] WebApp:894 - Register for checkConnection events
2025-08-05 21:50:12,108 [INFO] WebApp:463 - Apply proxy settings
2025-08-05 21:50:12,109 [INFO] WebApp:548 - Chromium requires no authentication
2025-08-05 21:50:12,110 [INFO] WebApp:491 - Direct internet connection detected
2025-08-05 21:50:12,694 [INFO] LogOutputStream:77 - [STDOUT_REDIRECT] 1 : Invalid condition id : UX_CORESTACK_Condition cause : null
2025-08-05 21:50:12,752 [INFO] LogOutputStream:77 - [STDOUT_REDIRECT] 1 : Invalid condition id : UX_CORESTACK_Condition cause : null
2025-08-05 21:50:12,760 [INFO] LogOutputStream:77 - [STDOUT_REDIRECT] 1 : Invalid condition id : UX_CORESTACK_Condition cause : null
2025-08-05 21:50:12,763 [INFO] LogOutputStream:77 - [STDOUT_REDIRECT] 1 : Invalid condition id : UX_CORESTACK_Condition cause : null
2025-08-05 21:50:12,763 [INFO] WebApp:191 - Connection restablished
2025-08-05 21:50:12,766 [INFO] LogOutputStream:77 - [STDOUT_REDIRECT] 1 : Invalid condition id : UX_CORESTACK_Condition cause : null
2025-08-05 21:50:12,819 [WARN] PackLoader:240 - Cannot read IP mode file for STMicroelectronics.X-CUBE-AZRTOS-WL.2.0.0
2025-08-05 21:50:12,882 [WARN] PackLoader:240 - Cannot read IP mode file for STMicroelectronics.FP-SNS-MOTENV1.5.0.0
2025-08-05 21:50:13,047 [WARN] PackLoader:240 - Cannot read IP mode file for WES.I-CUBE-Cesium.1.3.0
2025-08-05 21:50:13,085 [WARN] PackLoader:240 - Cannot read IP mode file for STMicroelectronics.X-CUBE-BLE2.3.3.0
2025-08-05 21:50:13,281 [WARN] PackLoader:240 - Cannot read IP mode file for STMicroelectronics.X-CUBE-NFC9.1.0.0
2025-08-05 21:50:13,485 [WARN] PackLoader:240 - Cannot read IP mode file for STMicroelectronics.X-CUBE-BLE1.7.1.0
2025-08-05 21:50:13,503 [WARN] PackLoader:240 - Cannot read IP mode file for wolfSSL.I-CUBE-wolfMQTT.1.19.2
2025-08-05 21:50:13,750 [WARN] PackLoader:240 - Cannot read IP mode file for STMicroelectronics.X-CUBE-EEPRMA1.5.2.0
2025-08-05 21:50:13,793 [WARN] PackLoader:240 - Cannot read IP mode file for STMicroelectronics.X-CUBE-AI.10.1.0
2025-08-05 21:50:14,097 [INFO] WebApp:225 - Starting web application
2025-08-05 21:50:14,098 [INFO] WebApp:593 - Web application path used C:\ST\STM32CubeIDE_1.18.0\STM32CubeIDE\plugins\com.st.stm32cube.common.mx_6.14.0.202502271554\db\plugins\mcufinder\reactClient1\index.html
2025-08-05 21:50:14,099 [WARN] PackLoader:240 - Cannot read IP mode file for STMicroelectronics.X-CUBE-AZRTOS-G0.1.1.0
2025-08-05 21:50:14,284 [WARN] PackLoader:240 - Cannot read IP mode file for STMicroelectronics.X-CUBE-SAFEA1.1.2.2
2025-08-05 21:50:14,375 [WARN] PackLoader:240 - Cannot read IP mode file for STMicroelectronics.X-CUBE-NFC4.3.0.0
2025-08-05 21:50:14,503 [WARN] PackLoader:240 - Cannot read IP mode file for EmbeddedOffice.I-CUBE-FS-RTOS.1.0.1
2025-08-05 21:50:14,861 [WARN] PackLoader:240 - Cannot read IP mode file for STMicroelectronics.X-CUBE-WB05N.2.0.0
2025-08-05 21:50:14,954 [WARN] PackLoader:240 - Cannot read IP mode file for wolfSSL.I-CUBE-wolfTPM.3.8.0
2025-08-05 21:50:15,042 [WARN] PackLoader:240 - Cannot read IP mode file for STMicroelectronics.X-CUBE-TCPP.4.2.0
2025-08-05 21:50:15,384 [WARN] PackLoader:240 - Cannot read IP mode file for RealThread.X-CUBE-RT-Thread_Nano.4.1.1
2025-08-05 21:50:15,435 [WARN] PackLoader:240 - Cannot read IP mode file for STMicroelectronics.FP-ATR-SIGFOX1.3.2.0
2025-08-05 21:50:15,484 [WARN] PackLoader:240 - Cannot read IP mode file for STMicroelectronics.X-CUBE-EEPRMA1.5.1.0
2025-08-05 21:50:15,653 [WARN] PackLoader:240 - Cannot read IP mode file for wolfSSL.I-CUBE-wolfSSL.5.7.6
2025-08-05 21:50:15,847 [WARN] PackLoader:240 - Cannot read IP mode file for ITTIA_DB.I-CUBE-ITTIADB.8.9.0
2025-08-05 21:50:15,955 [WARN] PackLoader:240 - Cannot read IP mode file for STMicroelectronics.X-CUBE-ST67W61.1.0.0
2025-08-05 21:50:16,032 [WARN] PackLoader:240 - Cannot read IP mode file for STMicroelectronics.X-CUBE-AI.10.2.0
2025-08-05 21:50:16,154 [INFO] UserAuth:486 - Internet connection configuration mode: 1
2025-08-05 21:50:16,515 [WARN] PackLoader:240 - Cannot read IP mode file for SEGGER.I-CUBE-embOS.1.3.1
2025-08-05 21:50:17,616 [WARN] PackLoader:240 - Cannot read IP mode file for STMicroelectronics.X-CUBE-ALGOBUILD.1.4.0
2025-08-05 21:50:18,101 [WARN] PackLoader:240 - Cannot read IP mode file for STMicroelectronics.X-CUBE-MEMS1.11.3.0
2025-08-05 21:50:20,081 [WARN] PackLoader:240 - Cannot read IP mode file for STMicroelectronics.X-CUBE-PM33A1.1.0.0
2025-08-05 21:50:20,243 [WARN] PackLoader:240 - Cannot read IP mode file for STMicroelectronics.X-CUBE-AZRTOS-F4.1.1.0
2025-08-05 21:50:20,328 [WARN] PackLoader:240 - Cannot read IP mode file for Avnet-IotConnect.X-CUBE-IoTC-DA16k-PMOD.1.0.0
2025-08-05 21:50:20,404 [WARN] PackLoader:240 - Cannot read IP mode file for STMicroelectronics.X-CUBE-ISPU.2.1.0
2025-08-05 21:50:20,479 [WARN] PackLoader:240 - Cannot read IP mode file for STMicroelectronics.X-CUBE-NFC12.1.0.0
2025-08-05 21:50:20,658 [WARN] PackLoader:240 - Cannot read IP mode file for STMicroelectronics.X-CUBE-AZRTOS-L5.2.0.0
2025-08-05 21:50:21,003 [WARN] PackLoader:240 - Cannot read IP mode file for STMicroelectronics.X-CUBE-NFC6.3.1.0
2025-08-05 21:50:21,212 [WARN] PackLoader:240 - Cannot read IP mode file for STMicroelectronics.X-CUBE-DPower.1.2.0
2025-08-05 21:50:21,263 [WARN] PackLoader:240 - Cannot read IP mode file for STMicroelectronics.X-CUBE-FREERTOS.1.3.1
2025-08-05 21:50:21,299 [WARN] PackLoader:240 - Cannot read IP mode file for STMicroelectronics.X-CUBE-FREERTOS.1.3.0
2025-08-05 21:50:21,401 [WARN] PackLoader:240 - Cannot read IP mode file for STMicroelectronics.X-CUBE-NFC7.1.0.1
2025-08-05 21:50:21,457 [WARN] PackLoader:240 - Cannot read IP mode file for STMicroelectronics.FP-SNS-STAIOTCFT.1.0.0
2025-08-05 21:50:21,761 [WARN] PackLoader:240 - Cannot read IP mode file for STMicroelectronics.X-CUBE-DPower.1.3.0
2025-08-05 21:50:21,961 [WARN] ConditionMgr:438 - getConditionDescription Invalid condition id : LAN8742 Phy interface Condition cause : null
2025-08-05 21:50:21,962 [WARN] PackLoader:240 - Cannot read IP mode file for STMicroelectronics.X-CUBE-AZRTOS-L4.2.0.0
2025-08-05 21:50:21,964 [WARN] ConditionMgr:1044 - genDependencies : Invalid condition id : LAN8742 Phy interface Condition cause : null
2025-08-05 21:50:21,964 [WARN] ConditionMgr:1044 - genDependencies : Invalid condition id : LAN8742 Phy interface Condition cause : null
2025-08-05 21:50:21,965 [WARN] ConditionMgr:1044 - genDependencies : Invalid condition id : LAN8742 Phy interface Condition cause : null
2025-08-05 21:50:22,109 [WARN] PackLoader:240 - Cannot read IP mode file for STMicroelectronics.X-CUBE-SFXS2LP1.4.0.0
2025-08-05 21:50:22,234 [WARN] PackLoader:240 - Cannot read IP mode file for STMicroelectronics.X-CUBE-AZRTOS-H7.3.3.0
2025-08-05 21:50:22,317 [WARN] PackLoader:240 - Cannot read IP mode file for STMicroelectronics.X-CUBE-BLEMGR.4.1.0
2025-08-05 21:50:22,430 [WARN] ConditionMgr:438 - getConditionDescription Invalid condition id : UX DEVICE CLASS RTOS Condition cause : null
2025-08-05 21:50:22,430 [WARN] ConditionMgr:438 - getConditionDescription Invalid condition id : UX DEVICE CLASS RTOS Condition cause : null
2025-08-05 21:50:22,434 [WARN] PackLoader:240 - Cannot read IP mode file for STMicroelectronics.X-CUBE-AZRTOS-WB.2.0.0
2025-08-05 21:50:22,436 [WARN] ConditionMgr:1044 - genDependencies : Invalid condition id : UX DEVICE CLASS RTOS Condition cause : null
2025-08-05 21:50:22,436 [WARN] ConditionMgr:1044 - genDependencies : Invalid condition id : UX DEVICE CLASS RTOS Condition cause : null
2025-08-05 21:50:22,436 [WARN] ConditionMgr:1044 - genDependencies : Invalid condition id : UX DEVICE CLASS RTOS Condition cause : null
2025-08-05 21:50:22,437 [WARN] ConditionMgr:1044 - genDependencies : Invalid condition id : UX DEVICE CLASS RTOS Condition cause : null
2025-08-05 21:50:22,439 [WARN] ConditionMgr:1044 - genDependencies : Invalid condition id : UX DEVICE CLASS RTOS Condition cause : null
2025-08-05 21:50:22,482 [WARN] PackLoader:240 - Cannot read IP mode file for STMicroelectronics.X-CUBE-GNSS1.7.0.1
2025-08-05 21:50:22,524 [WARN] PackLoader:240 - Cannot read IP mode file for STMicroelectronics.X-CUBE-TOUCHGFX.4.25.0
2025-08-05 21:50:22,561 [WARN] PackLoader:240 - Cannot read IP mode file for STMicroelectronics.FP-SNS-STBOX1.2.0.0
2025-08-05 21:50:22,611 [WARN] PackLoader:240 - Cannot read IP mode file for STMicroelectronics.X-CUBE-SUBG2.5.0.0
2025-08-05 21:50:22,741 [WARN] PackLoader:240 - Cannot read IP mode file for STMicroelectronics.X-CUBE-AZRTOS-H7RS.1.1.0
2025-08-05 21:50:22,833 [WARN] PackLoader:240 - Cannot read IP mode file for Cesanta.I-CUBE-Mongoose.7.13.0
2025-08-05 21:50:22,934 [WARN] PackLoader:240 - Cannot read IP mode file for STMicroelectronics.X-CUBE-AZRTOS-G4.2.0.0
2025-08-05 21:50:22,947 [WARN] PackLoader:240 - Cannot read IP mode file for wolfSSL.I-CUBE-wolfSSH.1.4.20
2025-08-05 21:50:23,001 [WARN] PackLoader:240 - Cannot read IP mode file for STMicroelectronics.X-CUBE-NFC7.2.0.0
2025-08-05 21:50:23,140 [WARN] PackLoader:240 - Cannot read IP mode file for STMicroelectronics.X-CUBE-IPS.3.1.0
2025-08-05 21:50:23,200 [WARN] PackLoader:240 - Cannot read IP mode file for STMicroelectronics.X-CUBE-ALS.1.0.2
2025-08-05 21:50:23,263 [WARN] PackLoader:240 - Cannot read IP mode file for portGmbH.I-Cube-SoM-uGOAL.1.1.0
2025-08-05 21:50:23,395 [WARN] PackLoader:240 - Cannot read IP mode file for STMicroelectronics.X-CUBE-TOF1.3.4.2
2025-08-05 21:50:23,516 [WARN] PackLoader:240 - Cannot read IP mode file for STMicroelectronics.X-CUBE-TOF1.3.4.3
2025-08-05 21:50:23,616 [INFO] ThirdParty:978 - Integrity check success = true
2025-08-05 21:50:23,616 [INFO] IntegrityCheckThread:100 - exiting critical section [integrity check]
2025-08-05 21:50:23,616 [INFO] IntegrityCheckThread:103 - End integrity checks thread
