2025-08-19 08:00:50,464 [INFO] Activator:176 - 


2025-08-19 08:00:50,471 [INFO] Activator:177 - !SESSION log4j initialized
2025-08-19 08:01:02,862 [INFO] LogOutputStream:77 - [STDOUT_REDIRECT] 
2025-08-19 08:01:08,259 [INFO] ApplicationProperties:184 - Using Application install path: C:\ST\STM32CubeIDE_1.18.0\STM32CubeIDE\plugins\com.st.stm32cube.common.mx_6.14.0.202502271554
2025-08-19 08:01:08,297 [INFO] DbMcusXml:78 - Set database path to: C:\ST\STM32CubeIDE_1.18.0\STM32CubeIDE\plugins\com.st.stm32cube.common.mx_6.14.0.202502271554\\db\/mcu/
2025-08-19 08:01:08,298 [INFO] ApiDb:274 - Set plugin database path to: C:\ST\STM32CubeIDE_1.18.0\STM32CubeIDE\plugins\com.st.stm32cube.common.mx_6.14.0.202502271554\\db\/plugins/boardmanager/
2025-08-19 08:01:08,299 [WARN] ApiDb:259 - Overriding images path with different value:  => C:\ST\STM32CubeIDE_1.18.0\STM32CubeIDE\plugins\com.st.stm32cube.common.mx_6.14.0.202502271554\\db\/plugins/mcufinder/images/
2025-08-19 08:01:08,316 [INFO] ApiDb:250 - Set database path to: C:\Users\user\.stmcufinder\plugins\mcufinder//mcu/
2025-08-19 08:01:08,318 [INFO] DbMcusAds:125 - Set database path to: C:\Users\user\.stmcufinder\plugins\mcufinder//mcu/
2025-08-19 08:01:08,325 [INFO] CrossReferenceDbSqlite:203 - Set database path to: C:\Users\user\.stmcufinder\plugins\mcufinder//mcu/cs/
2025-08-19 08:01:08,583 [INFO] RulesReader:64 - Compatibility file has been processed (301 Rules)
2025-08-19 08:01:08,779 [INFO] DbMcusXml:78 - Set database path to: C:\ST\STM32CubeIDE_1.18.0\STM32CubeIDE\plugins\com.st.stm32cube.common.mx_6.14.0.202502271554\\db\/mcu/
2025-08-19 08:01:08,779 [INFO] ApiDb:274 - Set plugin database path to: C:\ST\STM32CubeIDE_1.18.0\STM32CubeIDE\plugins\com.st.stm32cube.common.mx_6.14.0.202502271554\\db\/plugins/boardmanager/
2025-08-19 08:01:08,780 [INFO] ApiDb:261 - Set plugin images path to: C:\ST\STM32CubeIDE_1.18.0\STM32CubeIDE\plugins\com.st.stm32cube.common.mx_6.14.0.202502271554\\db\/plugins/mcufinder/images/
2025-08-19 08:01:08,780 [WARN] DbFile:41 - Overriding database path with different value: C:\Users\user\.stmcufinder\plugins\mcufinder/ => C:\Users\user\.stmcufinder\plugins\mcufinder
2025-08-19 08:01:08,780 [INFO] ApiDb:250 - Set database path to: C:\Users\user\.stmcufinder\plugins\mcufinder//mcu/
2025-08-19 08:01:08,781 [WARN] DbFile:41 - Overriding database path with different value: C:\Users\user\.stmcufinder\plugins\mcufinder/ => C:\Users\user\.stmcufinder\plugins\mcufinder
2025-08-19 08:01:08,781 [INFO] DbMcusAds:125 - Set database path to: C:\Users\user\.stmcufinder\plugins\mcufinder//mcu/
2025-08-19 08:01:08,781 [WARN] DbFile:41 - Overriding database path with different value: C:\Users\user\.stmcufinder\plugins\mcufinder/ => C:\Users\user\.stmcufinder\plugins\mcufinder
2025-08-19 08:01:08,781 [WARN] DbFile:41 - Overriding database path with different value: C:\Users\user\.stmcufinder\plugins\mcufinder/ => C:\Users\user\.stmcufinder\plugins\mcufinder
2025-08-19 08:01:08,781 [INFO] CrossReferenceDbSqlite:203 - Set database path to: C:\Users\user\.stmcufinder\plugins\mcufinder//mcu/cs/
2025-08-19 08:01:08,932 [INFO] MainPanel:272 - HeapMemory: 268435456
2025-08-19 08:01:09,222 [INFO] DbMcusXml:78 - Set database path to: C:\ST\STM32CubeIDE_1.18.0\STM32CubeIDE\plugins\com.st.stm32cube.common.mx_6.14.0.202502271554\\db\/mcu/
2025-08-19 08:01:09,222 [INFO] ApiDb:274 - Set plugin database path to: C:\ST\STM32CubeIDE_1.18.0\STM32CubeIDE\plugins\com.st.stm32cube.common.mx_6.14.0.202502271554\\db\/plugins/boardmanager/
2025-08-19 08:01:09,222 [INFO] ApiDb:261 - Set plugin images path to: C:\ST\STM32CubeIDE_1.18.0\STM32CubeIDE\plugins\com.st.stm32cube.common.mx_6.14.0.202502271554\\db\/plugins/mcufinder/images/
2025-08-19 08:01:09,223 [WARN] DbFile:41 - Overriding database path with different value: C:\Users\user\.stmcufinder\plugins\mcufinder/ => C:\Users\user\.stmcufinder\plugins\mcufinder
2025-08-19 08:01:09,223 [INFO] ApiDb:250 - Set database path to: C:\Users\user\.stmcufinder\plugins\mcufinder//mcu/
2025-08-19 08:01:09,223 [WARN] DbFile:41 - Overriding database path with different value: C:\Users\user\.stmcufinder\plugins\mcufinder/ => C:\Users\user\.stmcufinder\plugins\mcufinder
2025-08-19 08:01:09,223 [INFO] DbMcusAds:125 - Set database path to: C:\Users\user\.stmcufinder\plugins\mcufinder//mcu/
2025-08-19 08:01:09,223 [WARN] DbFile:41 - Overriding database path with different value: C:\Users\user\.stmcufinder\plugins\mcufinder/ => C:\Users\user\.stmcufinder\plugins\mcufinder
2025-08-19 08:01:09,223 [WARN] DbFile:41 - Overriding database path with different value: C:\Users\user\.stmcufinder\plugins\mcufinder/ => C:\Users\user\.stmcufinder\plugins\mcufinder
2025-08-19 08:01:09,223 [INFO] CrossReferenceDbSqlite:203 - Set database path to: C:\Users\user\.stmcufinder\plugins\mcufinder//mcu/cs/
2025-08-19 08:01:09,252 [INFO] ApplicationProperties:184 - Using Application install path: C:\ST\STM32CubeIDE_1.18.0\STM32CubeIDE\plugins\com.st.stm32cube.common.mx_6.14.0.202502271554
2025-08-19 08:01:09,253 [INFO] PluginManage:196 - Search for loadable plugins [exclusion list=, ]
2025-08-19 08:01:09,255 [INFO] PluginManage:310 - Check plugin analytics
2025-08-19 08:01:09,536 [INFO] AnalyticsPlugin:253 - Accepted Software Licenses: 
2025-08-19 08:01:09,536 [INFO] AnalyticsPlugin:255 - Accepted CMSIS Pack Licenses: 
2025-08-19 08:01:09,537 [INFO] AnalyticsPlugin:257 - Accepted Firmware Licenses: FW.F4.1.28.0
2025-08-19 08:01:09,541 [INFO] PluginManage:359 - Loaded plugin analytics (category:tool,tabindex:-1)
2025-08-19 08:01:09,541 [INFO] PluginManage:310 - Check plugin cadmodel
2025-08-19 08:01:09,559 [INFO] CADModel:105 - Init CAD model plugin
2025-08-19 08:01:09,559 [INFO] PluginManage:359 - Loaded plugin cadmodel (category:power,tabindex:5)
2025-08-19 08:01:09,560 [INFO] PluginManage:310 - Check plugin clock
2025-08-19 08:01:09,585 [INFO] PluginManage:359 - Loaded plugin clock (category:base,tabindex:2)
2025-08-19 08:01:09,585 [INFO] PluginManage:310 - Check plugin ddr
2025-08-19 08:01:09,590 [INFO] PluginManage:359 - Loaded plugin ddr (category:tool,tabindex:6)
2025-08-19 08:01:09,591 [INFO] PluginManage:310 - Check plugin filemanager
2025-08-19 08:01:09,831 [INFO] PluginManage:359 - Loaded plugin filemanager (category:base,tabindex:10)
2025-08-19 08:01:09,831 [INFO] PluginManage:310 - Check plugin ipmanager
2025-08-19 08:01:09,841 [INFO] PluginManage:359 - Loaded plugin ipmanager (category:base,tabindex:5)
2025-08-19 08:01:09,841 [INFO] PluginManage:310 - Check plugin lpbam
2025-08-19 08:01:09,853 [INFO] PluginManage:359 - Loaded plugin lpbam (category:base,tabindex:0)
2025-08-19 08:01:09,854 [INFO] PluginManage:310 - Check plugin memorymap
2025-08-19 08:01:09,875 [INFO] PluginManage:359 - Loaded plugin memorymap (category:base,tabindex:4)
2025-08-19 08:01:09,875 [INFO] PluginManage:310 - Check plugin pinoutandconfiguration
2025-08-19 08:01:09,888 [INFO] PluginManage:359 - Loaded plugin pinoutandconfiguration (category:base,tabindex:1)
2025-08-19 08:01:09,889 [INFO] PluginManage:310 - Check plugin pinoutconfig
2025-08-19 08:01:10,104 [WARN] SupportedApi:132 - Cannot load RTOS API schema: s4s-elt-must-match.1: The content of 'definitions' must match (annotation?, (simpleType | complexType)?, (unique | key | keyref)*)). A problem was found starting at: attribute.
2025-08-19 08:01:10,331 [INFO] PluginManage:359 - Loaded plugin pinoutconfig (category:base,tabindex:0)
2025-08-19 08:01:10,331 [INFO] PluginManage:310 - Check plugin power
2025-08-19 08:01:10,350 [INFO] PluginManage:359 - Loaded plugin power (category:power,tabindex:4)
2025-08-19 08:01:10,350 [INFO] PluginManage:310 - Check plugin projectmanager
2025-08-19 08:01:10,383 [INFO] PluginManage:359 - Loaded plugin projectmanager (category:projectmanager,tabindex:4)
2025-08-19 08:01:10,383 [INFO] PluginManage:310 - Check plugin rif
2025-08-19 08:01:10,397 [INFO] PluginManage:359 - Loaded plugin rif (category:base,tabindex:3)
2025-08-19 08:01:10,397 [INFO] PluginManage:310 - Check plugin thirdparty
2025-08-19 08:01:10,696 [INFO] PluginManage:359 - Loaded plugin thirdparty (category:base,tabindex:-1)
2025-08-19 08:01:10,696 [WARN] IntegrityCheckThread:84 - waiting for thirdparty lock release [integrity check]
2025-08-19 08:01:10,697 [INFO] IntegrityCheckThread:86 - entering critical section [integrity check]
2025-08-19 08:01:10,697 [INFO] PluginManage:310 - Check plugin tools
2025-08-19 08:01:10,697 [INFO] ThirdPartyUpdaterWithRetryManager:70 - Updater plugin not ready yet. [1/15]
2025-08-19 08:01:10,704 [INFO] PluginManage:359 - Loaded plugin tools (category:base,tabindex:7)
2025-08-19 08:01:10,704 [INFO] PluginManage:310 - Check plugin tutovideos
2025-08-19 08:01:11,051 [INFO] PluginManage:359 - Loaded plugin tutovideos (category:base,tabindex:-1)
2025-08-19 08:01:11,052 [INFO] PluginManage:310 - Check plugin updater
2025-08-19 08:01:11,095 [INFO] PluginManage:359 - Loaded plugin updater (category:base,tabindex:12)
2025-08-19 08:01:11,095 [INFO] PluginManage:310 - Check plugin userauth
2025-08-19 08:01:11,101 [INFO] UserAuth:118 - Init User Auth plugin
2025-08-19 08:01:11,102 [INFO] PluginManage:359 - Loaded plugin userauth (category:base,tabindex:14)
2025-08-19 08:01:11,103 [INFO] PluginManage:283 - PluginManage : Loaded plugins [18]
2025-08-19 08:01:11,456 [INFO] PinOutPanel:1589 - setPackage(No Configuration,No Configuration)
2025-08-19 08:01:11,638 [INFO] CADModel:165 - CPN selected for project level
2025-08-19 08:01:11,639 [INFO] CADModel:114 - Register for checkConnection events
2025-08-19 08:01:11,675 [INFO] IPUIPlugin:80 - create IPUIPlugin
2025-08-19 08:01:11,676 [INFO] PluginManager:220 - loadIPPluginJar : add adc
2025-08-19 08:01:11,683 [INFO] IPUIPlugin:80 - create IPUIPlugin
2025-08-19 08:01:11,683 [INFO] PluginManager:220 - loadIPPluginJar : add aes
2025-08-19 08:01:11,688 [INFO] IPUIPlugin:80 - create IPUIPlugin
2025-08-19 08:01:11,688 [INFO] PluginManager:220 - loadIPPluginJar : add can
2025-08-19 08:01:11,692 [INFO] IPUIPlugin:80 - create IPUIPlugin
2025-08-19 08:01:11,692 [INFO] PluginManager:220 - loadIPPluginJar : add comp
2025-08-19 08:01:11,697 [INFO] IPUIPlugin:80 - create IPUIPlugin
2025-08-19 08:01:11,698 [INFO] PluginManager:220 - loadIPPluginJar : add cryp
2025-08-19 08:01:11,705 [INFO] IPUIPlugin:80 - create IPUIPlugin
2025-08-19 08:01:11,705 [INFO] PluginManager:220 - loadIPPluginJar : add ddr_ctrl_phy
2025-08-19 08:01:11,709 [INFO] IPUIPlugin:80 - create IPUIPlugin
2025-08-19 08:01:11,709 [INFO] PluginManager:220 - loadIPPluginJar : add dfsdm
2025-08-19 08:01:11,718 [INFO] IPUIPlugin:80 - create IPUIPlugin
2025-08-19 08:01:11,718 [INFO] PluginManager:220 - loadIPPluginJar : add dma
2025-08-19 08:01:11,722 [INFO] IPUIPlugin:80 - create IPUIPlugin
2025-08-19 08:01:11,723 [INFO] PluginManager:220 - loadIPPluginJar : add dma3
2025-08-19 08:01:11,726 [INFO] IPUIPlugin:80 - create IPUIPlugin
2025-08-19 08:01:11,726 [INFO] PluginManager:220 - loadIPPluginJar : add extmemmanager
2025-08-19 08:01:11,730 [INFO] IPUIPlugin:80 - create IPUIPlugin
2025-08-19 08:01:11,730 [INFO] PluginManager:220 - loadIPPluginJar : add fatfs
2025-08-19 08:01:11,737 [INFO] IPUIPlugin:80 - create IPUIPlugin
2025-08-19 08:01:11,738 [INFO] PluginManager:220 - loadIPPluginJar : add fmc
2025-08-19 08:01:11,746 [INFO] IPUIPlugin:80 - create IPUIPlugin
2025-08-19 08:01:11,747 [INFO] PluginManager:220 - loadIPPluginJar : add freertos
2025-08-19 08:01:11,751 [INFO] IPUIPlugin:80 - create IPUIPlugin
2025-08-19 08:01:11,751 [INFO] PluginManager:220 - loadIPPluginJar : add genericplugin
2025-08-19 08:01:11,756 [INFO] IPUIPlugin:80 - create IPUIPlugin
2025-08-19 08:01:11,756 [INFO] PluginManager:220 - loadIPPluginJar : add gfxmmu
2025-08-19 08:01:11,764 [INFO] IPUIPlugin:80 - create IPUIPlugin
2025-08-19 08:01:11,765 [INFO] PluginManager:220 - loadIPPluginJar : add gic
2025-08-19 08:01:11,772 [INFO] IPUIPlugin:80 - create IPUIPlugin
2025-08-19 08:01:11,772 [INFO] PluginManager:220 - loadIPPluginJar : add gpio
2025-08-19 08:01:11,779 [INFO] IPUIPlugin:80 - create IPUIPlugin
2025-08-19 08:01:11,779 [INFO] PluginManager:220 - loadIPPluginJar : add gtzc
2025-08-19 08:01:11,784 [INFO] IPUIPlugin:80 - create IPUIPlugin
2025-08-19 08:01:11,784 [INFO] PluginManager:220 - loadIPPluginJar : add hash
2025-08-19 08:01:11,790 [INFO] IPUIPlugin:80 - create IPUIPlugin
2025-08-19 08:01:11,790 [INFO] PluginManager:220 - loadIPPluginJar : add i2c
2025-08-19 08:01:11,801 [INFO] IPUIPlugin:80 - create IPUIPlugin
2025-08-19 08:01:11,801 [INFO] PluginManager:220 - loadIPPluginJar : add i2s
2025-08-19 08:01:11,807 [INFO] IPUIPlugin:80 - create IPUIPlugin
2025-08-19 08:01:11,807 [INFO] PluginManager:220 - loadIPPluginJar : add i3c
2025-08-19 08:01:11,813 [INFO] IPUIPlugin:80 - create IPUIPlugin
2025-08-19 08:01:11,815 [INFO] PluginManager:220 - loadIPPluginJar : add ipddr
2025-08-19 08:01:11,829 [INFO] IPUIPlugin:80 - create IPUIPlugin
2025-08-19 08:01:11,831 [INFO] PluginManager:220 - loadIPPluginJar : add linkedlist
2025-08-19 08:01:11,837 [INFO] IPUIPlugin:80 - create IPUIPlugin
2025-08-19 08:01:11,837 [INFO] PluginManager:220 - loadIPPluginJar : add lorawan
2025-08-19 08:01:11,841 [INFO] IPUIPlugin:80 - create IPUIPlugin
2025-08-19 08:01:11,842 [INFO] PluginManager:220 - loadIPPluginJar : add ltdc
2025-08-19 08:01:11,853 [INFO] IPUIPlugin:80 - create IPUIPlugin
2025-08-19 08:01:11,853 [INFO] PluginManager:220 - loadIPPluginJar : add mdma
2025-08-19 08:01:11,861 [INFO] IPUIPlugin:80 - create IPUIPlugin
2025-08-19 08:01:11,861 [INFO] PluginManager:220 - loadIPPluginJar : add nvic
2025-08-19 08:01:11,868 [INFO] IPUIPlugin:80 - create IPUIPlugin
2025-08-19 08:01:11,868 [INFO] PluginManager:220 - loadIPPluginJar : add opamp
2025-08-19 08:01:11,873 [INFO] IPUIPlugin:80 - create IPUIPlugin
2025-08-19 08:01:11,873 [INFO] PluginManager:220 - loadIPPluginJar : add openamp
2025-08-19 08:01:11,883 [INFO] IPUIPlugin:80 - create IPUIPlugin
2025-08-19 08:01:11,884 [INFO] PluginManager:220 - loadIPPluginJar : add pdm2pcm
2025-08-19 08:01:11,896 [INFO] IPUIPlugin:80 - create IPUIPlugin
2025-08-19 08:01:11,901 [INFO] PluginManager:220 - loadIPPluginJar : add plateformsettings
2025-08-19 08:01:11,905 [INFO] IPUIPlugin:80 - create IPUIPlugin
2025-08-19 08:01:11,905 [INFO] PluginManager:220 - loadIPPluginJar : add quadspi
2025-08-19 08:01:11,909 [INFO] IPUIPlugin:80 - create IPUIPlugin
2025-08-19 08:01:11,913 [INFO] PluginManager:220 - loadIPPluginJar : add radio
2025-08-19 08:01:11,925 [INFO] IPUIPlugin:80 - create IPUIPlugin
2025-08-19 08:01:11,925 [INFO] PluginManager:220 - loadIPPluginJar : add resmgrutility
2025-08-19 08:01:11,940 [INFO] IPUIPlugin:80 - create IPUIPlugin
2025-08-19 08:01:11,940 [INFO] PluginManager:220 - loadIPPluginJar : add sai
2025-08-19 08:01:11,949 [INFO] IPUIPlugin:80 - create IPUIPlugin
2025-08-19 08:01:11,950 [INFO] PluginManager:220 - loadIPPluginJar : add spi
2025-08-19 08:01:11,963 [INFO] IPUIPlugin:80 - create IPUIPlugin
2025-08-19 08:01:11,963 [INFO] PluginManager:220 - loadIPPluginJar : add stm32_wpan
2025-08-19 08:01:11,967 [INFO] IPUIPlugin:80 - create IPUIPlugin
2025-08-19 08:01:11,967 [INFO] PluginManager:220 - loadIPPluginJar : add tim
2025-08-19 08:01:11,974 [INFO] IPUIPlugin:80 - create IPUIPlugin
2025-08-19 08:01:11,975 [INFO] PluginManager:220 - loadIPPluginJar : add touchsensing
2025-08-19 08:01:11,980 [INFO] IPUIPlugin:80 - create IPUIPlugin
2025-08-19 08:01:11,980 [INFO] PluginManager:220 - loadIPPluginJar : add tracer_emb
2025-08-19 08:01:11,984 [INFO] IPUIPlugin:80 - create IPUIPlugin
2025-08-19 08:01:11,984 [INFO] PluginManager:220 - loadIPPluginJar : add ts
2025-08-19 08:01:11,987 [INFO] IPUIPlugin:80 - create IPUIPlugin
2025-08-19 08:01:11,988 [INFO] PluginManager:220 - loadIPPluginJar : add tsc
2025-08-19 08:01:11,991 [INFO] IPUIPlugin:80 - create IPUIPlugin
2025-08-19 08:01:11,991 [INFO] PluginManager:220 - loadIPPluginJar : add ucpd
2025-08-19 08:01:11,998 [INFO] IPUIPlugin:80 - create IPUIPlugin
2025-08-19 08:01:11,998 [INFO] PluginManager:220 - loadIPPluginJar : add usart
2025-08-19 08:01:12,004 [INFO] IPUIPlugin:80 - create IPUIPlugin
2025-08-19 08:01:12,004 [INFO] PluginManager:220 - loadIPPluginJar : add usbx
2025-08-19 08:01:12,172 [FATAL] Updater:351 - Updater called before beeing initialized
2025-08-19 08:01:12,220 [INFO] RulesReader:64 - Compatibility file has been processed (301 Rules)
2025-08-19 08:01:12,238 [INFO] RulesReader:64 - Compatibility file has been processed (301 Rules)
2025-08-19 08:01:12,252 [INFO] CADModel:165 - CPN selected for project level
2025-08-19 08:01:12,252 [INFO] CADModel:114 - Register for checkConnection events
2025-08-19 08:01:12,252 [FATAL] Updater:351 - Updater called before beeing initialized
2025-08-19 08:01:12,252 [ERROR] CADModel:125 - Updater not yet initialized, retry later 
2025-08-19 08:01:12,499 [FATAL] Updater:351 - Updater called before beeing initialized
2025-08-19 08:01:12,502 [INFO] CADModel:165 - CPN selected for project level
2025-08-19 08:01:12,503 [INFO] CADModel:114 - Register for checkConnection events
2025-08-19 08:01:12,503 [FATAL] Updater:351 - Updater called before beeing initialized
2025-08-19 08:01:12,503 [ERROR] CADModel:125 - Updater not yet initialized, retry later 
2025-08-19 08:01:12,507 [FATAL] Updater:351 - Updater called before beeing initialized
2025-08-19 08:01:12,768 [FATAL] Updater:351 - Updater called before beeing initialized
2025-08-19 08:01:12,772 [INFO] DbMcusAds:53 - JSON generation date=Tue Jul 08 13:44:23 IST 2025 (1751962463582)
2025-08-19 08:01:12,773 [FATAL] Updater:351 - Updater called before beeing initialized
2025-08-19 08:01:12,854 [WARN] DetailPanel:346 - Failed to get advertising image, set to default
2025-08-19 08:01:13,308 [FATAL] Updater:351 - Updater called before beeing initialized
2025-08-19 08:01:13,311 [FATAL] Updater:351 - Updater called before beeing initialized
2025-08-19 08:01:13,312 [FATAL] Updater:351 - Updater called before beeing initialized
2025-08-19 08:01:13,312 [WARN] DetailPanel:346 - Failed to get advertising image, set to default
2025-08-19 08:01:13,313 [FATAL] Updater:351 - Updater called before beeing initialized
2025-08-19 08:01:13,402 [ERROR] Updater:1198 - MainUpdater not yet initialized. External WinMGr cannot be set.
2025-08-19 08:01:13,405 [INFO] Updater:1134 - Updater Version found : 6.14.0
2025-08-19 08:01:13,439 [INFO] ApplicationProperties:184 - Using Application install path: C:\ST\STM32CubeIDE_1.18.0\STM32CubeIDE\plugins\com.st.stm32cube.common.mx_6.14.0.202502271554
2025-08-19 08:01:13,698 [INFO] ThirdPartyUpdaterWithRetryManager:70 - Updater plugin not ready yet. [2/15]
2025-08-19 08:01:15,029 [ERROR] LogOutputStream:75 - [STDERR_REDIRECT] Aug 19, 2025 8:01:15 AM java.util.prefs.WindowsPreferences <init>
2025-08-19 08:01:15,032 [ERROR] LogOutputStream:75 - [STDERR_REDIRECT] WARNING: Could not open/create prefs root node Software\JavaSoft\Prefs at root 0xffffffff80000002. Windows RegCreateKeyEx(...) returned error code 5.
2025-08-19 08:01:15,032 [ERROR] LogOutputStream:75 - [STDERR_REDIRECT] 
2025-08-19 08:01:16,158 [INFO] MainUpdater:2872 - connection check result : 10
2025-08-19 08:01:16,159 [INFO] MainUpdater:289 - Updater Check For Update Now.
2025-08-19 08:01:16,159 [INFO] MicroXplorer:498 - Change Database Version : DB.6.0.140
2025-08-19 08:01:16,168 [INFO] McuFinderGlobals:63 - Set McuFinder mode to 2 (CubeIDE integrated)
2025-08-19 08:01:16,170 [INFO] UserAuth:486 - Internet connection configuration mode: 1
2025-08-19 08:01:16,267 [INFO] JxBrowserEngine:152 - Initiate JxBrowser Engine with user profile folder
2025-08-19 08:01:16,730 [WARN] MainUpdater:1193 - Updater busy. Cannot search thirdparties
2025-08-19 08:01:16,732 [INFO] ThirdPartyUpdaterWithRetryManager:96 - Updater plugin is busy. [1/15]
2025-08-19 08:01:16,772 [INFO] CheckServerUpdateThread:120 - End of CheckServer Thread
2025-08-19 08:01:18,845 [INFO] WebApp:169 - Instantiating new browser for Auth
2025-08-19 08:01:20,237 [WARN] PackLoader:240 - Cannot read IP mode file for STMicroelectronics.FP-SNS-MOTENVWB1.1.4.0
2025-08-19 08:01:20,260 [WARN] PackLoader:240 - Cannot read IP mode file for STMicroelectronics.FP-ATR-ASTRA1.2.0.2
2025-08-19 08:01:20,284 [WARN] PackLoader:240 - Cannot read IP mode file for STMicroelectronics.X-CUBE-SMBUS.2.1.0
2025-08-19 08:01:20,294 [WARN] PackLoader:240 - Cannot read IP mode file for STMicroelectronics.X-CUBE-ST60.1.0.0
2025-08-19 08:01:20,360 [WARN] PackLoader:240 - Cannot read IP mode file for STMicroelectronics.X-CUBE-AZRTOS-F7.1.1.0
2025-08-19 08:01:20,427 [WARN] PackLoader:240 - Cannot read IP mode file for Infineon.AIROC-Wi-Fi-Bluetooth-STM32.1.7.1
2025-08-19 08:01:20,588 [WARN] PackLoader:240 - Cannot read IP mode file for STMicroelectronics.X-CUBE-AZRTOS-H7.3.4.0
2025-08-19 08:01:20,687 [WARN] PackLoader:240 - Cannot read IP mode file for STMicroelectronics.X-CUBE-DISPLAY.3.0.0
2025-08-19 08:01:20,812 [WARN] PackLoader:240 - Cannot read IP mode file for STMicroelectronics.X-CUBE-NFC10.1.0.0
2025-08-19 08:01:20,823 [WARN] PackLoader:240 - Cannot read IP mode file for emotas.I-CUBE-CANOPEN.1.3.0
2025-08-19 08:01:20,837 [ERROR] Engine:466 - C:\Users\user\.stm32cubemx\thirdparties\pdsc\STMicroelectronics.FP-SNS-STBOX1.2.1.0.pdsc: PDSC version is not supported
2025-08-19 08:01:20,909 [WARN] PackLoader:240 - Cannot read IP mode file for STMicroelectronics.FP-SNS-SMARTAG2.1.2.0
2025-08-19 08:01:20,917 [WARN] PackLoader:240 - Cannot read IP mode file for STMicroelectronics.FP-SNS-FLIGHT1.5.1.0
2025-08-19 08:01:20,933 [INFO] LogOutputStream:77 - [STDOUT_REDIRECT] 1 : Invalid condition id : UX_CORESTACK_Condition cause : null
2025-08-19 08:01:20,936 [INFO] LogOutputStream:77 - [STDOUT_REDIRECT] 1 : Invalid condition id : UX_CORESTACK_Condition cause : null
2025-08-19 08:01:20,938 [INFO] LogOutputStream:77 - [STDOUT_REDIRECT] 1 : Invalid condition id : UX_CORESTACK_Condition cause : null
2025-08-19 08:01:20,940 [INFO] LogOutputStream:77 - [STDOUT_REDIRECT] 1 : Invalid condition id : UX_CORESTACK_Condition cause : null
2025-08-19 08:01:20,957 [INFO] LogOutputStream:77 - [STDOUT_REDIRECT] 1 : Invalid condition id : UX_CORESTACK_Condition cause : null
2025-08-19 08:01:20,962 [WARN] PackLoader:240 - Cannot read IP mode file for STMicroelectronics.X-CUBE-AZRTOS-WL.2.0.0
2025-08-19 08:01:21,016 [WARN] PackLoader:240 - Cannot read IP mode file for STMicroelectronics.FP-SNS-MOTENV1.5.0.0
2025-08-19 08:01:21,032 [WARN] PackLoader:240 - Cannot read IP mode file for WES.I-CUBE-Cesium.1.3.0
2025-08-19 08:01:21,055 [WARN] PackLoader:240 - Cannot read IP mode file for STMicroelectronics.X-CUBE-BLE2.3.3.0
2025-08-19 08:01:21,089 [INFO] WebApp:463 - Apply proxy settings
2025-08-19 08:01:21,091 [INFO] WebApp:548 - Chromium requires no authentication
2025-08-19 08:01:21,093 [WARN] PackLoader:240 - Cannot read IP mode file for STMicroelectronics.X-CUBE-NFC9.1.0.0
2025-08-19 08:01:21,112 [WARN] PackLoader:240 - Cannot read IP mode file for wolfSSL.I-CUBE-wolfSSL.5.8.2
2025-08-19 08:01:21,127 [WARN] PackLoader:240 - Cannot read IP mode file for STMicroelectronics.X-CUBE-BLE1.7.1.0
2025-08-19 08:01:21,138 [INFO] WebApp:491 - Direct internet connection detected
2025-08-19 08:01:21,140 [WARN] PackLoader:240 - Cannot read IP mode file for wolfSSL.I-CUBE-wolfMQTT.1.19.2
2025-08-19 08:01:21,160 [WARN] PackLoader:240 - Cannot read IP mode file for STMicroelectronics.X-CUBE-EEPRMA1.5.2.0
2025-08-19 08:01:21,179 [WARN] PackLoader:240 - Cannot read IP mode file for STMicroelectronics.X-CUBE-AI.10.1.0
2025-08-19 08:01:21,234 [WARN] PackLoader:240 - Cannot read IP mode file for STMicroelectronics.X-CUBE-AZRTOS-G0.1.1.0
2025-08-19 08:01:21,251 [WARN] PackLoader:240 - Cannot read IP mode file for STMicroelectronics.X-CUBE-SAFEA1.1.2.2
2025-08-19 08:01:21,262 [WARN] PackLoader:240 - Cannot read IP mode file for STMicroelectronics.X-CUBE-NFC4.3.0.0
2025-08-19 08:01:21,263 [INFO] WebApp:894 - Register for checkConnection events
2025-08-19 08:01:21,263 [INFO] WebApp:463 - Apply proxy settings
2025-08-19 08:01:21,263 [INFO] WebApp:548 - Chromium requires no authentication
2025-08-19 08:01:21,264 [INFO] WebApp:491 - Direct internet connection detected
2025-08-19 08:01:21,291 [WARN] PackLoader:240 - Cannot read IP mode file for EmbeddedOffice.I-CUBE-FS-RTOS.1.0.1
2025-08-19 08:01:21,304 [WARN] PackLoader:240 - Cannot read IP mode file for STMicroelectronics.X-CUBE-WB05N.2.0.0
2025-08-19 08:01:21,315 [WARN] PackLoader:240 - Cannot read IP mode file for wolfSSL.I-CUBE-wolfTPM.3.8.0
2025-08-19 08:01:21,323 [WARN] PackLoader:240 - Cannot read IP mode file for STMicroelectronics.X-CUBE-TCPP.4.2.0
2025-08-19 08:01:21,336 [WARN] PackLoader:240 - Cannot read IP mode file for RealThread.X-CUBE-RT-Thread_Nano.4.1.1
2025-08-19 08:01:21,344 [WARN] PackLoader:240 - Cannot read IP mode file for STMicroelectronics.FP-ATR-SIGFOX1.3.2.0
2025-08-19 08:01:21,369 [WARN] PackLoader:240 - Cannot read IP mode file for ITTIA_DB.I-CUBE-ITTIADB.8.9.0
2025-08-19 08:01:21,389 [WARN] PackLoader:240 - Cannot read IP mode file for STMicroelectronics.X-CUBE-ST67W61.1.0.0
2025-08-19 08:01:21,396 [WARN] PackLoader:240 - Cannot read IP mode file for STMicroelectronics.X-CUBE-AI.10.2.0
2025-08-19 08:01:21,447 [WARN] PackLoader:240 - Cannot read IP mode file for SEGGER.I-CUBE-embOS.1.3.1
2025-08-19 08:01:21,621 [WARN] PackLoader:240 - Cannot read IP mode file for STMicroelectronics.X-CUBE-ALGOBUILD.1.4.0
2025-08-19 08:01:21,734 [INFO] WebApp:191 - Connection restablished
2025-08-19 08:01:21,900 [WARN] PackLoader:240 - Cannot read IP mode file for STMicroelectronics.X-CUBE-MEMS1.11.3.0
2025-08-19 08:01:22,824 [INFO] WebApp:225 - Starting web application
2025-08-19 08:01:22,825 [INFO] WebApp:593 - Web application path used C:\ST\STM32CubeIDE_1.18.0\STM32CubeIDE\plugins\com.st.stm32cube.common.mx_6.14.0.202502271554\db\plugins\mcufinder\reactClient1\index.html
2025-08-19 08:01:22,854 [WARN] PackLoader:240 - Cannot read IP mode file for STMicroelectronics.X-CUBE-PM33A1.1.0.0
2025-08-19 08:01:22,952 [WARN] PackLoader:240 - Cannot read IP mode file for STMicroelectronics.X-CUBE-AZRTOS-F4.1.1.0
2025-08-19 08:01:22,986 [WARN] PackLoader:240 - Cannot read IP mode file for STMicroelectronics.X-CUBE-ISPU.2.1.0
2025-08-19 08:01:23,003 [WARN] PackLoader:240 - Cannot read IP mode file for STMicroelectronics.X-CUBE-NFC12.1.0.0
2025-08-19 08:01:23,065 [WARN] PackLoader:240 - Cannot read IP mode file for STMicroelectronics.X-CUBE-AZRTOS-L5.2.0.0
2025-08-19 08:01:23,193 [WARN] PackLoader:240 - Cannot read IP mode file for STMicroelectronics.X-CUBE-NFC6.3.1.0
2025-08-19 08:01:23,232 [WARN] PackLoader:240 - Cannot read IP mode file for STMicroelectronics.X-CUBE-FREERTOS.1.3.1
2025-08-19 08:01:23,247 [WARN] PackLoader:240 - Cannot read IP mode file for STMicroelectronics.FP-SNS-STAIOTCFT.1.0.0
2025-08-19 08:01:23,264 [WARN] PackLoader:240 - Cannot read IP mode file for STMicroelectronics.X-CUBE-DPower.1.3.0
2025-08-19 08:01:23,300 [WARN] ConditionMgr:438 - getConditionDescription Invalid condition id : LAN8742 Phy interface Condition cause : null
2025-08-19 08:01:23,301 [WARN] PackLoader:240 - Cannot read IP mode file for STMicroelectronics.X-CUBE-AZRTOS-L4.2.0.0
2025-08-19 08:01:23,303 [WARN] ConditionMgr:1044 - genDependencies : Invalid condition id : LAN8742 Phy interface Condition cause : null
2025-08-19 08:01:23,304 [WARN] ConditionMgr:1044 - genDependencies : Invalid condition id : LAN8742 Phy interface Condition cause : null
2025-08-19 08:01:23,305 [WARN] ConditionMgr:1044 - genDependencies : Invalid condition id : LAN8742 Phy interface Condition cause : null
2025-08-19 08:01:23,327 [WARN] PackLoader:240 - Cannot read IP mode file for STMicroelectronics.X-CUBE-SFXS2LP1.4.0.0
2025-08-19 08:01:23,362 [WARN] PackLoader:240 - Cannot read IP mode file for STMicroelectronics.X-CUBE-BLEMGR.4.1.0
2025-08-19 08:01:23,399 [WARN] ConditionMgr:438 - getConditionDescription Invalid condition id : UX DEVICE CLASS RTOS Condition cause : null
2025-08-19 08:01:23,400 [WARN] ConditionMgr:438 - getConditionDescription Invalid condition id : UX DEVICE CLASS RTOS Condition cause : null
2025-08-19 08:01:23,409 [WARN] PackLoader:240 - Cannot read IP mode file for STMicroelectronics.X-CUBE-AZRTOS-WB.2.0.0
2025-08-19 08:01:23,410 [WARN] ConditionMgr:1044 - genDependencies : Invalid condition id : UX DEVICE CLASS RTOS Condition cause : null
2025-08-19 08:01:23,411 [WARN] ConditionMgr:1044 - genDependencies : Invalid condition id : UX DEVICE CLASS RTOS Condition cause : null
2025-08-19 08:01:23,411 [WARN] ConditionMgr:1044 - genDependencies : Invalid condition id : UX DEVICE CLASS RTOS Condition cause : null
2025-08-19 08:01:23,412 [WARN] ConditionMgr:1044 - genDependencies : Invalid condition id : UX DEVICE CLASS RTOS Condition cause : null
2025-08-19 08:01:23,413 [WARN] ConditionMgr:1044 - genDependencies : Invalid condition id : UX DEVICE CLASS RTOS Condition cause : null
2025-08-19 08:01:23,464 [WARN] PackLoader:240 - Cannot read IP mode file for STMicroelectronics.X-CUBE-GNSS1.7.0.1
2025-08-19 08:01:23,650 [WARN] PackLoader:240 - Cannot read IP mode file for STMicroelectronics.X-CUBE-TOUCHGFX.4.25.0
2025-08-19 08:01:23,667 [WARN] PackLoader:240 - Cannot read IP mode file for STMicroelectronics.FP-SNS-STBOX1.2.0.0
2025-08-19 08:01:23,679 [WARN] ConditionMgr:438 - getConditionDescription Invalid condition id : Cortex-A Device cause : null
2025-08-19 08:01:23,764 [INFO] UserAuth:486 - Internet connection configuration mode: 1
2025-08-19 08:01:23,822 [WARN] ConditionMgr:1044 - genDependencies : Invalid condition id : Cortex-A Device cause : null
2025-08-19 08:01:23,822 [WARN] ConditionMgr:1044 - genDependencies : Invalid condition id : Cortex-A Device cause : null
2025-08-19 08:01:23,824 [WARN] ConditionMgr:1044 - genDependencies : Invalid condition id : Cortex-A Device cause : null
2025-08-19 08:01:23,838 [WARN] PackLoader:240 - Cannot read IP mode file for STMicroelectronics.X-CUBE-SUBG2.5.0.0
2025-08-19 08:01:23,972 [WARN] PackLoader:240 - Cannot read IP mode file for STMicroelectronics.X-CUBE-AZRTOS-H7RS.1.1.0
2025-08-19 08:01:23,999 [WARN] PackLoader:240 - Cannot read IP mode file for Cesanta.I-CUBE-Mongoose.7.13.0
2025-08-19 08:01:24,214 [WARN] PackLoader:240 - Cannot read IP mode file for STMicroelectronics.X-CUBE-AZRTOS-G4.2.0.0
2025-08-19 08:01:24,229 [WARN] PackLoader:240 - Cannot read IP mode file for wolfSSL.I-CUBE-wolfSSH.1.4.20
2025-08-19 08:01:24,236 [WARN] PackLoader:240 - Cannot read IP mode file for STMicroelectronics.X-CUBE-NFC7.2.0.0
2025-08-19 08:01:24,297 [WARN] PackLoader:240 - Cannot read IP mode file for STMicroelectronics.X-CUBE-IPS.3.1.0
2025-08-19 08:01:24,314 [WARN] PackLoader:240 - Cannot read IP mode file for STMicroelectronics.X-CUBE-ALS.1.0.2
2025-08-19 08:01:24,339 [WARN] PackLoader:240 - Cannot read IP mode file for portGmbH.I-Cube-SoM-uGOAL.1.1.0
2025-08-19 08:01:24,367 [WARN] PackLoader:240 - Cannot read IP mode file for STMicroelectronics.X-CUBE-TOF1.3.4.3
2025-08-19 08:01:24,382 [INFO] ThirdParty:978 - Integrity check success = true
2025-08-19 08:01:24,383 [INFO] IntegrityCheckThread:100 - exiting critical section [integrity check]
2025-08-19 08:01:24,383 [INFO] IntegrityCheckThread:103 - End integrity checks thread
2025-08-19 09:05:59,416 [ERROR] ConfigurationRetriever:142 - IOException on connection: Read timed out
2025-08-19 16:01:49,202 [INFO] WebApp:194 - Connection lost
2025-08-19 16:01:53,537 [INFO] WebApp:191 - Connection restablished
2025-08-19 16:02:21,194 [ERROR] LogOutputStream:75 - [STDERR_REDIRECT] 16:02:21.191 ERROR Chromium process exit code: 1
2025-08-19 16:02:21,195 [ERROR] LogOutputStream:75 - [STDERR_REDIRECT] 
2025-08-19 16:02:21,198 [ERROR] LogOutputStream:75 - [STDERR_REDIRECT] 16:02:21.195 ERROR Crash dump dir: C:\Users\user\AppData\Local\JxBrowser\7.41.4\CrashReports
2025-08-19 16:02:21,198 [ERROR] LogOutputStream:75 - [STDERR_REDIRECT] 
2025-08-19 16:02:21,201 [ERROR] WebApp:412 - JxBrowser engine crashed! Exit code: 1
