2025-08-14 09:32:38,303 [INFO] Activator:176 - 


2025-08-14 09:32:38,310 [INFO] Activator:177 - !SESSION log4j initialized
2025-08-14 09:32:49,436 [INFO] LogOutputStream:77 - [STDOUT_REDIRECT] 
2025-08-14 09:32:52,166 [INFO] ApplicationProperties:184 - Using Application install path: C:\ST\STM32CubeIDE_1.18.0\STM32CubeIDE\plugins\com.st.stm32cube.common.mx_6.14.0.202502271554
2025-08-14 09:32:52,199 [INFO] DbMcusXml:78 - Set database path to: C:\ST\STM32CubeIDE_1.18.0\STM32CubeIDE\plugins\com.st.stm32cube.common.mx_6.14.0.202502271554\\db\/mcu/
2025-08-14 09:32:52,199 [INFO] ApiDb:274 - Set plugin database path to: C:\ST\STM32CubeIDE_1.18.0\STM32CubeIDE\plugins\com.st.stm32cube.common.mx_6.14.0.202502271554\\db\/plugins/boardmanager/
2025-08-14 09:32:52,199 [WARN] ApiDb:259 - Overriding images path with different value:  => C:\ST\STM32CubeIDE_1.18.0\STM32CubeIDE\plugins\com.st.stm32cube.common.mx_6.14.0.202502271554\\db\/plugins/mcufinder/images/
2025-08-14 09:32:52,215 [INFO] ApiDb:250 - Set database path to: C:\Users\user\.stmcufinder\plugins\mcufinder//mcu/
2025-08-14 09:32:52,215 [INFO] DbMcusAds:125 - Set database path to: C:\Users\user\.stmcufinder\plugins\mcufinder//mcu/
2025-08-14 09:32:52,230 [INFO] CrossReferenceDbSqlite:203 - Set database path to: C:\Users\user\.stmcufinder\plugins\mcufinder//mcu/cs/
2025-08-14 09:32:52,403 [INFO] RulesReader:64 - Compatibility file has been processed (301 Rules)
2025-08-14 09:32:52,519 [INFO] DbMcusXml:78 - Set database path to: C:\ST\STM32CubeIDE_1.18.0\STM32CubeIDE\plugins\com.st.stm32cube.common.mx_6.14.0.202502271554\\db\/mcu/
2025-08-14 09:32:52,519 [INFO] ApiDb:274 - Set plugin database path to: C:\ST\STM32CubeIDE_1.18.0\STM32CubeIDE\plugins\com.st.stm32cube.common.mx_6.14.0.202502271554\\db\/plugins/boardmanager/
2025-08-14 09:32:52,519 [INFO] ApiDb:261 - Set plugin images path to: C:\ST\STM32CubeIDE_1.18.0\STM32CubeIDE\plugins\com.st.stm32cube.common.mx_6.14.0.202502271554\\db\/plugins/mcufinder/images/
2025-08-14 09:32:52,519 [WARN] DbFile:41 - Overriding database path with different value: C:\Users\user\.stmcufinder\plugins\mcufinder/ => C:\Users\user\.stmcufinder\plugins\mcufinder
2025-08-14 09:32:52,519 [INFO] ApiDb:250 - Set database path to: C:\Users\user\.stmcufinder\plugins\mcufinder//mcu/
2025-08-14 09:32:52,519 [WARN] DbFile:41 - Overriding database path with different value: C:\Users\user\.stmcufinder\plugins\mcufinder/ => C:\Users\user\.stmcufinder\plugins\mcufinder
2025-08-14 09:32:52,519 [INFO] DbMcusAds:125 - Set database path to: C:\Users\user\.stmcufinder\plugins\mcufinder//mcu/
2025-08-14 09:32:52,519 [WARN] DbFile:41 - Overriding database path with different value: C:\Users\user\.stmcufinder\plugins\mcufinder/ => C:\Users\user\.stmcufinder\plugins\mcufinder
2025-08-14 09:32:52,519 [WARN] DbFile:41 - Overriding database path with different value: C:\Users\user\.stmcufinder\plugins\mcufinder/ => C:\Users\user\.stmcufinder\plugins\mcufinder
2025-08-14 09:32:52,519 [INFO] CrossReferenceDbSqlite:203 - Set database path to: C:\Users\user\.stmcufinder\plugins\mcufinder//mcu/cs/
2025-08-14 09:32:52,634 [INFO] MainPanel:272 - HeapMemory: 268435456
2025-08-14 09:32:52,784 [INFO] DbMcusXml:78 - Set database path to: C:\ST\STM32CubeIDE_1.18.0\STM32CubeIDE\plugins\com.st.stm32cube.common.mx_6.14.0.202502271554\\db\/mcu/
2025-08-14 09:32:52,784 [INFO] ApiDb:274 - Set plugin database path to: C:\ST\STM32CubeIDE_1.18.0\STM32CubeIDE\plugins\com.st.stm32cube.common.mx_6.14.0.202502271554\\db\/plugins/boardmanager/
2025-08-14 09:32:52,784 [INFO] ApiDb:261 - Set plugin images path to: C:\ST\STM32CubeIDE_1.18.0\STM32CubeIDE\plugins\com.st.stm32cube.common.mx_6.14.0.202502271554\\db\/plugins/mcufinder/images/
2025-08-14 09:32:52,784 [WARN] DbFile:41 - Overriding database path with different value: C:\Users\user\.stmcufinder\plugins\mcufinder/ => C:\Users\user\.stmcufinder\plugins\mcufinder
2025-08-14 09:32:52,784 [INFO] ApiDb:250 - Set database path to: C:\Users\user\.stmcufinder\plugins\mcufinder//mcu/
2025-08-14 09:32:52,784 [WARN] DbFile:41 - Overriding database path with different value: C:\Users\user\.stmcufinder\plugins\mcufinder/ => C:\Users\user\.stmcufinder\plugins\mcufinder
2025-08-14 09:32:52,784 [INFO] DbMcusAds:125 - Set database path to: C:\Users\user\.stmcufinder\plugins\mcufinder//mcu/
2025-08-14 09:32:52,784 [WARN] DbFile:41 - Overriding database path with different value: C:\Users\user\.stmcufinder\plugins\mcufinder/ => C:\Users\user\.stmcufinder\plugins\mcufinder
2025-08-14 09:32:52,784 [WARN] DbFile:41 - Overriding database path with different value: C:\Users\user\.stmcufinder\plugins\mcufinder/ => C:\Users\user\.stmcufinder\plugins\mcufinder
2025-08-14 09:32:52,784 [INFO] CrossReferenceDbSqlite:203 - Set database path to: C:\Users\user\.stmcufinder\plugins\mcufinder//mcu/cs/
2025-08-14 09:32:52,812 [INFO] ApplicationProperties:184 - Using Application install path: C:\ST\STM32CubeIDE_1.18.0\STM32CubeIDE\plugins\com.st.stm32cube.common.mx_6.14.0.202502271554
2025-08-14 09:32:52,812 [INFO] PluginManage:196 - Search for loadable plugins [exclusion list=, ]
2025-08-14 09:32:52,812 [INFO] PluginManage:310 - Check plugin analytics
2025-08-14 09:32:53,095 [INFO] AnalyticsPlugin:253 - Accepted Software Licenses: 
2025-08-14 09:32:53,095 [INFO] AnalyticsPlugin:255 - Accepted CMSIS Pack Licenses: 
2025-08-14 09:32:53,096 [INFO] AnalyticsPlugin:257 - Accepted Firmware Licenses: FW.F4.1.28.0
2025-08-14 09:32:53,100 [INFO] PluginManage:359 - Loaded plugin analytics (category:tool,tabindex:-1)
2025-08-14 09:32:53,100 [INFO] PluginManage:310 - Check plugin cadmodel
2025-08-14 09:32:53,110 [INFO] CADModel:105 - Init CAD model plugin
2025-08-14 09:32:53,110 [INFO] PluginManage:359 - Loaded plugin cadmodel (category:power,tabindex:5)
2025-08-14 09:32:53,110 [INFO] PluginManage:310 - Check plugin clock
2025-08-14 09:32:53,118 [INFO] PluginManage:359 - Loaded plugin clock (category:base,tabindex:2)
2025-08-14 09:32:53,118 [INFO] PluginManage:310 - Check plugin ddr
2025-08-14 09:32:53,134 [INFO] PluginManage:359 - Loaded plugin ddr (category:tool,tabindex:6)
2025-08-14 09:32:53,134 [INFO] PluginManage:310 - Check plugin filemanager
2025-08-14 09:32:53,375 [INFO] PluginManage:359 - Loaded plugin filemanager (category:base,tabindex:10)
2025-08-14 09:32:53,375 [INFO] PluginManage:310 - Check plugin ipmanager
2025-08-14 09:32:53,391 [INFO] PluginManage:359 - Loaded plugin ipmanager (category:base,tabindex:5)
2025-08-14 09:32:53,391 [INFO] PluginManage:310 - Check plugin lpbam
2025-08-14 09:32:53,406 [INFO] PluginManage:359 - Loaded plugin lpbam (category:base,tabindex:0)
2025-08-14 09:32:53,408 [INFO] PluginManage:310 - Check plugin memorymap
2025-08-14 09:32:53,424 [INFO] PluginManage:359 - Loaded plugin memorymap (category:base,tabindex:4)
2025-08-14 09:32:53,424 [INFO] PluginManage:310 - Check plugin pinoutandconfiguration
2025-08-14 09:32:53,446 [INFO] PluginManage:359 - Loaded plugin pinoutandconfiguration (category:base,tabindex:1)
2025-08-14 09:32:53,447 [INFO] PluginManage:310 - Check plugin pinoutconfig
2025-08-14 09:32:53,585 [WARN] SupportedApi:132 - Cannot load RTOS API schema: s4s-elt-must-match.1: The content of 'definitions' must match (annotation?, (simpleType | complexType)?, (unique | key | keyref)*)). A problem was found starting at: attribute.
2025-08-14 09:32:53,761 [INFO] PluginManage:359 - Loaded plugin pinoutconfig (category:base,tabindex:0)
2025-08-14 09:32:53,761 [INFO] PluginManage:310 - Check plugin power
2025-08-14 09:32:53,772 [INFO] PluginManage:359 - Loaded plugin power (category:power,tabindex:4)
2025-08-14 09:32:53,772 [INFO] PluginManage:310 - Check plugin projectmanager
2025-08-14 09:32:53,803 [INFO] PluginManage:359 - Loaded plugin projectmanager (category:projectmanager,tabindex:4)
2025-08-14 09:32:53,804 [INFO] PluginManage:310 - Check plugin rif
2025-08-14 09:32:53,804 [INFO] PluginManage:359 - Loaded plugin rif (category:base,tabindex:3)
2025-08-14 09:32:53,804 [INFO] PluginManage:310 - Check plugin thirdparty
2025-08-14 09:32:54,005 [WARN] IntegrityCheckThread:84 - waiting for thirdparty lock release [integrity check]
2025-08-14 09:32:54,005 [INFO] PluginManage:359 - Loaded plugin thirdparty (category:base,tabindex:-1)
2025-08-14 09:32:54,013 [INFO] PluginManage:310 - Check plugin tools
2025-08-14 09:32:54,013 [INFO] IntegrityCheckThread:86 - entering critical section [integrity check]
2025-08-14 09:32:54,014 [INFO] ThirdPartyUpdaterWithRetryManager:70 - Updater plugin not ready yet. [1/15]
2025-08-14 09:32:54,018 [INFO] PluginManage:359 - Loaded plugin tools (category:base,tabindex:7)
2025-08-14 09:32:54,018 [INFO] PluginManage:310 - Check plugin tutovideos
2025-08-14 09:32:54,357 [INFO] PluginManage:359 - Loaded plugin tutovideos (category:base,tabindex:-1)
2025-08-14 09:32:54,357 [INFO] PluginManage:310 - Check plugin updater
2025-08-14 09:32:54,401 [INFO] PluginManage:359 - Loaded plugin updater (category:base,tabindex:12)
2025-08-14 09:32:54,401 [INFO] PluginManage:310 - Check plugin userauth
2025-08-14 09:32:54,404 [INFO] UserAuth:118 - Init User Auth plugin
2025-08-14 09:32:54,404 [INFO] PluginManage:359 - Loaded plugin userauth (category:base,tabindex:14)
2025-08-14 09:32:54,404 [INFO] PluginManage:283 - PluginManage : Loaded plugins [18]
2025-08-14 09:32:54,708 [INFO] PinOutPanel:1589 - setPackage(No Configuration,No Configuration)
2025-08-14 09:32:54,833 [INFO] CADModel:165 - CPN selected for project level
2025-08-14 09:32:54,833 [INFO] CADModel:114 - Register for checkConnection events
2025-08-14 09:32:54,848 [INFO] IPUIPlugin:80 - create IPUIPlugin
2025-08-14 09:32:54,848 [INFO] PluginManager:220 - loadIPPluginJar : add adc
2025-08-14 09:32:54,866 [INFO] IPUIPlugin:80 - create IPUIPlugin
2025-08-14 09:32:54,866 [INFO] PluginManager:220 - loadIPPluginJar : add aes
2025-08-14 09:32:54,866 [INFO] IPUIPlugin:80 - create IPUIPlugin
2025-08-14 09:32:54,866 [INFO] PluginManager:220 - loadIPPluginJar : add can
2025-08-14 09:32:54,866 [INFO] IPUIPlugin:80 - create IPUIPlugin
2025-08-14 09:32:54,866 [INFO] PluginManager:220 - loadIPPluginJar : add comp
2025-08-14 09:32:54,866 [INFO] IPUIPlugin:80 - create IPUIPlugin
2025-08-14 09:32:54,866 [INFO] PluginManager:220 - loadIPPluginJar : add cryp
2025-08-14 09:32:54,881 [INFO] IPUIPlugin:80 - create IPUIPlugin
2025-08-14 09:32:54,881 [INFO] PluginManager:220 - loadIPPluginJar : add ddr_ctrl_phy
2025-08-14 09:32:54,881 [INFO] IPUIPlugin:80 - create IPUIPlugin
2025-08-14 09:32:54,881 [INFO] PluginManager:220 - loadIPPluginJar : add dfsdm
2025-08-14 09:32:54,897 [INFO] IPUIPlugin:80 - create IPUIPlugin
2025-08-14 09:32:54,898 [INFO] PluginManager:220 - loadIPPluginJar : add dma
2025-08-14 09:32:54,898 [INFO] IPUIPlugin:80 - create IPUIPlugin
2025-08-14 09:32:54,898 [INFO] PluginManager:220 - loadIPPluginJar : add dma3
2025-08-14 09:32:54,898 [INFO] IPUIPlugin:80 - create IPUIPlugin
2025-08-14 09:32:54,898 [INFO] PluginManager:220 - loadIPPluginJar : add extmemmanager
2025-08-14 09:32:54,898 [INFO] IPUIPlugin:80 - create IPUIPlugin
2025-08-14 09:32:54,898 [INFO] PluginManager:220 - loadIPPluginJar : add fatfs
2025-08-14 09:32:54,914 [INFO] IPUIPlugin:80 - create IPUIPlugin
2025-08-14 09:32:54,915 [INFO] PluginManager:220 - loadIPPluginJar : add fmc
2025-08-14 09:32:54,918 [INFO] IPUIPlugin:80 - create IPUIPlugin
2025-08-14 09:32:54,918 [INFO] PluginManager:220 - loadIPPluginJar : add freertos
2025-08-14 09:32:54,918 [INFO] IPUIPlugin:80 - create IPUIPlugin
2025-08-14 09:32:54,918 [INFO] PluginManager:220 - loadIPPluginJar : add genericplugin
2025-08-14 09:32:54,918 [INFO] IPUIPlugin:80 - create IPUIPlugin
2025-08-14 09:32:54,918 [INFO] PluginManager:220 - loadIPPluginJar : add gfxmmu
2025-08-14 09:32:54,937 [INFO] IPUIPlugin:80 - create IPUIPlugin
2025-08-14 09:32:54,937 [INFO] PluginManager:220 - loadIPPluginJar : add gic
2025-08-14 09:32:54,937 [INFO] IPUIPlugin:80 - create IPUIPlugin
2025-08-14 09:32:54,937 [INFO] PluginManager:220 - loadIPPluginJar : add gpio
2025-08-14 09:32:54,953 [INFO] IPUIPlugin:80 - create IPUIPlugin
2025-08-14 09:32:54,953 [INFO] PluginManager:220 - loadIPPluginJar : add gtzc
2025-08-14 09:32:54,954 [INFO] IPUIPlugin:80 - create IPUIPlugin
2025-08-14 09:32:54,954 [INFO] PluginManager:220 - loadIPPluginJar : add hash
2025-08-14 09:32:54,954 [INFO] IPUIPlugin:80 - create IPUIPlugin
2025-08-14 09:32:54,954 [INFO] PluginManager:220 - loadIPPluginJar : add i2c
2025-08-14 09:32:54,954 [INFO] IPUIPlugin:80 - create IPUIPlugin
2025-08-14 09:32:54,954 [INFO] PluginManager:220 - loadIPPluginJar : add i2s
2025-08-14 09:32:54,969 [INFO] IPUIPlugin:80 - create IPUIPlugin
2025-08-14 09:32:54,969 [INFO] PluginManager:220 - loadIPPluginJar : add i3c
2025-08-14 09:32:54,969 [INFO] IPUIPlugin:80 - create IPUIPlugin
2025-08-14 09:32:54,969 [INFO] PluginManager:220 - loadIPPluginJar : add ipddr
2025-08-14 09:32:54,985 [INFO] IPUIPlugin:80 - create IPUIPlugin
2025-08-14 09:32:54,985 [INFO] PluginManager:220 - loadIPPluginJar : add linkedlist
2025-08-14 09:32:54,985 [INFO] IPUIPlugin:80 - create IPUIPlugin
2025-08-14 09:32:54,985 [INFO] PluginManager:220 - loadIPPluginJar : add lorawan
2025-08-14 09:32:54,985 [INFO] IPUIPlugin:80 - create IPUIPlugin
2025-08-14 09:32:54,985 [INFO] PluginManager:220 - loadIPPluginJar : add ltdc
2025-08-14 09:32:55,003 [INFO] IPUIPlugin:80 - create IPUIPlugin
2025-08-14 09:32:55,003 [INFO] PluginManager:220 - loadIPPluginJar : add mdma
2025-08-14 09:32:55,011 [INFO] IPUIPlugin:80 - create IPUIPlugin
2025-08-14 09:32:55,011 [INFO] PluginManager:220 - loadIPPluginJar : add nvic
2025-08-14 09:32:55,018 [INFO] IPUIPlugin:80 - create IPUIPlugin
2025-08-14 09:32:55,018 [INFO] PluginManager:220 - loadIPPluginJar : add opamp
2025-08-14 09:32:55,018 [INFO] IPUIPlugin:80 - create IPUIPlugin
2025-08-14 09:32:55,018 [INFO] PluginManager:220 - loadIPPluginJar : add openamp
2025-08-14 09:32:55,018 [INFO] IPUIPlugin:80 - create IPUIPlugin
2025-08-14 09:32:55,018 [INFO] PluginManager:220 - loadIPPluginJar : add pdm2pcm
2025-08-14 09:32:55,034 [INFO] IPUIPlugin:80 - create IPUIPlugin
2025-08-14 09:32:55,034 [INFO] PluginManager:220 - loadIPPluginJar : add plateformsettings
2025-08-14 09:32:55,034 [INFO] IPUIPlugin:80 - create IPUIPlugin
2025-08-14 09:32:55,034 [INFO] PluginManager:220 - loadIPPluginJar : add quadspi
2025-08-14 09:32:55,050 [INFO] IPUIPlugin:80 - create IPUIPlugin
2025-08-14 09:32:55,050 [INFO] PluginManager:220 - loadIPPluginJar : add radio
2025-08-14 09:32:55,057 [INFO] IPUIPlugin:80 - create IPUIPlugin
2025-08-14 09:32:55,057 [INFO] PluginManager:220 - loadIPPluginJar : add resmgrutility
2025-08-14 09:32:55,057 [INFO] IPUIPlugin:80 - create IPUIPlugin
2025-08-14 09:32:55,057 [INFO] PluginManager:220 - loadIPPluginJar : add sai
2025-08-14 09:32:55,070 [INFO] IPUIPlugin:80 - create IPUIPlugin
2025-08-14 09:32:55,070 [INFO] PluginManager:220 - loadIPPluginJar : add spi
2025-08-14 09:32:55,073 [INFO] IPUIPlugin:80 - create IPUIPlugin
2025-08-14 09:32:55,073 [INFO] PluginManager:220 - loadIPPluginJar : add stm32_wpan
2025-08-14 09:32:55,073 [INFO] IPUIPlugin:80 - create IPUIPlugin
2025-08-14 09:32:55,073 [INFO] PluginManager:220 - loadIPPluginJar : add tim
2025-08-14 09:32:55,087 [INFO] IPUIPlugin:80 - create IPUIPlugin
2025-08-14 09:32:55,087 [INFO] PluginManager:220 - loadIPPluginJar : add touchsensing
2025-08-14 09:32:55,087 [INFO] IPUIPlugin:80 - create IPUIPlugin
2025-08-14 09:32:55,087 [INFO] PluginManager:220 - loadIPPluginJar : add tracer_emb
2025-08-14 09:32:55,087 [INFO] IPUIPlugin:80 - create IPUIPlugin
2025-08-14 09:32:55,087 [INFO] PluginManager:220 - loadIPPluginJar : add ts
2025-08-14 09:32:55,087 [INFO] IPUIPlugin:80 - create IPUIPlugin
2025-08-14 09:32:55,087 [INFO] PluginManager:220 - loadIPPluginJar : add tsc
2025-08-14 09:32:55,101 [INFO] IPUIPlugin:80 - create IPUIPlugin
2025-08-14 09:32:55,101 [INFO] PluginManager:220 - loadIPPluginJar : add ucpd
2025-08-14 09:32:55,101 [INFO] IPUIPlugin:80 - create IPUIPlugin
2025-08-14 09:32:55,101 [INFO] PluginManager:220 - loadIPPluginJar : add usart
2025-08-14 09:32:55,101 [INFO] IPUIPlugin:80 - create IPUIPlugin
2025-08-14 09:32:55,101 [INFO] PluginManager:220 - loadIPPluginJar : add usbx
2025-08-14 09:32:55,262 [FATAL] Updater:351 - Updater called before beeing initialized
2025-08-14 09:32:55,304 [INFO] RulesReader:64 - Compatibility file has been processed (301 Rules)
2025-08-14 09:32:55,319 [INFO] RulesReader:64 - Compatibility file has been processed (301 Rules)
2025-08-14 09:32:55,332 [INFO] CADModel:165 - CPN selected for project level
2025-08-14 09:32:55,332 [INFO] CADModel:114 - Register for checkConnection events
2025-08-14 09:32:55,332 [FATAL] Updater:351 - Updater called before beeing initialized
2025-08-14 09:32:55,332 [ERROR] CADModel:125 - Updater not yet initialized, retry later 
2025-08-14 09:32:55,545 [FATAL] Updater:351 - Updater called before beeing initialized
2025-08-14 09:32:55,553 [INFO] CADModel:165 - CPN selected for project level
2025-08-14 09:32:55,553 [INFO] CADModel:114 - Register for checkConnection events
2025-08-14 09:32:55,553 [FATAL] Updater:351 - Updater called before beeing initialized
2025-08-14 09:32:55,553 [ERROR] CADModel:125 - Updater not yet initialized, retry later 
2025-08-14 09:32:55,553 [FATAL] Updater:351 - Updater called before beeing initialized
2025-08-14 09:32:55,713 [FATAL] Updater:351 - Updater called before beeing initialized
2025-08-14 09:32:55,729 [INFO] DbMcusAds:53 - JSON generation date=Tue Jul 08 13:44:23 IST 2025 (1751962463582)
2025-08-14 09:32:55,729 [FATAL] Updater:351 - Updater called before beeing initialized
2025-08-14 09:32:55,800 [WARN] DetailPanel:346 - Failed to get advertising image, set to default
2025-08-14 09:32:56,137 [FATAL] Updater:351 - Updater called before beeing initialized
2025-08-14 09:32:56,139 [FATAL] Updater:351 - Updater called before beeing initialized
2025-08-14 09:32:56,139 [FATAL] Updater:351 - Updater called before beeing initialized
2025-08-14 09:32:56,139 [WARN] DetailPanel:346 - Failed to get advertising image, set to default
2025-08-14 09:32:56,141 [FATAL] Updater:351 - Updater called before beeing initialized
2025-08-14 09:32:56,205 [ERROR] Updater:1198 - MainUpdater not yet initialized. External WinMGr cannot be set.
2025-08-14 09:32:56,205 [INFO] Updater:1134 - Updater Version found : 6.14.0
2025-08-14 09:32:56,221 [INFO] ApplicationProperties:184 - Using Application install path: C:\ST\STM32CubeIDE_1.18.0\STM32CubeIDE\plugins\com.st.stm32cube.common.mx_6.14.0.202502271554
2025-08-14 09:32:57,025 [INFO] ThirdPartyUpdaterWithRetryManager:70 - Updater plugin not ready yet. [2/15]
2025-08-14 09:32:57,827 [ERROR] LogOutputStream:75 - [STDERR_REDIRECT] Aug 14, 2025 9:32:57 AM java.util.prefs.WindowsPreferences <init>
2025-08-14 09:32:57,827 [ERROR] LogOutputStream:75 - [STDERR_REDIRECT] WARNING: Could not open/create prefs root node Software\JavaSoft\Prefs at root 0xffffffff80000002. Windows RegCreateKeyEx(...) returned error code 5.
2025-08-14 09:32:57,827 [ERROR] LogOutputStream:75 - [STDERR_REDIRECT] 
2025-08-14 09:32:58,276 [INFO] MainUpdater:2872 - connection check result : 10
2025-08-14 09:32:58,277 [INFO] MainUpdater:289 - Updater Check For Update Now.
2025-08-14 09:32:58,277 [INFO] MicroXplorer:498 - Change Database Version : DB.6.0.140
2025-08-14 09:32:58,281 [INFO] McuFinderGlobals:63 - Set McuFinder mode to 2 (CubeIDE integrated)
2025-08-14 09:32:58,288 [INFO] UserAuth:486 - Internet connection configuration mode: 1
2025-08-14 09:32:58,351 [INFO] JxBrowserEngine:152 - Initiate JxBrowser Engine with user profile folder
2025-08-14 09:32:58,525 [INFO] CheckServerUpdateThread:120 - End of CheckServer Thread
2025-08-14 09:33:00,557 [WARN] PackLoader:240 - Cannot read IP mode file for STMicroelectronics.FP-SNS-MOTENVWB1.1.4.0
2025-08-14 09:33:00,567 [INFO] WebApp:169 - Instantiating new browser for Auth
2025-08-14 09:33:00,579 [WARN] PackLoader:240 - Cannot read IP mode file for STMicroelectronics.FP-ATR-ASTRA1.2.0.2
2025-08-14 09:33:00,592 [WARN] PackLoader:240 - Cannot read IP mode file for STMicroelectronics.X-CUBE-SMBUS.2.1.0
2025-08-14 09:33:00,608 [WARN] PackLoader:240 - Cannot read IP mode file for STMicroelectronics.X-CUBE-ST60.1.0.0
2025-08-14 09:33:00,693 [WARN] PackLoader:240 - Cannot read IP mode file for STMicroelectronics.X-CUBE-AZRTOS-F7.1.1.0
2025-08-14 09:33:00,838 [WARN] PackLoader:240 - Cannot read IP mode file for Infineon.AIROC-Wi-Fi-Bluetooth-STM32.1.7.1
2025-08-14 09:33:00,925 [WARN] PackLoader:240 - Cannot read IP mode file for STMicroelectronics.X-CUBE-AZRTOS-H7.3.4.0
2025-08-14 09:33:00,977 [WARN] PackLoader:240 - Cannot read IP mode file for STMicroelectronics.X-CUBE-DISPLAY.3.0.0
2025-08-14 09:33:01,038 [WARN] PackLoader:240 - Cannot read IP mode file for STMicroelectronics.X-CUBE-NFC10.1.0.0
2025-08-14 09:33:01,056 [WARN] PackLoader:240 - Cannot read IP mode file for emotas.I-CUBE-CANOPEN.1.3.0
2025-08-14 09:33:01,070 [ERROR] Engine:466 - C:\Users\user\.stm32cubemx\thirdparties\pdsc\STMicroelectronics.FP-SNS-STBOX1.2.1.0.pdsc: PDSC version is not supported
2025-08-14 09:33:01,081 [WARN] PackLoader:240 - Cannot read IP mode file for STMicroelectronics.FP-SNS-SMARTAG2.1.2.0
2025-08-14 09:33:01,092 [WARN] PackLoader:240 - Cannot read IP mode file for STMicroelectronics.FP-SNS-FLIGHT1.5.1.0
2025-08-14 09:33:01,452 [INFO] LogOutputStream:77 - [STDOUT_REDIRECT] 1 : Invalid condition id : UX_CORESTACK_Condition cause : null
2025-08-14 09:33:01,453 [INFO] LogOutputStream:77 - [STDOUT_REDIRECT] 1 : Invalid condition id : UX_CORESTACK_Condition cause : null
2025-08-14 09:33:01,453 [INFO] LogOutputStream:77 - [STDOUT_REDIRECT] 1 : Invalid condition id : UX_CORESTACK_Condition cause : null
2025-08-14 09:33:01,453 [INFO] LogOutputStream:77 - [STDOUT_REDIRECT] 1 : Invalid condition id : UX_CORESTACK_Condition cause : null
2025-08-14 09:33:01,453 [INFO] LogOutputStream:77 - [STDOUT_REDIRECT] 1 : Invalid condition id : UX_CORESTACK_Condition cause : null
2025-08-14 09:33:01,453 [WARN] PackLoader:240 - Cannot read IP mode file for STMicroelectronics.X-CUBE-AZRTOS-WL.2.0.0
2025-08-14 09:33:01,553 [WARN] PackLoader:240 - Cannot read IP mode file for STMicroelectronics.FP-SNS-MOTENV1.5.0.0
2025-08-14 09:33:01,570 [WARN] PackLoader:240 - Cannot read IP mode file for WES.I-CUBE-Cesium.1.3.0
2025-08-14 09:33:01,581 [WARN] PackLoader:240 - Cannot read IP mode file for STMicroelectronics.X-CUBE-BLE2.3.3.0
2025-08-14 09:33:01,596 [WARN] PackLoader:240 - Cannot read IP mode file for STMicroelectronics.X-CUBE-NFC9.1.0.0
2025-08-14 09:33:01,610 [WARN] PackLoader:240 - Cannot read IP mode file for wolfSSL.I-CUBE-wolfSSL.5.8.2
2025-08-14 09:33:01,623 [WARN] PackLoader:240 - Cannot read IP mode file for STMicroelectronics.X-CUBE-BLE1.7.1.0
2025-08-14 09:33:01,629 [WARN] PackLoader:240 - Cannot read IP mode file for wolfSSL.I-CUBE-wolfMQTT.1.19.2
2025-08-14 09:33:01,632 [WARN] PackLoader:240 - Cannot read IP mode file for STMicroelectronics.X-CUBE-EEPRMA1.5.2.0
2025-08-14 09:33:01,657 [WARN] PackLoader:240 - Cannot read IP mode file for STMicroelectronics.X-CUBE-AI.10.1.0
2025-08-14 09:33:01,673 [WARN] PackLoader:240 - Cannot read IP mode file for STMicroelectronics.X-CUBE-AZRTOS-G0.1.1.0
2025-08-14 09:33:01,696 [WARN] PackLoader:240 - Cannot read IP mode file for STMicroelectronics.X-CUBE-SAFEA1.1.2.2
2025-08-14 09:33:01,707 [WARN] PackLoader:240 - Cannot read IP mode file for STMicroelectronics.X-CUBE-NFC4.3.0.0
2025-08-14 09:33:01,724 [WARN] PackLoader:240 - Cannot read IP mode file for EmbeddedOffice.I-CUBE-FS-RTOS.1.0.1
2025-08-14 09:33:01,753 [WARN] PackLoader:240 - Cannot read IP mode file for STMicroelectronics.X-CUBE-WB05N.2.0.0
2025-08-14 09:33:01,759 [WARN] PackLoader:240 - Cannot read IP mode file for wolfSSL.I-CUBE-wolfTPM.3.8.0
2025-08-14 09:33:01,767 [WARN] PackLoader:240 - Cannot read IP mode file for STMicroelectronics.X-CUBE-TCPP.4.2.0
2025-08-14 09:33:01,784 [WARN] PackLoader:240 - Cannot read IP mode file for RealThread.X-CUBE-RT-Thread_Nano.4.1.1
2025-08-14 09:33:01,791 [WARN] PackLoader:240 - Cannot read IP mode file for STMicroelectronics.FP-ATR-SIGFOX1.3.2.0
2025-08-14 09:33:01,797 [WARN] PackLoader:240 - Cannot read IP mode file for ITTIA_DB.I-CUBE-ITTIADB.8.9.0
2025-08-14 09:33:01,808 [WARN] PackLoader:240 - Cannot read IP mode file for STMicroelectronics.X-CUBE-ST67W61.1.0.0
2025-08-14 09:33:01,814 [WARN] PackLoader:240 - Cannot read IP mode file for STMicroelectronics.X-CUBE-AI.10.2.0
2025-08-14 09:33:01,882 [WARN] PackLoader:240 - Cannot read IP mode file for SEGGER.I-CUBE-embOS.1.3.1
2025-08-14 09:33:01,963 [WARN] PackLoader:240 - Cannot read IP mode file for STMicroelectronics.X-CUBE-ALGOBUILD.1.4.0
2025-08-14 09:33:02,062 [WARN] PackLoader:240 - Cannot read IP mode file for STMicroelectronics.X-CUBE-MEMS1.11.3.0
2025-08-14 09:33:02,945 [WARN] PackLoader:240 - Cannot read IP mode file for STMicroelectronics.X-CUBE-PM33A1.1.0.0
2025-08-14 09:33:02,969 [WARN] PackLoader:240 - Cannot read IP mode file for STMicroelectronics.X-CUBE-AZRTOS-F4.1.1.0
2025-08-14 09:33:02,984 [WARN] PackLoader:240 - Cannot read IP mode file for STMicroelectronics.X-CUBE-ISPU.2.1.0
2025-08-14 09:33:02,994 [WARN] PackLoader:240 - Cannot read IP mode file for STMicroelectronics.X-CUBE-NFC12.1.0.0
2025-08-14 09:33:03,031 [WARN] PackLoader:240 - Cannot read IP mode file for STMicroelectronics.X-CUBE-AZRTOS-L5.2.0.0
2025-08-14 09:33:03,047 [WARN] PackLoader:240 - Cannot read IP mode file for STMicroelectronics.X-CUBE-NFC6.3.1.0
2025-08-14 09:33:03,073 [WARN] PackLoader:240 - Cannot read IP mode file for STMicroelectronics.X-CUBE-FREERTOS.1.3.1
2025-08-14 09:33:03,112 [WARN] PackLoader:240 - Cannot read IP mode file for STMicroelectronics.FP-SNS-STAIOTCFT.1.0.0
2025-08-14 09:33:03,119 [WARN] PackLoader:240 - Cannot read IP mode file for STMicroelectronics.X-CUBE-DPower.1.3.0
2025-08-14 09:33:03,138 [WARN] ConditionMgr:438 - getConditionDescription Invalid condition id : LAN8742 Phy interface Condition cause : null
2025-08-14 09:33:03,138 [WARN] PackLoader:240 - Cannot read IP mode file for STMicroelectronics.X-CUBE-AZRTOS-L4.2.0.0
2025-08-14 09:33:03,138 [WARN] ConditionMgr:1044 - genDependencies : Invalid condition id : LAN8742 Phy interface Condition cause : null
2025-08-14 09:33:03,144 [WARN] ConditionMgr:1044 - genDependencies : Invalid condition id : LAN8742 Phy interface Condition cause : null
2025-08-14 09:33:03,145 [WARN] ConditionMgr:1044 - genDependencies : Invalid condition id : LAN8742 Phy interface Condition cause : null
2025-08-14 09:33:03,175 [WARN] PackLoader:240 - Cannot read IP mode file for STMicroelectronics.X-CUBE-SFXS2LP1.4.0.0
2025-08-14 09:33:03,194 [WARN] PackLoader:240 - Cannot read IP mode file for STMicroelectronics.X-CUBE-BLEMGR.4.1.0
2025-08-14 09:33:03,232 [WARN] ConditionMgr:438 - getConditionDescription Invalid condition id : UX DEVICE CLASS RTOS Condition cause : null
2025-08-14 09:33:03,233 [WARN] ConditionMgr:438 - getConditionDescription Invalid condition id : UX DEVICE CLASS RTOS Condition cause : null
2025-08-14 09:33:03,234 [WARN] PackLoader:240 - Cannot read IP mode file for STMicroelectronics.X-CUBE-AZRTOS-WB.2.0.0
2025-08-14 09:33:03,234 [WARN] ConditionMgr:1044 - genDependencies : Invalid condition id : UX DEVICE CLASS RTOS Condition cause : null
2025-08-14 09:33:03,234 [WARN] ConditionMgr:1044 - genDependencies : Invalid condition id : UX DEVICE CLASS RTOS Condition cause : null
2025-08-14 09:33:03,234 [WARN] ConditionMgr:1044 - genDependencies : Invalid condition id : UX DEVICE CLASS RTOS Condition cause : null
2025-08-14 09:33:03,234 [WARN] ConditionMgr:1044 - genDependencies : Invalid condition id : UX DEVICE CLASS RTOS Condition cause : null
2025-08-14 09:33:03,234 [WARN] ConditionMgr:1044 - genDependencies : Invalid condition id : UX DEVICE CLASS RTOS Condition cause : null
2025-08-14 09:33:03,265 [WARN] PackLoader:240 - Cannot read IP mode file for STMicroelectronics.X-CUBE-GNSS1.7.0.1
2025-08-14 09:33:03,284 [WARN] PackLoader:240 - Cannot read IP mode file for STMicroelectronics.X-CUBE-TOUCHGFX.4.25.0
2025-08-14 09:33:03,292 [WARN] PackLoader:240 - Cannot read IP mode file for STMicroelectronics.FP-SNS-STBOX1.2.0.0
2025-08-14 09:33:03,300 [WARN] ConditionMgr:438 - getConditionDescription Invalid condition id : Cortex-A Device cause : null
2025-08-14 09:33:03,325 [WARN] ConditionMgr:1044 - genDependencies : Invalid condition id : Cortex-A Device cause : null
2025-08-14 09:33:03,325 [WARN] ConditionMgr:1044 - genDependencies : Invalid condition id : Cortex-A Device cause : null
2025-08-14 09:33:03,325 [WARN] ConditionMgr:1044 - genDependencies : Invalid condition id : Cortex-A Device cause : null
2025-08-14 09:33:03,331 [WARN] PackLoader:240 - Cannot read IP mode file for STMicroelectronics.X-CUBE-SUBG2.5.0.0
2025-08-14 09:33:03,367 [WARN] PackLoader:240 - Cannot read IP mode file for STMicroelectronics.X-CUBE-AZRTOS-H7RS.1.1.0
2025-08-14 09:33:03,389 [WARN] PackLoader:240 - Cannot read IP mode file for Cesanta.I-CUBE-Mongoose.7.13.0
2025-08-14 09:33:03,407 [WARN] PackLoader:240 - Cannot read IP mode file for STMicroelectronics.X-CUBE-AZRTOS-G4.2.0.0
2025-08-14 09:33:03,413 [WARN] PackLoader:240 - Cannot read IP mode file for wolfSSL.I-CUBE-wolfSSH.1.4.20
2025-08-14 09:33:03,420 [WARN] PackLoader:240 - Cannot read IP mode file for STMicroelectronics.X-CUBE-NFC7.2.0.0
2025-08-14 09:33:03,441 [WARN] PackLoader:240 - Cannot read IP mode file for STMicroelectronics.X-CUBE-IPS.3.1.0
2025-08-14 09:33:03,455 [WARN] PackLoader:240 - Cannot read IP mode file for STMicroelectronics.X-CUBE-ALS.1.0.2
2025-08-14 09:33:03,463 [WARN] PackLoader:240 - Cannot read IP mode file for portGmbH.I-Cube-SoM-uGOAL.1.1.0
2025-08-14 09:33:03,480 [WARN] PackLoader:240 - Cannot read IP mode file for STMicroelectronics.X-CUBE-TOF1.3.4.3
2025-08-14 09:33:03,494 [INFO] ThirdParty:978 - Integrity check success = true
2025-08-14 09:33:03,494 [INFO] IntegrityCheckThread:100 - exiting critical section [integrity check]
2025-08-14 09:33:03,495 [INFO] IntegrityCheckThread:103 - End integrity checks thread
2025-08-14 09:33:03,989 [INFO] WebApp:463 - Apply proxy settings
2025-08-14 09:33:03,990 [INFO] WebApp:548 - Chromium requires no authentication
2025-08-14 09:33:04,078 [INFO] WebApp:491 - Direct internet connection detected
2025-08-14 09:33:04,187 [INFO] WebApp:894 - Register for checkConnection events
2025-08-14 09:33:04,187 [INFO] WebApp:463 - Apply proxy settings
2025-08-14 09:33:04,187 [INFO] WebApp:548 - Chromium requires no authentication
2025-08-14 09:33:04,189 [INFO] WebApp:491 - Direct internet connection detected
2025-08-14 09:33:04,634 [INFO] WebApp:191 - Connection restablished
2025-08-14 09:33:04,865 [INFO] WebApp:225 - Starting web application
2025-08-14 09:33:04,865 [INFO] WebApp:593 - Web application path used C:\ST\STM32CubeIDE_1.18.0\STM32CubeIDE\plugins\com.st.stm32cube.common.mx_6.14.0.202502271554\db\plugins\mcufinder\reactClient1\index.html
2025-08-14 09:33:05,221 [INFO] UserAuth:486 - Internet connection configuration mode: 1
2025-08-14 13:05:08,800 [INFO] WebApp:194 - Connection lost
2025-08-14 13:05:09,549 [INFO] WebApp:191 - Connection restablished
2025-08-14 13:11:26,659 [INFO] WebApp:194 - Connection lost
2025-08-14 13:11:26,999 [INFO] WebApp:191 - Connection restablished
2025-08-14 14:44:20,174 [INFO] WebApp:194 - Connection lost
2025-08-14 14:44:33,992 [INFO] WebApp:191 - Connection restablished
2025-08-14 14:44:34,676 [INFO] WebApp:194 - Connection lost
2025-08-14 14:44:35,370 [INFO] WebApp:191 - Connection restablished
2025-08-14 14:52:07,197 [INFO] WebApp:194 - Connection lost
2025-08-14 14:52:12,355 [INFO] WebApp:191 - Connection restablished
2025-08-14 18:55:47,663 [INFO] WebApp:194 - Connection lost
2025-08-14 18:55:48,115 [INFO] WebApp:191 - Connection restablished
2025-08-14 18:55:51,193 [INFO] WebApp:194 - Connection lost
2025-08-14 18:55:51,458 [INFO] WebApp:191 - Connection restablished
2025-08-14 19:42:48,755 [INFO] WebApp:194 - Connection lost
2025-08-14 19:42:49,312 [INFO] WebApp:191 - Connection restablished
2025-08-14 19:52:55,171 [INFO] WebApp:194 - Connection lost
2025-08-14 19:52:55,556 [INFO] WebApp:191 - Connection restablished
2025-08-14 20:36:09,360 [INFO] WebApp:194 - Connection lost
2025-08-14 20:36:09,836 [INFO] WebApp:191 - Connection restablished
2025-08-14 20:39:01,679 [INFO] WebApp:194 - Connection lost
2025-08-14 20:39:02,062 [INFO] WebApp:191 - Connection restablished
2025-08-14 20:41:15,182 [INFO] WebApp:194 - Connection lost
2025-08-14 20:41:15,572 [INFO] WebApp:191 - Connection restablished
2025-08-14 20:53:46,671 [INFO] WebApp:194 - Connection lost
2025-08-14 20:53:47,010 [INFO] WebApp:191 - Connection restablished
2025-08-14 23:10:34,632 [ERROR] LogOutputStream:75 - [STDERR_REDIRECT] 
