18:18:50 **** Incremental Build of configuration Debug for project P_23_RTC_Alarm_Standby ****
make -j4 all 
arm-none-eabi-gcc "../Core/Src/msp.c" -mcpu=cortex-m4 -std=gnu11 -g3 -DDEBUG -DUSE_HAL_DRIVER -DSTM32F411xE -c -I../Core/Inc -I../Drivers/STM32F4xx_HAL_Driver/Inc -I../Drivers/STM32F4xx_HAL_Driver/Inc/Legacy -I../Drivers/CMSIS/Device/ST/STM32F4xx/Include -I../Drivers/CMSIS/Include -O0 -ffunction-sections -fdata-sections -Wall -fstack-usage -fcyclomatic-complexity -MMD -MP -MF"Core/Src/msp.d" -MT"Core/Src/msp.o" --specs=nano.specs -mfpu=fpv4-sp-d16 -mfloat-abi=hard -mthumb -o "Core/Src/msp.o"
arm-none-eabi-gcc -o "P_23_RTC_Alarm_Standby.elf" @"objects.list"   -mcpu=cortex-m4 -T"D:\MUC2\P_23_RTC_Alarm_Standby\STM32F411CEUX_FLASH.ld" --specs=nosys.specs -Wl,-Map="P_23_RTC_Alarm_Standby.map" -Wl,--gc-sections -static --specs=nano.specs -mfpu=fpv4-sp-d16 -mfloat-abi=hard -mthumb -Wl,--start-group -lc -lm -Wl,--end-group
Finished building target: P_23_RTC_Alarm_Standby.elf
 
arm-none-eabi-size  P_23_RTC_Alarm_Standby.elf 
arm-none-eabi-objdump -h -S P_23_RTC_Alarm_Standby.elf  > "P_23_RTC_Alarm_Standby.list"
   text	   data	    bss	    dec	    hex	filename
  12668	    104	   2008	  14780	   39bc	P_23_RTC_Alarm_Standby.elf
Finished building: default.size.stdout
 
Finished building: P_23_RTC_Alarm_Standby.list
 
18:18:57 **** Incremental Build of configuration Debug for project P_23_RTC_Alarm_Standby ****
make -j4 all 
arm-none-eabi-size  P_23_RTC_Alarm_Standby.elf 
   text	   data	    bss	    dec	    hex	filename
  12668	    104	   2008	  14780	   39bc	P_23_RTC_Alarm_Standby.elf
Finished building: default.size.stdout
 
18:19:37 **** Incremental Build of configuration Debug for project P_23_RTC_Alarm_Standby ****
make -j4 all 
arm-none-eabi-size  P_23_RTC_Alarm_Standby.elf 
   text	   data	    bss	    dec	    hex	filename
  12668	    104	   2008	  14780	   39bc	P_23_RTC_Alarm_Standby.elf
Finished building: default.size.stdout
 
18:22:02 **** Incremental Build of configuration Debug for project P_23_RTC_Alarm_Standby ****
make -j4 all 
arm-none-eabi-size  P_23_RTC_Alarm_Standby.elf 
   text	   data	    bss	    dec	    hex	filename
  12668	    104	   2008	  14780	   39bc	P_23_RTC_Alarm_Standby.elf
Finished building: default.size.stdout
 
